Copyright 1986-2018 Xilinx, Inc. All Rights Reserved.
----------------------------------------------------------------------------------------
| Tool Version : Vivado v.2018.2 (win64) Build 2258646 Thu Jun 14 20:03:12 MDT 2018
| Date         : Sun Dec  9 18:00:03 2018
| Host         : LAPTOP-BJA1B3DR running 64-bit major release  (build 9200)
| Command      : report_control_sets -verbose -file hw6_wrapper_control_sets_placed.rpt
| Design       : hw6_wrapper
| Device       : xc7z020
----------------------------------------------------------------------------------------

Control Set Information

Table of Contents
-----------------
1. Summary
2. Histogram
3. Flip-Flop Distribution
4. Detailed Control Set Information

1. Summary
----------

+----------------------------------------------------------+-------+
|                          Status                          | Count |
+----------------------------------------------------------+-------+
| Number of unique control sets                            |    90 |
| Unused register locations in slices containing registers |    42 |
+----------------------------------------------------------+-------+


2. Histogram
------------

+--------+--------------+
| Fanout | Control Sets |
+--------+--------------+
|      4 |            3 |
|      8 |            7 |
|     12 |            1 |
|     14 |            2 |
|    16+ |           77 |
+--------+--------------+


3. Flip-Flop Distribution
-------------------------

+--------------+-----------------------+------------------------+-----------------+--------------+
| Clock Enable | Synchronous Set/Reset | Asynchronous Set/Reset | Total Registers | Total Slices |
+--------------+-----------------------+------------------------+-----------------+--------------+
| No           | No                    | No                     |             218 |           33 |
| No           | No                    | Yes                    |              18 |            4 |
| No           | Yes                   | No                     |             158 |           29 |
| Yes          | No                    | No                     |             588 |           81 |
| Yes          | No                    | Yes                    |               0 |            0 |
| Yes          | Yes                   | No                     |            1024 |          126 |
+--------------+-----------------------+------------------------+-----------------+--------------+


4. Detailed Control Set Information
-----------------------------------

+--------------------------------------------------------------------+-----------------------------------------------------------------------------------------------------------------------------------------------------------+---------------------------------------------------------------------------------------------------------------------------------------+------------------+----------------+
|                            Clock Signal                            |                                                                       Enable Signal                                                                       |                                                            Set/Reset Signal                                                           | Slice Load Count | Bel Load Count |
+--------------------------------------------------------------------+-----------------------------------------------------------------------------------------------------------------------------------------------------------+---------------------------------------------------------------------------------------------------------------------------------------+------------------+----------------+
| ~hw6_i/processing_system7_0/inst/FCLK_CLK0                         |                                                                                                                                                           | hw6_i/matrix_cal_0/inst/matrix_cal_v1_0_S00_AXI_inst/ctrl/clk_4[1]_i_2_n_0                                                            |                1 |              4 |
|  hw6_i/processing_system7_0/inst/FCLK_CLK0                         | hw6_i/matrix_cal_0/inst/matrix_cal_v1_0_S00_AXI_inst/slv_reg1[7]_i_1_n_0                                                                                  | hw6_i/matrix_cal_0/inst/matrix_cal_v1_0_S00_AXI_inst/axi_awready_i_1_n_0                                                              |                1 |              4 |
|  hw6_i/processing_system7_0/inst/FCLK_CLK0                         | hw6_i/ps7_0_axi_periph/s00_couplers/auto_pc/inst/gen_axilite.gen_b2s_conv.axilite_b2s/WR.b_channel_0/bid_fifo_0/bresp_push                                |                                                                                                                                       |                1 |              4 |
|  hw6_i/processing_system7_0/inst/FCLK_CLK0                         | hw6_i/matrix_cal_0/inst/matrix_cal_v1_0_S00_AXI_inst/axi_awready0                                                                                         | hw6_i/matrix_cal_0/inst/matrix_cal_v1_0_S00_AXI_inst/axi_awready_i_1_n_0                                                              |                1 |              8 |
|  hw6_i/processing_system7_0/inst/FCLK_CLK0                         | hw6_i/ps7_0_axi_periph/s00_couplers/auto_pc/inst/gen_axilite.gen_b2s_conv.axilite_b2s/WR.aw_channel_0/aw_cmd_fsm_0/axaddr_wrap_reg[11][0]                 | hw6_i/ps7_0_axi_periph/s00_couplers/auto_pc/inst/gen_axilite.gen_b2s_conv.axilite_b2s/WR.aw_channel_0/aw_cmd_fsm_0/axlen_cnt_reg[7]_1 |                2 |              8 |
|  hw6_i/processing_system7_0/inst/FCLK_CLK0                         |                                                                                                                                                           | hw6_i/rst_ps7_0_100M/U0/EXT_LPF/lpf_int                                                                                               |                2 |              8 |
|  hw6_i/processing_system7_0/inst/FCLK_CLK0                         |                                                                                                                                                           | hw6_i/ps7_0_axi_periph/s00_couplers/auto_pc/inst/gen_axilite.gen_b2s_conv.axilite_b2s/SI_REG/ar.ar_pipe/m_valid_i_reg_0               |                3 |              8 |
|  hw6_i/processing_system7_0/inst/FCLK_CLK0                         |                                                                                                                                                           | hw6_i/ps7_0_axi_periph/s00_couplers/auto_pc/inst/gen_axilite.gen_b2s_conv.axilite_b2s/SI_REG/aw.aw_pipe/s_ready_i_reg_0               |                3 |              8 |
|  hw6_i/processing_system7_0/inst/FCLK_CLK0                         | hw6_i/ps7_0_axi_periph/s00_couplers/auto_pc/inst/gen_axilite.gen_b2s_conv.axilite_b2s/RD.ar_channel_0/ar_cmd_fsm_0/E[0]                                   | hw6_i/ps7_0_axi_periph/s00_couplers/auto_pc/inst/gen_axilite.gen_b2s_conv.axilite_b2s/RD.ar_channel_0/ar_cmd_fsm_0/axlen_cnt_reg[7]   |                1 |              8 |
|  hw6_i/processing_system7_0/inst/FCLK_CLK0                         | hw6_i/matrix_cal_0/inst/matrix_cal_v1_0_S00_AXI_inst/axi_arready0                                                                                         | hw6_i/matrix_cal_0/inst/matrix_cal_v1_0_S00_AXI_inst/axi_awready_i_1_n_0                                                              |                2 |              8 |
|  hw6_i/processing_system7_0/inst/FCLK_CLK0                         | hw6_i/rst_ps7_0_100M/U0/SEQ/seq_cnt_en                                                                                                                    | hw6_i/rst_ps7_0_100M/U0/SEQ/SEQ_COUNTER/clear                                                                                         |                1 |             12 |
|  hw6_i/processing_system7_0/inst/FCLK_CLK0                         |                                                                                                                                                           | hw6_i/matrix_cal_0/inst/matrix_cal_v1_0_S00_AXI_inst/axi_awready_i_1_n_0                                                              |                5 |             14 |
| ~hw6_i/matrix_cal_0/inst/matrix_cal_v1_0_S00_AXI_inst/ctrl/clk_4_f |                                                                                                                                                           | hw6_i/matrix_cal_0/inst/matrix_cal_v1_0_S00_AXI_inst/ctrl/clk_4[1]_i_2_n_0                                                            |                3 |             14 |
|  hw6_i/processing_system7_0/inst/FCLK_CLK0                         | hw6_i/matrix_cal_0/inst/matrix_cal_v1_0_S00_AXI_inst/slv_reg12[23]_i_1_n_0                                                                                | hw6_i/matrix_cal_0/inst/matrix_cal_v1_0_S00_AXI_inst/axi_awready_i_1_n_0                                                              |                2 |             16 |
|  hw6_i/processing_system7_0/inst/FCLK_CLK0                         | hw6_i/matrix_cal_0/inst/matrix_cal_v1_0_S00_AXI_inst/slv_reg12[31]_i_1_n_0                                                                                | hw6_i/matrix_cal_0/inst/matrix_cal_v1_0_S00_AXI_inst/axi_awready_i_1_n_0                                                              |                1 |             16 |
|  hw6_i/processing_system7_0/inst/FCLK_CLK0                         | hw6_i/matrix_cal_0/inst/matrix_cal_v1_0_S00_AXI_inst/slv_reg12[7]_i_1_n_0                                                                                 | hw6_i/matrix_cal_0/inst/matrix_cal_v1_0_S00_AXI_inst/axi_awready_i_1_n_0                                                              |                2 |             16 |
|  hw6_i/processing_system7_0/inst/FCLK_CLK0                         | hw6_i/matrix_cal_0/inst/matrix_cal_v1_0_S00_AXI_inst/slv_reg13[15]_i_1_n_0                                                                                | hw6_i/matrix_cal_0/inst/matrix_cal_v1_0_S00_AXI_inst/axi_awready_i_1_n_0                                                              |                1 |             16 |
|  hw6_i/processing_system7_0/inst/FCLK_CLK0                         | hw6_i/matrix_cal_0/inst/matrix_cal_v1_0_S00_AXI_inst/slv_reg10[15]_i_1_n_0                                                                                | hw6_i/matrix_cal_0/inst/matrix_cal_v1_0_S00_AXI_inst/axi_awready_i_1_n_0                                                              |                2 |             16 |
|  hw6_i/processing_system7_0/inst/FCLK_CLK0                         | hw6_i/matrix_cal_0/inst/matrix_cal_v1_0_S00_AXI_inst/slv_reg10[31]_i_1_n_0                                                                                | hw6_i/matrix_cal_0/inst/matrix_cal_v1_0_S00_AXI_inst/axi_awready_i_1_n_0                                                              |                1 |             16 |
|  hw6_i/processing_system7_0/inst/FCLK_CLK0                         | hw6_i/matrix_cal_0/inst/matrix_cal_v1_0_S00_AXI_inst/slv_reg10[23]_i_1_n_0                                                                                | hw6_i/matrix_cal_0/inst/matrix_cal_v1_0_S00_AXI_inst/axi_awready_i_1_n_0                                                              |                1 |             16 |
|  hw6_i/processing_system7_0/inst/FCLK_CLK0                         | hw6_i/matrix_cal_0/inst/matrix_cal_v1_0_S00_AXI_inst/slv_reg10[7]_i_1_n_0                                                                                 | hw6_i/matrix_cal_0/inst/matrix_cal_v1_0_S00_AXI_inst/axi_awready_i_1_n_0                                                              |                1 |             16 |
|  hw6_i/processing_system7_0/inst/FCLK_CLK0                         | hw6_i/matrix_cal_0/inst/matrix_cal_v1_0_S00_AXI_inst/slv_reg11[15]_i_1_n_0                                                                                | hw6_i/matrix_cal_0/inst/matrix_cal_v1_0_S00_AXI_inst/axi_awready_i_1_n_0                                                              |                2 |             16 |
|  hw6_i/processing_system7_0/inst/FCLK_CLK0                         | hw6_i/matrix_cal_0/inst/matrix_cal_v1_0_S00_AXI_inst/slv_reg11[23]_i_1_n_0                                                                                | hw6_i/matrix_cal_0/inst/matrix_cal_v1_0_S00_AXI_inst/axi_awready_i_1_n_0                                                              |                1 |             16 |
|  hw6_i/processing_system7_0/inst/FCLK_CLK0                         | hw6_i/matrix_cal_0/inst/matrix_cal_v1_0_S00_AXI_inst/slv_reg11[31]_i_1_n_0                                                                                | hw6_i/matrix_cal_0/inst/matrix_cal_v1_0_S00_AXI_inst/axi_awready_i_1_n_0                                                              |                2 |             16 |
|  hw6_i/processing_system7_0/inst/FCLK_CLK0                         | hw6_i/matrix_cal_0/inst/matrix_cal_v1_0_S00_AXI_inst/slv_reg11[7]_i_1_n_0                                                                                 | hw6_i/matrix_cal_0/inst/matrix_cal_v1_0_S00_AXI_inst/axi_awready_i_1_n_0                                                              |                2 |             16 |
|  hw6_i/processing_system7_0/inst/FCLK_CLK0                         | hw6_i/matrix_cal_0/inst/matrix_cal_v1_0_S00_AXI_inst/slv_reg12[15]_i_1_n_0                                                                                | hw6_i/matrix_cal_0/inst/matrix_cal_v1_0_S00_AXI_inst/axi_awready_i_1_n_0                                                              |                2 |             16 |
|  hw6_i/processing_system7_0/inst/FCLK_CLK0                         | hw6_i/matrix_cal_0/inst/matrix_cal_v1_0_S00_AXI_inst/slv_reg3[7]_i_1_n_0                                                                                  | hw6_i/matrix_cal_0/inst/matrix_cal_v1_0_S00_AXI_inst/axi_awready_i_1_n_0                                                              |                3 |             16 |
|  hw6_i/processing_system7_0/inst/FCLK_CLK0                         | hw6_i/matrix_cal_0/inst/matrix_cal_v1_0_S00_AXI_inst/slv_reg14[31]_i_1_n_0                                                                                | hw6_i/matrix_cal_0/inst/matrix_cal_v1_0_S00_AXI_inst/axi_awready_i_1_n_0                                                              |                1 |             16 |
|  hw6_i/processing_system7_0/inst/FCLK_CLK0                         | hw6_i/matrix_cal_0/inst/matrix_cal_v1_0_S00_AXI_inst/slv_reg15[7]_i_1_n_0                                                                                 | hw6_i/matrix_cal_0/inst/matrix_cal_v1_0_S00_AXI_inst/axi_awready_i_1_n_0                                                              |                2 |             16 |
|  hw6_i/processing_system7_0/inst/FCLK_CLK0                         | hw6_i/matrix_cal_0/inst/matrix_cal_v1_0_S00_AXI_inst/slv_reg4[23]_i_1_n_0                                                                                 | hw6_i/matrix_cal_0/inst/matrix_cal_v1_0_S00_AXI_inst/axi_awready_i_1_n_0                                                              |                1 |             16 |
|  hw6_i/processing_system7_0/inst/FCLK_CLK0                         | hw6_i/matrix_cal_0/inst/matrix_cal_v1_0_S00_AXI_inst/slv_reg4[31]_i_1_n_0                                                                                 | hw6_i/matrix_cal_0/inst/matrix_cal_v1_0_S00_AXI_inst/axi_awready_i_1_n_0                                                              |                1 |             16 |
|  hw6_i/processing_system7_0/inst/FCLK_CLK0                         | hw6_i/matrix_cal_0/inst/matrix_cal_v1_0_S00_AXI_inst/slv_reg5[15]_i_1_n_0                                                                                 | hw6_i/matrix_cal_0/inst/matrix_cal_v1_0_S00_AXI_inst/axi_awready_i_1_n_0                                                              |                2 |             16 |
|  hw6_i/processing_system7_0/inst/FCLK_CLK0                         | hw6_i/matrix_cal_0/inst/matrix_cal_v1_0_S00_AXI_inst/slv_reg5[31]_i_1_n_0                                                                                 | hw6_i/matrix_cal_0/inst/matrix_cal_v1_0_S00_AXI_inst/axi_awready_i_1_n_0                                                              |                3 |             16 |
|  hw6_i/processing_system7_0/inst/FCLK_CLK0                         | hw6_i/matrix_cal_0/inst/matrix_cal_v1_0_S00_AXI_inst/slv_reg6[15]_i_1_n_0                                                                                 | hw6_i/matrix_cal_0/inst/matrix_cal_v1_0_S00_AXI_inst/axi_awready_i_1_n_0                                                              |                2 |             16 |
|  hw6_i/processing_system7_0/inst/FCLK_CLK0                         | hw6_i/matrix_cal_0/inst/matrix_cal_v1_0_S00_AXI_inst/slv_reg7[15]_i_1_n_0                                                                                 | hw6_i/matrix_cal_0/inst/matrix_cal_v1_0_S00_AXI_inst/axi_awready_i_1_n_0                                                              |                1 |             16 |
|  hw6_i/processing_system7_0/inst/FCLK_CLK0                         | hw6_i/matrix_cal_0/inst/matrix_cal_v1_0_S00_AXI_inst/slv_reg14[7]_i_1_n_0                                                                                 | hw6_i/matrix_cal_0/inst/matrix_cal_v1_0_S00_AXI_inst/axi_awready_i_1_n_0                                                              |                4 |             16 |
|  hw6_i/processing_system7_0/inst/FCLK_CLK0                         | hw6_i/matrix_cal_0/inst/matrix_cal_v1_0_S00_AXI_inst/slv_reg9[7]_i_1_n_0                                                                                  | hw6_i/matrix_cal_0/inst/matrix_cal_v1_0_S00_AXI_inst/axi_awready_i_1_n_0                                                              |                3 |             16 |
|  hw6_i/processing_system7_0/inst/FCLK_CLK0                         | hw6_i/matrix_cal_0/inst/matrix_cal_v1_0_S00_AXI_inst/slv_reg3[23]_i_1_n_0                                                                                 | hw6_i/matrix_cal_0/inst/matrix_cal_v1_0_S00_AXI_inst/axi_awready_i_1_n_0                                                              |                1 |             16 |
|  hw6_i/processing_system7_0/inst/FCLK_CLK0                         | hw6_i/matrix_cal_0/inst/matrix_cal_v1_0_S00_AXI_inst/slv_reg15[15]_i_1_n_0                                                                                | hw6_i/matrix_cal_0/inst/matrix_cal_v1_0_S00_AXI_inst/axi_awready_i_1_n_0                                                              |                2 |             16 |
|  hw6_i/processing_system7_0/inst/FCLK_CLK0                         | hw6_i/matrix_cal_0/inst/matrix_cal_v1_0_S00_AXI_inst/slv_reg6[7]_i_1_n_0                                                                                  | hw6_i/matrix_cal_0/inst/matrix_cal_v1_0_S00_AXI_inst/axi_awready_i_1_n_0                                                              |                2 |             16 |
|  hw6_i/processing_system7_0/inst/FCLK_CLK0                         | hw6_i/matrix_cal_0/inst/matrix_cal_v1_0_S00_AXI_inst/slv_reg9[23]_i_1_n_0                                                                                 | hw6_i/matrix_cal_0/inst/matrix_cal_v1_0_S00_AXI_inst/axi_awready_i_1_n_0                                                              |                1 |             16 |
|  hw6_i/processing_system7_0/inst/FCLK_CLK0                         | hw6_i/matrix_cal_0/inst/matrix_cal_v1_0_S00_AXI_inst/slv_reg5[7]_i_1_n_0                                                                                  | hw6_i/matrix_cal_0/inst/matrix_cal_v1_0_S00_AXI_inst/axi_awready_i_1_n_0                                                              |                1 |             16 |
|  hw6_i/processing_system7_0/inst/FCLK_CLK0                         | hw6_i/matrix_cal_0/inst/matrix_cal_v1_0_S00_AXI_inst/slv_reg9[31]_i_1_n_0                                                                                 | hw6_i/matrix_cal_0/inst/matrix_cal_v1_0_S00_AXI_inst/axi_awready_i_1_n_0                                                              |                1 |             16 |
|  hw6_i/processing_system7_0/inst/FCLK_CLK0                         | hw6_i/matrix_cal_0/inst/matrix_cal_v1_0_S00_AXI_inst/slv_reg4[7]_i_1_n_0                                                                                  | hw6_i/matrix_cal_0/inst/matrix_cal_v1_0_S00_AXI_inst/axi_awready_i_1_n_0                                                              |                2 |             16 |
|  hw6_i/processing_system7_0/inst/FCLK_CLK0                         | hw6_i/matrix_cal_0/inst/matrix_cal_v1_0_S00_AXI_inst/slv_reg6[23]_i_1_n_0                                                                                 | hw6_i/matrix_cal_0/inst/matrix_cal_v1_0_S00_AXI_inst/axi_awready_i_1_n_0                                                              |                2 |             16 |
|  hw6_i/processing_system7_0/inst/FCLK_CLK0                         | hw6_i/matrix_cal_0/inst/matrix_cal_v1_0_S00_AXI_inst/slv_reg15[23]_i_1_n_0                                                                                | hw6_i/matrix_cal_0/inst/matrix_cal_v1_0_S00_AXI_inst/axi_awready_i_1_n_0                                                              |                2 |             16 |
|  hw6_i/processing_system7_0/inst/FCLK_CLK0                         | hw6_i/matrix_cal_0/inst/matrix_cal_v1_0_S00_AXI_inst/slv_reg14[23]_i_1_n_0                                                                                | hw6_i/matrix_cal_0/inst/matrix_cal_v1_0_S00_AXI_inst/axi_awready_i_1_n_0                                                              |                1 |             16 |
|  hw6_i/processing_system7_0/inst/FCLK_CLK0                         | hw6_i/matrix_cal_0/inst/matrix_cal_v1_0_S00_AXI_inst/slv_reg5[23]_i_1_n_0                                                                                 | hw6_i/matrix_cal_0/inst/matrix_cal_v1_0_S00_AXI_inst/axi_awready_i_1_n_0                                                              |                1 |             16 |
|  hw6_i/processing_system7_0/inst/FCLK_CLK0                         | hw6_i/matrix_cal_0/inst/matrix_cal_v1_0_S00_AXI_inst/slv_reg8[15]_i_1_n_0                                                                                 | hw6_i/matrix_cal_0/inst/matrix_cal_v1_0_S00_AXI_inst/axi_awready_i_1_n_0                                                              |                1 |             16 |
|  hw6_i/processing_system7_0/inst/FCLK_CLK0                         | hw6_i/matrix_cal_0/inst/matrix_cal_v1_0_S00_AXI_inst/slv_reg6[31]_i_1_n_0                                                                                 | hw6_i/matrix_cal_0/inst/matrix_cal_v1_0_S00_AXI_inst/axi_awready_i_1_n_0                                                              |                2 |             16 |
|  hw6_i/processing_system7_0/inst/FCLK_CLK0                         | hw6_i/matrix_cal_0/inst/matrix_cal_v1_0_S00_AXI_inst/slv_reg4[15]_i_1_n_0                                                                                 | hw6_i/matrix_cal_0/inst/matrix_cal_v1_0_S00_AXI_inst/axi_awready_i_1_n_0                                                              |                2 |             16 |
|  hw6_i/processing_system7_0/inst/FCLK_CLK0                         | hw6_i/matrix_cal_0/inst/matrix_cal_v1_0_S00_AXI_inst/slv_reg7[7]_i_1_n_0                                                                                  | hw6_i/matrix_cal_0/inst/matrix_cal_v1_0_S00_AXI_inst/axi_awready_i_1_n_0                                                              |                2 |             16 |
|  hw6_i/processing_system7_0/inst/FCLK_CLK0                         | hw6_i/matrix_cal_0/inst/matrix_cal_v1_0_S00_AXI_inst/slv_reg7[31]_i_1_n_0                                                                                 | hw6_i/matrix_cal_0/inst/matrix_cal_v1_0_S00_AXI_inst/axi_awready_i_1_n_0                                                              |                1 |             16 |
|  hw6_i/processing_system7_0/inst/FCLK_CLK0                         | hw6_i/matrix_cal_0/inst/matrix_cal_v1_0_S00_AXI_inst/slv_reg15[31]_i_1_n_0                                                                                | hw6_i/matrix_cal_0/inst/matrix_cal_v1_0_S00_AXI_inst/axi_awready_i_1_n_0                                                              |                2 |             16 |
|  hw6_i/processing_system7_0/inst/FCLK_CLK0                         | hw6_i/matrix_cal_0/inst/matrix_cal_v1_0_S00_AXI_inst/slv_reg13[7]_i_1_n_0                                                                                 | hw6_i/matrix_cal_0/inst/matrix_cal_v1_0_S00_AXI_inst/axi_awready_i_1_n_0                                                              |                2 |             16 |
|  hw6_i/processing_system7_0/inst/FCLK_CLK0                         | hw6_i/matrix_cal_0/inst/matrix_cal_v1_0_S00_AXI_inst/slv_reg3[15]_i_1_n_0                                                                                 | hw6_i/matrix_cal_0/inst/matrix_cal_v1_0_S00_AXI_inst/axi_awready_i_1_n_0                                                              |                2 |             16 |
|  hw6_i/processing_system7_0/inst/FCLK_CLK0                         | hw6_i/matrix_cal_0/inst/matrix_cal_v1_0_S00_AXI_inst/slv_reg8[23]_i_1_n_0                                                                                 | hw6_i/matrix_cal_0/inst/matrix_cal_v1_0_S00_AXI_inst/axi_awready_i_1_n_0                                                              |                2 |             16 |
|  hw6_i/processing_system7_0/inst/FCLK_CLK0                         | hw6_i/matrix_cal_0/inst/matrix_cal_v1_0_S00_AXI_inst/slv_reg8[31]_i_1_n_0                                                                                 | hw6_i/matrix_cal_0/inst/matrix_cal_v1_0_S00_AXI_inst/axi_awready_i_1_n_0                                                              |                3 |             16 |
|  hw6_i/processing_system7_0/inst/FCLK_CLK0                         | hw6_i/matrix_cal_0/inst/matrix_cal_v1_0_S00_AXI_inst/slv_reg7[23]_i_1_n_0                                                                                 | hw6_i/matrix_cal_0/inst/matrix_cal_v1_0_S00_AXI_inst/axi_awready_i_1_n_0                                                              |                2 |             16 |
|  hw6_i/processing_system7_0/inst/FCLK_CLK0                         | hw6_i/matrix_cal_0/inst/matrix_cal_v1_0_S00_AXI_inst/slv_reg9[15]_i_1_n_0                                                                                 | hw6_i/matrix_cal_0/inst/matrix_cal_v1_0_S00_AXI_inst/axi_awready_i_1_n_0                                                              |                2 |             16 |
|  hw6_i/processing_system7_0/inst/FCLK_CLK0                         | hw6_i/matrix_cal_0/inst/matrix_cal_v1_0_S00_AXI_inst/slv_reg13[23]_i_1_n_0                                                                                | hw6_i/matrix_cal_0/inst/matrix_cal_v1_0_S00_AXI_inst/axi_awready_i_1_n_0                                                              |                2 |             16 |
|  hw6_i/processing_system7_0/inst/FCLK_CLK0                         | hw6_i/matrix_cal_0/inst/matrix_cal_v1_0_S00_AXI_inst/slv_reg13[31]_i_1_n_0                                                                                | hw6_i/matrix_cal_0/inst/matrix_cal_v1_0_S00_AXI_inst/axi_awready_i_1_n_0                                                              |                2 |             16 |
|  hw6_i/processing_system7_0/inst/FCLK_CLK0                         | hw6_i/matrix_cal_0/inst/matrix_cal_v1_0_S00_AXI_inst/slv_reg3[31]_i_1_n_0                                                                                 | hw6_i/matrix_cal_0/inst/matrix_cal_v1_0_S00_AXI_inst/axi_awready_i_1_n_0                                                              |                1 |             16 |
|  hw6_i/processing_system7_0/inst/FCLK_CLK0                         | hw6_i/matrix_cal_0/inst/matrix_cal_v1_0_S00_AXI_inst/slv_reg8[7]_i_1_n_0                                                                                  | hw6_i/matrix_cal_0/inst/matrix_cal_v1_0_S00_AXI_inst/axi_awready_i_1_n_0                                                              |                2 |             16 |
|  hw6_i/processing_system7_0/inst/FCLK_CLK0                         | hw6_i/matrix_cal_0/inst/matrix_cal_v1_0_S00_AXI_inst/slv_reg14[15]_i_1_n_0                                                                                | hw6_i/matrix_cal_0/inst/matrix_cal_v1_0_S00_AXI_inst/axi_awready_i_1_n_0                                                              |                2 |             16 |
|  hw6_i/processing_system7_0/inst/FCLK_CLK0                         | hw6_i/matrix_cal_0/inst/matrix_cal_v1_0_S00_AXI_inst/p_1_in[7]                                                                                            | hw6_i/matrix_cal_0/inst/matrix_cal_v1_0_S00_AXI_inst/axi_awready_i_1_n_0                                                              |                3 |             16 |
|  hw6_i/processing_system7_0/inst/FCLK_CLK0                         | hw6_i/matrix_cal_0/inst/matrix_cal_v1_0_S00_AXI_inst/p_1_in[15]                                                                                           | hw6_i/matrix_cal_0/inst/matrix_cal_v1_0_S00_AXI_inst/axi_awready_i_1_n_0                                                              |                1 |             16 |
|  hw6_i/processing_system7_0/inst/FCLK_CLK0                         | hw6_i/matrix_cal_0/inst/matrix_cal_v1_0_S00_AXI_inst/p_1_in[31]                                                                                           | hw6_i/matrix_cal_0/inst/matrix_cal_v1_0_S00_AXI_inst/axi_awready_i_1_n_0                                                              |                2 |             16 |
|  hw6_i/processing_system7_0/inst/FCLK_CLK0                         | hw6_i/ps7_0_axi_periph/s00_couplers/auto_pc/inst/gen_axilite.gen_b2s_conv.axilite_b2s/WR.aw_channel_0/aw_cmd_fsm_0/E[0]                                   |                                                                                                                                       |                3 |             16 |
|  hw6_i/processing_system7_0/inst/FCLK_CLK0                         | hw6_i/ps7_0_axi_periph/s00_couplers/auto_pc/inst/gen_axilite.gen_b2s_conv.axilite_b2s/WR.aw_channel_0/cmd_translator_0/incr_cmd_0/axaddr_incr[11]_i_1_n_0 |                                                                                                                                       |                2 |             16 |
|  hw6_i/processing_system7_0/inst/FCLK_CLK0                         | hw6_i/matrix_cal_0/inst/matrix_cal_v1_0_S00_AXI_inst/p_1_in[23]                                                                                           | hw6_i/matrix_cal_0/inst/matrix_cal_v1_0_S00_AXI_inst/axi_awready_i_1_n_0                                                              |                1 |             16 |
|  hw6_i/processing_system7_0/inst/FCLK_CLK0                         | hw6_i/ps7_0_axi_periph/s00_couplers/auto_pc/inst/gen_axilite.gen_b2s_conv.axilite_b2s/RD.ar_channel_0/ar_cmd_fsm_0/wrap_boundary_axaddr_r_reg[11][0]      |                                                                                                                                       |                3 |             16 |
|  hw6_i/processing_system7_0/inst/FCLK_CLK0                         | hw6_i/ps7_0_axi_periph/s00_couplers/auto_pc/inst/gen_axilite.gen_b2s_conv.axilite_b2s/RD.ar_channel_0/ar_cmd_fsm_0/axaddr_incr_reg[0][0]                  |                                                                                                                                       |                2 |             16 |
|  hw6_i/processing_system7_0/inst/FCLK_CLK0                         | hw6_i/ps7_0_axi_periph/s00_couplers/auto_pc/inst/gen_axilite.gen_b2s_conv.axilite_b2s/WR.b_channel_0/mhandshake_r                                         | hw6_i/ps7_0_axi_periph/s00_couplers/auto_pc/inst/gen_axilite.gen_b2s_conv.axilite_b2s/WR.b_channel_0/bid_fifo_0/SR[0]                 |                2 |             16 |
|  hw6_i/processing_system7_0/inst/FCLK_CLK0                         | hw6_i/ps7_0_axi_periph/s00_couplers/auto_pc/inst/gen_axilite.gen_b2s_conv.axilite_b2s/RD.r_channel_0/r_push_r                                             |                                                                                                                                       |                4 |             26 |
|  hw6_i/processing_system7_0/inst/FCLK_CLK0                         | hw6_i/ps7_0_axi_periph/s00_couplers/auto_pc/inst/gen_axilite.gen_b2s_conv.axilite_b2s/SI_REG/b.b_pipe/p_1_in                                              |                                                                                                                                       |                5 |             28 |
|  hw6_i/processing_system7_0/inst/FCLK_CLK0                         | hw6_i/ps7_0_axi_periph/s00_couplers/auto_pc/inst/gen_axilite.gen_b2s_conv.axilite_b2s/SI_REG/b.b_pipe/skid_buffer_reg[0]_0                                |                                                                                                                                       |                4 |             28 |
|  hw6_i/processing_system7_0/inst/FCLK_CLK0                         | hw6_i/ps7_0_axi_periph/s00_couplers/auto_pc/inst/gen_axilite.gen_b2s_conv.axilite_b2s/WR.aw_channel_0/aw_cmd_fsm_0/b_push                                 |                                                                                                                                       |                3 |             32 |
|  hw6_i/processing_system7_0/inst/FCLK_CLK0                         | hw6_i/ps7_0_axi_periph/s00_couplers/auto_pc/inst/gen_axilite.gen_b2s_conv.axilite_b2s/WR.aw_channel_0/aw_cmd_fsm_0/axaddr_wrap_reg[11][0]                 |                                                                                                                                       |                6 |             32 |
|  hw6_i/processing_system7_0/inst/FCLK_CLK0                         | hw6_i/ps7_0_axi_periph/s00_couplers/auto_pc/inst/gen_axilite.gen_b2s_conv.axilite_b2s/RD.ar_channel_0/ar_cmd_fsm_0/E[0]                                   |                                                                                                                                       |                6 |             32 |
|  hw6_i/processing_system7_0/inst/FCLK_CLK0                         | hw6_i/ps7_0_axi_periph/s00_couplers/auto_pc/inst/gen_axilite.gen_b2s_conv.axilite_b2s/RD.ar_channel_0/ar_cmd_fsm_0/m_payload_i_reg[0]_1[0]                |                                                                                                                                       |                5 |             56 |
|  hw6_i/processing_system7_0/inst/FCLK_CLK0                         | hw6_i/ps7_0_axi_periph/s00_couplers/auto_pc/inst/gen_axilite.gen_b2s_conv.axilite_b2s/SI_REG/ar.ar_pipe/s_axi_arready                                     |                                                                                                                                       |                6 |             56 |
|  hw6_i/processing_system7_0/inst/FCLK_CLK0                         | hw6_i/ps7_0_axi_periph/s00_couplers/auto_pc/inst/gen_axilite.gen_b2s_conv.axilite_b2s/SI_REG/aw.aw_pipe/s_axi_awready                                     |                                                                                                                                       |                7 |             56 |
|  hw6_i/processing_system7_0/inst/FCLK_CLK0                         | hw6_i/ps7_0_axi_periph/s00_couplers/auto_pc/inst/gen_axilite.gen_b2s_conv.axilite_b2s/WR.aw_channel_0/aw_cmd_fsm_0/m_payload_i_reg[0][0]                  |                                                                                                                                       |                7 |             56 |
|  hw6_i/processing_system7_0/inst/FCLK_CLK0                         | hw6_i/ps7_0_axi_periph/s00_couplers/auto_pc/inst/gen_axilite.gen_b2s_conv.axilite_b2s/RD.r_channel_0/rd_data_fifo_0/wr_en0                                |                                                                                                                                       |                9 |             64 |
|  hw6_i/processing_system7_0/inst/FCLK_CLK0                         | hw6_i/matrix_cal_0/inst/matrix_cal_v1_0_S00_AXI_inst/slv_reg_rden__0                                                                                      | hw6_i/matrix_cal_0/inst/matrix_cal_v1_0_S00_AXI_inst/axi_awready_i_1_n_0                                                              |               18 |             64 |
|  hw6_i/processing_system7_0/inst/FCLK_CLK0                         | hw6_i/ps7_0_axi_periph/s00_couplers/auto_pc/inst/gen_axilite.gen_b2s_conv.axilite_b2s/SI_REG/r.r_pipe/p_1_in                                              |                                                                                                                                       |               14 |             90 |
|  hw6_i/processing_system7_0/inst/FCLK_CLK0                         | hw6_i/ps7_0_axi_periph/s00_couplers/auto_pc/inst/gen_axilite.gen_b2s_conv.axilite_b2s/SI_REG/r.r_pipe/skid_buffer_reg[0]_0                                |                                                                                                                                       |               11 |             90 |
|  hw6_i/processing_system7_0/inst/FCLK_CLK0                         |                                                                                                                                                           | hw6_i/ps7_0_axi_periph/s00_couplers/auto_pc/inst/gen_axilite.gen_b2s_conv.axilite_b2s/areset_d1                                       |               16 |            120 |
|  hw6_i/processing_system7_0/inst/FCLK_CLK0                         |                                                                                                                                                           |                                                                                                                                       |               34 |            220 |
+--------------------------------------------------------------------+-----------------------------------------------------------------------------------------------------------------------------------------------------------+---------------------------------------------------------------------------------------------------------------------------------------+------------------+----------------+


