
*** Running vivado
    with args -log hw6_matrix_cal_0_0.vds -m64 -product Vivado -mode batch -messageDb vivado.pb -notrace -source hw6_matrix_cal_0_0.tcl


****** Vivado v2018.2 (64-bit)
  **** SW Build 2258646 on Thu Jun 14 20:03:12 MDT 2018
  **** IP Build 2256618 on Thu Jun 14 22:10:49 MDT 2018
    ** Copyright 1986-2018 Xilinx, Inc. All Rights Reserved.

source hw6_matrix_cal_0_0.tcl -notrace
Command: synth_design -top hw6_matrix_cal_0_0 -part xc7z020clg400-1 -mode out_of_context
Starting synth_design
Attempting to get a license for feature 'Synthesis' and/or device 'xc7z020'
INFO: [Common 17-349] Got license for feature 'Synthesis' and/or device 'xc7z020'
INFO: Launching helper process for spawning children vivado processes
INFO: Helper process launched with PID 200368 
---------------------------------------------------------------------------------
Starting RTL Elaboration : Time (s): cpu = 00:00:03 ; elapsed = 00:00:04 . Memory (MB): peak = 388.500 ; gain = 96.770
---------------------------------------------------------------------------------
INFO: [Synth 8-6157] synthesizing module 'hw6_matrix_cal_0_0' [c:/Users/Leo/Desktop/FPGA/HW6/HW6.srcs/sources_1/bd/hw6/ip/hw6_matrix_cal_0_0/synth/hw6_matrix_cal_0_0.v:57]
INFO: [Synth 8-6157] synthesizing module 'matrix_cal_v1_0' [c:/Users/Leo/Desktop/FPGA/HW6/HW6.srcs/sources_1/bd/hw6/ipshared/d7f2/hdl/matrix_cal_v1_0.v:4]
	Parameter C_S00_AXI_DATA_WIDTH bound to: 32 - type: integer 
	Parameter C_S00_AXI_ADDR_WIDTH bound to: 6 - type: integer 
INFO: [Synth 8-6157] synthesizing module 'matrix_cal_v1_0_S00_AXI' [c:/Users/Leo/Desktop/FPGA/HW6/HW6.srcs/sources_1/bd/hw6/ipshared/d7f2/hdl/matrix_cal_v1_0_S00_AXI.v:4]
	Parameter C_S_AXI_DATA_WIDTH bound to: 32 - type: integer 
	Parameter C_S_AXI_ADDR_WIDTH bound to: 6 - type: integer 
	Parameter ADDR_LSB bound to: 2 - type: integer 
	Parameter OPT_MEM_ADDR_BITS bound to: 3 - type: integer 
INFO: [Synth 8-226] default block is never used [c:/Users/Leo/Desktop/FPGA/HW6/HW6.srcs/sources_1/bd/hw6/ipshared/d7f2/hdl/matrix_cal_v1_0_S00_AXI.v:255]
INFO: [Synth 8-226] default block is never used [c:/Users/Leo/Desktop/FPGA/HW6/HW6.srcs/sources_1/bd/hw6/ipshared/d7f2/hdl/matrix_cal_v1_0_S00_AXI.v:492]
INFO: [Synth 8-6157] synthesizing module 'memory_ctrl' [c:/Users/Leo/Desktop/FPGA/HW6/HW6.srcs/sources_1/bd/hw6/ipshared/d7f2/src/memory_ctrl.v:1]
INFO: [Synth 8-6157] synthesizing module 'mem256X8' [c:/Users/Leo/Desktop/FPGA/HW6/HW6.srcs/sources_1/bd/hw6/ipshared/d7f2/src/mem256X8.v:1]
INFO: [Synth 8-6155] done synthesizing module 'mem256X8' (1#1) [c:/Users/Leo/Desktop/FPGA/HW6/HW6.srcs/sources_1/bd/hw6/ipshared/d7f2/src/mem256X8.v:1]
INFO: [Synth 8-6155] done synthesizing module 'memory_ctrl' (2#1) [c:/Users/Leo/Desktop/FPGA/HW6/HW6.srcs/sources_1/bd/hw6/ipshared/d7f2/src/memory_ctrl.v:1]
WARNING: [Synth 8-689] width (6) of port connection 'inter_counter' does not match port width (5) of module 'memory_ctrl' [c:/Users/Leo/Desktop/FPGA/HW6/HW6.srcs/sources_1/bd/hw6/ipshared/d7f2/hdl/matrix_cal_v1_0_S00_AXI.v:550]
INFO: [Synth 8-6157] synthesizing module 'interfere' [c:/Users/Leo/Desktop/FPGA/HW6/HW6.srcs/sources_1/bd/hw6/ipshared/d7f2/src/interfere.v:1]
WARNING: [Synth 8-3848] Net A5 in module/entity interfere does not have driver. [c:/Users/Leo/Desktop/FPGA/HW6/HW6.srcs/sources_1/bd/hw6/ipshared/d7f2/src/interfere.v:10]
INFO: [Synth 8-6155] done synthesizing module 'interfere' (3#1) [c:/Users/Leo/Desktop/FPGA/HW6/HW6.srcs/sources_1/bd/hw6/ipshared/d7f2/src/interfere.v:1]
WARNING: [Synth 8-689] width (6) of port connection 'count' does not match port width (5) of module 'interfere' [c:/Users/Leo/Desktop/FPGA/HW6/HW6.srcs/sources_1/bd/hw6/ipshared/d7f2/hdl/matrix_cal_v1_0_S00_AXI.v:560]
INFO: [Synth 8-6157] synthesizing module 'processor' [c:/Users/Leo/Desktop/FPGA/HW6/HW6.srcs/sources_1/bd/hw6/ipshared/d7f2/src/processor.v:1]
	Parameter mlt bound to: 3'b000 
	Parameter add bound to: 3'b001 
	Parameter sub bound to: 3'b010 
	Parameter trans bound to: 3'b011 
	Parameter det bound to: 3'b100 
INFO: [Synth 8-6155] done synthesizing module 'processor' (4#1) [c:/Users/Leo/Desktop/FPGA/HW6/HW6.srcs/sources_1/bd/hw6/ipshared/d7f2/src/processor.v:1]
INFO: [Synth 8-6155] done synthesizing module 'matrix_cal_v1_0_S00_AXI' (5#1) [c:/Users/Leo/Desktop/FPGA/HW6/HW6.srcs/sources_1/bd/hw6/ipshared/d7f2/hdl/matrix_cal_v1_0_S00_AXI.v:4]
INFO: [Synth 8-6155] done synthesizing module 'matrix_cal_v1_0' (6#1) [c:/Users/Leo/Desktop/FPGA/HW6/HW6.srcs/sources_1/bd/hw6/ipshared/d7f2/hdl/matrix_cal_v1_0.v:4]
INFO: [Synth 8-6155] done synthesizing module 'hw6_matrix_cal_0_0' (7#1) [c:/Users/Leo/Desktop/FPGA/HW6/HW6.srcs/sources_1/bd/hw6/ip/hw6_matrix_cal_0_0/synth/hw6_matrix_cal_0_0.v:57]
WARNING: [Synth 8-3331] design processor has unconnected port op[7]
WARNING: [Synth 8-3331] design processor has unconnected port op[6]
WARNING: [Synth 8-3331] design processor has unconnected port op[5]
WARNING: [Synth 8-3331] design processor has unconnected port op[4]
WARNING: [Synth 8-3331] design processor has unconnected port op[3]
WARNING: [Synth 8-3331] design interfere has unconnected port A5[7]
WARNING: [Synth 8-3331] design interfere has unconnected port A5[6]
WARNING: [Synth 8-3331] design interfere has unconnected port A5[5]
WARNING: [Synth 8-3331] design interfere has unconnected port A5[4]
WARNING: [Synth 8-3331] design interfere has unconnected port A5[3]
WARNING: [Synth 8-3331] design interfere has unconnected port A5[2]
WARNING: [Synth 8-3331] design interfere has unconnected port A5[1]
WARNING: [Synth 8-3331] design interfere has unconnected port A5[0]
WARNING: [Synth 8-3331] design memory_ctrl has unconnected port cmd[7]
WARNING: [Synth 8-3331] design memory_ctrl has unconnected port cmd[6]
WARNING: [Synth 8-3331] design memory_ctrl has unconnected port cmd[5]
WARNING: [Synth 8-3331] design memory_ctrl has unconnected port cmd[4]
WARNING: [Synth 8-3331] design memory_ctrl has unconnected port cmd[3]
WARNING: [Synth 8-3331] design memory_ctrl has unconnected port cmd[2]
WARNING: [Synth 8-3331] design matrix_cal_v1_0_S00_AXI has unconnected port S_AXI_AWPROT[2]
WARNING: [Synth 8-3331] design matrix_cal_v1_0_S00_AXI has unconnected port S_AXI_AWPROT[1]
WARNING: [Synth 8-3331] design matrix_cal_v1_0_S00_AXI has unconnected port S_AXI_AWPROT[0]
WARNING: [Synth 8-3331] design matrix_cal_v1_0_S00_AXI has unconnected port S_AXI_ARPROT[2]
WARNING: [Synth 8-3331] design matrix_cal_v1_0_S00_AXI has unconnected port S_AXI_ARPROT[1]
WARNING: [Synth 8-3331] design matrix_cal_v1_0_S00_AXI has unconnected port S_AXI_ARPROT[0]
---------------------------------------------------------------------------------
Finished RTL Elaboration : Time (s): cpu = 00:00:05 ; elapsed = 00:00:06 . Memory (MB): peak = 444.305 ; gain = 152.574
---------------------------------------------------------------------------------

Report Check Netlist: 
+------+------------------+-------+---------+-------+------------------+
|      |Item              |Errors |Warnings |Status |Description       |
+------+------------------+-------+---------+-------+------------------+
|1     |multi_driven_nets |      0|        0|Passed |Multi driven nets |
+------+------------------+-------+---------+-------+------------------+
---------------------------------------------------------------------------------
Start Handling Custom Attributes
---------------------------------------------------------------------------------
---------------------------------------------------------------------------------
Finished Handling Custom Attributes : Time (s): cpu = 00:00:05 ; elapsed = 00:00:06 . Memory (MB): peak = 444.305 ; gain = 152.574
---------------------------------------------------------------------------------
---------------------------------------------------------------------------------
Finished RTL Optimization Phase 1 : Time (s): cpu = 00:00:05 ; elapsed = 00:00:06 . Memory (MB): peak = 444.305 ; gain = 152.574
---------------------------------------------------------------------------------
INFO: [Device 21-403] Loading part xc7z020clg400-1
INFO: [Project 1-570] Preparing netlist for logic optimization

Processing XDC Constraints
Initializing timing engine
Parsing XDC File [c:/Users/Leo/Desktop/FPGA/HW6/HW6.srcs/sources_1/bd/hw6/ip/hw6_matrix_cal_0_0/src/ctrl_ooc.xdc] for cell 'inst'
Finished Parsing XDC File [c:/Users/Leo/Desktop/FPGA/HW6/HW6.srcs/sources_1/bd/hw6/ip/hw6_matrix_cal_0_0/src/ctrl_ooc.xdc] for cell 'inst'
Parsing XDC File [C:/Users/Leo/Desktop/FPGA/HW6/HW6.runs/hw6_matrix_cal_0_0_synth_1/dont_touch.xdc]
Finished Parsing XDC File [C:/Users/Leo/Desktop/FPGA/HW6/HW6.runs/hw6_matrix_cal_0_0_synth_1/dont_touch.xdc]
Completed Processing XDC Constraints

INFO: [Project 1-111] Unisim Transformation Summary:
No Unisim elements were transformed.

Constraint Validation Runtime : Time (s): cpu = 00:00:00 ; elapsed = 00:00:00.054 . Memory (MB): peak = 802.656 ; gain = 1.648
---------------------------------------------------------------------------------
Finished Constraint Validation : Time (s): cpu = 00:00:18 ; elapsed = 00:00:21 . Memory (MB): peak = 802.656 ; gain = 510.926
---------------------------------------------------------------------------------
---------------------------------------------------------------------------------
Start Loading Part and Timing Information
---------------------------------------------------------------------------------
Loading part: xc7z020clg400-1
---------------------------------------------------------------------------------
Finished Loading Part and Timing Information : Time (s): cpu = 00:00:18 ; elapsed = 00:00:21 . Memory (MB): peak = 802.656 ; gain = 510.926
---------------------------------------------------------------------------------
---------------------------------------------------------------------------------
Start Applying 'set_property' XDC Constraints
---------------------------------------------------------------------------------
Applied set_property DONT_TOUCH = true for inst. (constraint file  C:/Users/Leo/Desktop/FPGA/HW6/HW6.runs/hw6_matrix_cal_0_0_synth_1/dont_touch.xdc, line 9).
---------------------------------------------------------------------------------
Finished applying 'set_property' XDC Constraints : Time (s): cpu = 00:00:18 ; elapsed = 00:00:21 . Memory (MB): peak = 802.656 ; gain = 510.926
---------------------------------------------------------------------------------
INFO: [Synth 8-5544] ROM "inter_process_write" won't be mapped to Block RAM because address size (3) smaller than threshold (5)
INFO: [Synth 8-5544] ROM "inter_process_read" won't be mapped to Block RAM because address size (3) smaller than threshold (5)
INFO: [Synth 8-5544] ROM "inter_BRAM_write" won't be mapped to Block RAM because address size (3) smaller than threshold (5)
INFO: [Synth 8-5544] ROM "inter_BRAM_read" won't be mapped to Block RAM because address size (3) smaller than threshold (5)
INFO: [Synth 8-5544] ROM "inter_process_write" won't be mapped to Block RAM because address size (3) smaller than threshold (5)
INFO: [Synth 8-5544] ROM "inter_process_read" won't be mapped to Block RAM because address size (3) smaller than threshold (5)
INFO: [Synth 8-5544] ROM "inter_BRAM_write" won't be mapped to Block RAM because address size (3) smaller than threshold (5)
INFO: [Synth 8-5544] ROM "inter_BRAM_read" won't be mapped to Block RAM because address size (3) smaller than threshold (5)
INFO: [Synth 8-5546] ROM "data_reg[18]" won't be mapped to RAM because it is too sparse
INFO: [Synth 8-5546] ROM "data_reg[17]" won't be mapped to RAM because it is too sparse
INFO: [Synth 8-5546] ROM "data_reg[16]" won't be mapped to RAM because it is too sparse
INFO: [Synth 8-5546] ROM "data_reg[15]" won't be mapped to RAM because it is too sparse
INFO: [Synth 8-5546] ROM "data_reg[14]" won't be mapped to RAM because it is too sparse
INFO: [Synth 8-5546] ROM "data_reg[13]" won't be mapped to RAM because it is too sparse
INFO: [Synth 8-5546] ROM "data_reg[12]" won't be mapped to RAM because it is too sparse
INFO: [Synth 8-5546] ROM "data_reg[11]" won't be mapped to RAM because it is too sparse
INFO: [Synth 8-5546] ROM "data_reg[10]" won't be mapped to RAM because it is too sparse
INFO: [Synth 8-5546] ROM "data_reg[9]" won't be mapped to RAM because it is too sparse
INFO: [Synth 8-5546] ROM "data_reg[8]" won't be mapped to RAM because it is too sparse
INFO: [Synth 8-5546] ROM "data_reg[7]" won't be mapped to RAM because it is too sparse
INFO: [Synth 8-5546] ROM "data_reg[6]" won't be mapped to RAM because it is too sparse
INFO: [Synth 8-5546] ROM "data_reg[5]" won't be mapped to RAM because it is too sparse
INFO: [Synth 8-5546] ROM "data_reg[4]" won't be mapped to RAM because it is too sparse
INFO: [Synth 8-5546] ROM "data_reg[3]" won't be mapped to RAM because it is too sparse
INFO: [Synth 8-5546] ROM "data_reg[2]" won't be mapped to RAM because it is too sparse
INFO: [Synth 8-5546] ROM "data_reg[1]" won't be mapped to RAM because it is too sparse
INFO: [Synth 8-5546] ROM "data_reg[0]" won't be mapped to RAM because it is too sparse
INFO: [Synth 8-5818] HDL ADVISOR - The operator resource <adder> is shared. To prevent sharing consider applying a KEEP on the output of the operator [c:/Users/Leo/Desktop/FPGA/HW6/HW6.srcs/sources_1/bd/hw6/ipshared/d7f2/src/processor.v:27]
INFO: [Synth 8-5818] HDL ADVISOR - The operator resource <adder> is shared. To prevent sharing consider applying a KEEP on the output of the operator [c:/Users/Leo/Desktop/FPGA/HW6/HW6.srcs/sources_1/bd/hw6/ipshared/d7f2/src/processor.v:27]
INFO: [Synth 8-5818] HDL ADVISOR - The operator resource <adder> is shared. To prevent sharing consider applying a KEEP on the output of the operator [c:/Users/Leo/Desktop/FPGA/HW6/HW6.srcs/sources_1/bd/hw6/ipshared/d7f2/src/processor.v:27]
INFO: [Synth 8-5818] HDL ADVISOR - The operator resource <adder> is shared. To prevent sharing consider applying a KEEP on the output of the operator [c:/Users/Leo/Desktop/FPGA/HW6/HW6.srcs/sources_1/bd/hw6/ipshared/d7f2/src/processor.v:27]
INFO: [Synth 8-5818] HDL ADVISOR - The operator resource <adder> is shared. To prevent sharing consider applying a KEEP on the output of the operator [c:/Users/Leo/Desktop/FPGA/HW6/HW6.srcs/sources_1/bd/hw6/ipshared/d7f2/src/processor.v:27]
INFO: [Synth 8-5818] HDL ADVISOR - The operator resource <adder> is shared. To prevent sharing consider applying a KEEP on the output of the operator [c:/Users/Leo/Desktop/FPGA/HW6/HW6.srcs/sources_1/bd/hw6/ipshared/d7f2/src/processor.v:27]
INFO: [Synth 8-5818] HDL ADVISOR - The operator resource <adder> is shared. To prevent sharing consider applying a KEEP on the output of the operator [c:/Users/Leo/Desktop/FPGA/HW6/HW6.srcs/sources_1/bd/hw6/ipshared/d7f2/src/processor.v:27]
INFO: [Synth 8-5818] HDL ADVISOR - The operator resource <adder> is shared. To prevent sharing consider applying a KEEP on the output of the operator [c:/Users/Leo/Desktop/FPGA/HW6/HW6.srcs/sources_1/bd/hw6/ipshared/d7f2/src/processor.v:27]
INFO: [Synth 8-5818] HDL ADVISOR - The operator resource <adder> is shared. To prevent sharing consider applying a KEEP on the output of the operator [c:/Users/Leo/Desktop/FPGA/HW6/HW6.srcs/sources_1/bd/hw6/ipshared/d7f2/src/processor.v:27]
WARNING: [Synth 8-327] inferring latch for variable 'C2_reg' [c:/Users/Leo/Desktop/FPGA/HW6/HW6.srcs/sources_1/bd/hw6/ipshared/d7f2/src/processor.v:41]
WARNING: [Synth 8-327] inferring latch for variable 'C3_reg' [c:/Users/Leo/Desktop/FPGA/HW6/HW6.srcs/sources_1/bd/hw6/ipshared/d7f2/src/processor.v:30]
WARNING: [Synth 8-327] inferring latch for variable 'C4_reg' [c:/Users/Leo/Desktop/FPGA/HW6/HW6.srcs/sources_1/bd/hw6/ipshared/d7f2/src/processor.v:31]
WARNING: [Synth 8-327] inferring latch for variable 'C5_reg' [c:/Users/Leo/Desktop/FPGA/HW6/HW6.srcs/sources_1/bd/hw6/ipshared/d7f2/src/processor.v:32]
WARNING: [Synth 8-327] inferring latch for variable 'C6_reg' [c:/Users/Leo/Desktop/FPGA/HW6/HW6.srcs/sources_1/bd/hw6/ipshared/d7f2/src/processor.v:33]
WARNING: [Synth 8-327] inferring latch for variable 'C7_reg' [c:/Users/Leo/Desktop/FPGA/HW6/HW6.srcs/sources_1/bd/hw6/ipshared/d7f2/src/processor.v:34]
WARNING: [Synth 8-327] inferring latch for variable 'C8_reg' [c:/Users/Leo/Desktop/FPGA/HW6/HW6.srcs/sources_1/bd/hw6/ipshared/d7f2/src/processor.v:35]
WARNING: [Synth 8-327] inferring latch for variable 'C9_reg' [c:/Users/Leo/Desktop/FPGA/HW6/HW6.srcs/sources_1/bd/hw6/ipshared/d7f2/src/processor.v:36]
---------------------------------------------------------------------------------
Finished RTL Optimization Phase 2 : Time (s): cpu = 00:00:19 ; elapsed = 00:00:23 . Memory (MB): peak = 802.656 ; gain = 510.926
---------------------------------------------------------------------------------

Report RTL Partitions: 
+-+--------------+------------+----------+
| |RTL Partition |Replication |Instances |
+-+--------------+------------+----------+
+-+--------------+------------+----------+
---------------------------------------------------------------------------------
Start RTL Component Statistics 
---------------------------------------------------------------------------------
Detailed RTL Component Info : 
+---Adders : 
	   3 Input      8 Bit       Adders := 9     
	   2 Input      5 Bit       Adders := 2     
	   2 Input      2 Bit       Adders := 1     
+---Registers : 
	               32 Bit    Registers := 17    
	                8 Bit    Registers := 39    
	                6 Bit    Registers := 2     
	                5 Bit    Registers := 2     
	                3 Bit    Registers := 1     
	                2 Bit    Registers := 3     
	                1 Bit    Registers := 6     
+---RAMs : 
	               2K Bit         RAMs := 1     
+---Muxes : 
	   2 Input     32 Bit        Muxes := 16    
	  16 Input     32 Bit        Muxes := 16    
	   3 Input      8 Bit        Muxes := 1     
	   2 Input      8 Bit        Muxes := 9     
	   6 Input      8 Bit        Muxes := 34    
	   2 Input      5 Bit        Muxes := 4     
	   3 Input      5 Bit        Muxes := 1     
	   2 Input      2 Bit        Muxes := 11    
	   2 Input      1 Bit        Muxes := 19    
	   3 Input      1 Bit        Muxes := 9     
	   6 Input      1 Bit        Muxes := 2     
---------------------------------------------------------------------------------
Finished RTL Component Statistics 
---------------------------------------------------------------------------------
---------------------------------------------------------------------------------
Start RTL Hierarchical Component Statistics 
---------------------------------------------------------------------------------
Hierarchical RTL Component report 
Module mem256X8 
Detailed RTL Component Info : 
+---Registers : 
	                8 Bit    Registers := 1     
+---RAMs : 
	               2K Bit         RAMs := 1     
Module memory_ctrl 
Detailed RTL Component Info : 
+---Adders : 
	   2 Input      5 Bit       Adders := 2     
	   2 Input      2 Bit       Adders := 1     
+---Registers : 
	                5 Bit    Registers := 2     
	                3 Bit    Registers := 1     
	                2 Bit    Registers := 1     
+---Muxes : 
	   3 Input      8 Bit        Muxes := 1     
	   2 Input      5 Bit        Muxes := 4     
	   3 Input      5 Bit        Muxes := 1     
	   2 Input      2 Bit        Muxes := 11    
	   2 Input      1 Bit        Muxes := 4     
Module interfere 
Detailed RTL Component Info : 
+---Registers : 
	                8 Bit    Registers := 38    
+---Muxes : 
	   2 Input      8 Bit        Muxes := 9     
	   3 Input      1 Bit        Muxes := 9     
	   2 Input      1 Bit        Muxes := 10    
Module processor 
Detailed RTL Component Info : 
+---Adders : 
	   3 Input      8 Bit       Adders := 9     
+---Muxes : 
	   6 Input      8 Bit        Muxes := 34    
	   6 Input      1 Bit        Muxes := 2     
Module matrix_cal_v1_0_S00_AXI 
Detailed RTL Component Info : 
+---Registers : 
	               32 Bit    Registers := 17    
	                6 Bit    Registers := 2     
	                2 Bit    Registers := 2     
	                1 Bit    Registers := 6     
+---Muxes : 
	   2 Input     32 Bit        Muxes := 16    
	  16 Input     32 Bit        Muxes := 16    
	   2 Input      1 Bit        Muxes := 5     
---------------------------------------------------------------------------------
Finished RTL Hierarchical Component Statistics
---------------------------------------------------------------------------------
---------------------------------------------------------------------------------
Start Part Resource Summary
---------------------------------------------------------------------------------
Part Resources:
DSPs: 220 (col length:60)
BRAMs: 280 (col length: RAMB18 60 RAMB36 30)
---------------------------------------------------------------------------------
Finished Part Resource Summary
---------------------------------------------------------------------------------
---------------------------------------------------------------------------------
Start Cross Boundary and Area Optimization
---------------------------------------------------------------------------------
Warning: Parallel synthesis criteria is not met 
WARNING: [Synth 8-3331] design processor has unconnected port op[7]
WARNING: [Synth 8-3331] design processor has unconnected port op[6]
WARNING: [Synth 8-3331] design processor has unconnected port op[5]
WARNING: [Synth 8-3331] design processor has unconnected port op[4]
WARNING: [Synth 8-3331] design processor has unconnected port op[3]
WARNING: [Synth 8-3331] design interfere has unconnected port A5[7]
WARNING: [Synth 8-3331] design interfere has unconnected port A5[6]
WARNING: [Synth 8-3331] design interfere has unconnected port A5[5]
WARNING: [Synth 8-3331] design interfere has unconnected port A5[4]
WARNING: [Synth 8-3331] design interfere has unconnected port A5[3]
WARNING: [Synth 8-3331] design interfere has unconnected port A5[2]
WARNING: [Synth 8-3331] design interfere has unconnected port A5[1]
WARNING: [Synth 8-3331] design interfere has unconnected port A5[0]
WARNING: [Synth 8-3331] design memory_ctrl has unconnected port cmd[7]
WARNING: [Synth 8-3331] design memory_ctrl has unconnected port cmd[6]
WARNING: [Synth 8-3331] design memory_ctrl has unconnected port cmd[5]
WARNING: [Synth 8-3331] design memory_ctrl has unconnected port cmd[4]
WARNING: [Synth 8-3331] design memory_ctrl has unconnected port cmd[3]
WARNING: [Synth 8-3331] design memory_ctrl has unconnected port cmd[2]
WARNING: [Synth 8-3331] design matrix_cal_v1_0_S00_AXI has unconnected port S_AXI_AWPROT[2]
WARNING: [Synth 8-3331] design matrix_cal_v1_0_S00_AXI has unconnected port S_AXI_AWPROT[1]
WARNING: [Synth 8-3331] design matrix_cal_v1_0_S00_AXI has unconnected port S_AXI_AWPROT[0]
WARNING: [Synth 8-3331] design matrix_cal_v1_0_S00_AXI has unconnected port S_AXI_ARPROT[2]
WARNING: [Synth 8-3331] design matrix_cal_v1_0_S00_AXI has unconnected port S_AXI_ARPROT[1]
WARNING: [Synth 8-3331] design matrix_cal_v1_0_S00_AXI has unconnected port S_AXI_ARPROT[0]
INFO: [Synth 8-3886] merging instance 'inst/matrix_cal_v1_0_S00_AXI_inst/axi_rresp_reg[0]' (FDRE) to 'inst/matrix_cal_v1_0_S00_AXI_inst/axi_rresp_reg[1]'
INFO: [Synth 8-3333] propagating constant 0 across sequential element (inst/\matrix_cal_v1_0_S00_AXI_inst/axi_rresp_reg[1] )
INFO: [Synth 8-3886] merging instance 'inst/matrix_cal_v1_0_S00_AXI_inst/axi_bresp_reg[0]' (FDRE) to 'inst/matrix_cal_v1_0_S00_AXI_inst/axi_bresp_reg[1]'
INFO: [Synth 8-3333] propagating constant 0 across sequential element (inst/\matrix_cal_v1_0_S00_AXI_inst/axi_bresp_reg[1] )
WARNING: [Synth 8-3332] Sequential element (matrix_cal_v1_0_S00_AXI_inst/I/op_reg[7]) is unused and will be removed from module matrix_cal_v1_0.
WARNING: [Synth 8-3332] Sequential element (matrix_cal_v1_0_S00_AXI_inst/I/op_reg[6]) is unused and will be removed from module matrix_cal_v1_0.
WARNING: [Synth 8-3332] Sequential element (matrix_cal_v1_0_S00_AXI_inst/I/op_reg[5]) is unused and will be removed from module matrix_cal_v1_0.
WARNING: [Synth 8-3332] Sequential element (matrix_cal_v1_0_S00_AXI_inst/I/op_reg[4]) is unused and will be removed from module matrix_cal_v1_0.
WARNING: [Synth 8-3332] Sequential element (matrix_cal_v1_0_S00_AXI_inst/I/op_reg[3]) is unused and will be removed from module matrix_cal_v1_0.
WARNING: [Synth 8-3332] Sequential element (matrix_cal_v1_0_S00_AXI_inst/axi_bresp_reg[1]) is unused and will be removed from module matrix_cal_v1_0.
WARNING: [Synth 8-3332] Sequential element (matrix_cal_v1_0_S00_AXI_inst/axi_awaddr_reg[1]) is unused and will be removed from module matrix_cal_v1_0.
WARNING: [Synth 8-3332] Sequential element (matrix_cal_v1_0_S00_AXI_inst/axi_awaddr_reg[0]) is unused and will be removed from module matrix_cal_v1_0.
WARNING: [Synth 8-3332] Sequential element (matrix_cal_v1_0_S00_AXI_inst/axi_araddr_reg[1]) is unused and will be removed from module matrix_cal_v1_0.
WARNING: [Synth 8-3332] Sequential element (matrix_cal_v1_0_S00_AXI_inst/axi_araddr_reg[0]) is unused and will be removed from module matrix_cal_v1_0.
WARNING: [Synth 8-3332] Sequential element (matrix_cal_v1_0_S00_AXI_inst/axi_rresp_reg[1]) is unused and will be removed from module matrix_cal_v1_0.
WARNING: [Synth 8-3332] Sequential element (matrix_cal_v1_0_S00_AXI_inst/slv_reg0_reg[31]) is unused and will be removed from module matrix_cal_v1_0.
WARNING: [Synth 8-3332] Sequential element (matrix_cal_v1_0_S00_AXI_inst/slv_reg0_reg[30]) is unused and will be removed from module matrix_cal_v1_0.
WARNING: [Synth 8-3332] Sequential element (matrix_cal_v1_0_S00_AXI_inst/slv_reg0_reg[29]) is unused and will be removed from module matrix_cal_v1_0.
WARNING: [Synth 8-3332] Sequential element (matrix_cal_v1_0_S00_AXI_inst/slv_reg0_reg[28]) is unused and will be removed from module matrix_cal_v1_0.
WARNING: [Synth 8-3332] Sequential element (matrix_cal_v1_0_S00_AXI_inst/slv_reg0_reg[27]) is unused and will be removed from module matrix_cal_v1_0.
WARNING: [Synth 8-3332] Sequential element (matrix_cal_v1_0_S00_AXI_inst/slv_reg0_reg[26]) is unused and will be removed from module matrix_cal_v1_0.
WARNING: [Synth 8-3332] Sequential element (matrix_cal_v1_0_S00_AXI_inst/slv_reg0_reg[25]) is unused and will be removed from module matrix_cal_v1_0.
WARNING: [Synth 8-3332] Sequential element (matrix_cal_v1_0_S00_AXI_inst/slv_reg0_reg[24]) is unused and will be removed from module matrix_cal_v1_0.
WARNING: [Synth 8-3332] Sequential element (matrix_cal_v1_0_S00_AXI_inst/slv_reg0_reg[23]) is unused and will be removed from module matrix_cal_v1_0.
WARNING: [Synth 8-3332] Sequential element (matrix_cal_v1_0_S00_AXI_inst/slv_reg0_reg[22]) is unused and will be removed from module matrix_cal_v1_0.
WARNING: [Synth 8-3332] Sequential element (matrix_cal_v1_0_S00_AXI_inst/slv_reg0_reg[21]) is unused and will be removed from module matrix_cal_v1_0.
WARNING: [Synth 8-3332] Sequential element (matrix_cal_v1_0_S00_AXI_inst/slv_reg0_reg[20]) is unused and will be removed from module matrix_cal_v1_0.
WARNING: [Synth 8-3332] Sequential element (matrix_cal_v1_0_S00_AXI_inst/slv_reg0_reg[19]) is unused and will be removed from module matrix_cal_v1_0.
WARNING: [Synth 8-3332] Sequential element (matrix_cal_v1_0_S00_AXI_inst/slv_reg0_reg[18]) is unused and will be removed from module matrix_cal_v1_0.
WARNING: [Synth 8-3332] Sequential element (matrix_cal_v1_0_S00_AXI_inst/slv_reg0_reg[17]) is unused and will be removed from module matrix_cal_v1_0.
WARNING: [Synth 8-3332] Sequential element (matrix_cal_v1_0_S00_AXI_inst/slv_reg0_reg[16]) is unused and will be removed from module matrix_cal_v1_0.
WARNING: [Synth 8-3332] Sequential element (matrix_cal_v1_0_S00_AXI_inst/slv_reg0_reg[15]) is unused and will be removed from module matrix_cal_v1_0.
WARNING: [Synth 8-3332] Sequential element (matrix_cal_v1_0_S00_AXI_inst/slv_reg0_reg[14]) is unused and will be removed from module matrix_cal_v1_0.
WARNING: [Synth 8-3332] Sequential element (matrix_cal_v1_0_S00_AXI_inst/slv_reg0_reg[13]) is unused and will be removed from module matrix_cal_v1_0.
WARNING: [Synth 8-3332] Sequential element (matrix_cal_v1_0_S00_AXI_inst/slv_reg0_reg[12]) is unused and will be removed from module matrix_cal_v1_0.
WARNING: [Synth 8-3332] Sequential element (matrix_cal_v1_0_S00_AXI_inst/slv_reg0_reg[11]) is unused and will be removed from module matrix_cal_v1_0.
WARNING: [Synth 8-3332] Sequential element (matrix_cal_v1_0_S00_AXI_inst/slv_reg0_reg[10]) is unused and will be removed from module matrix_cal_v1_0.
WARNING: [Synth 8-3332] Sequential element (matrix_cal_v1_0_S00_AXI_inst/slv_reg0_reg[9]) is unused and will be removed from module matrix_cal_v1_0.
WARNING: [Synth 8-3332] Sequential element (matrix_cal_v1_0_S00_AXI_inst/slv_reg0_reg[8]) is unused and will be removed from module matrix_cal_v1_0.
WARNING: [Synth 8-3332] Sequential element (matrix_cal_v1_0_S00_AXI_inst/slv_reg0_reg[7]) is unused and will be removed from module matrix_cal_v1_0.
WARNING: [Synth 8-3332] Sequential element (matrix_cal_v1_0_S00_AXI_inst/slv_reg0_reg[6]) is unused and will be removed from module matrix_cal_v1_0.
WARNING: [Synth 8-3332] Sequential element (matrix_cal_v1_0_S00_AXI_inst/slv_reg0_reg[5]) is unused and will be removed from module matrix_cal_v1_0.
WARNING: [Synth 8-3332] Sequential element (matrix_cal_v1_0_S00_AXI_inst/slv_reg0_reg[4]) is unused and will be removed from module matrix_cal_v1_0.
WARNING: [Synth 8-3332] Sequential element (matrix_cal_v1_0_S00_AXI_inst/slv_reg0_reg[3]) is unused and will be removed from module matrix_cal_v1_0.
WARNING: [Synth 8-3332] Sequential element (matrix_cal_v1_0_S00_AXI_inst/slv_reg0_reg[2]) is unused and will be removed from module matrix_cal_v1_0.
WARNING: [Synth 8-3332] Sequential element (matrix_cal_v1_0_S00_AXI_inst/slv_reg0_reg[1]) is unused and will be removed from module matrix_cal_v1_0.
WARNING: [Synth 8-3332] Sequential element (matrix_cal_v1_0_S00_AXI_inst/slv_reg1_reg[31]) is unused and will be removed from module matrix_cal_v1_0.
WARNING: [Synth 8-3332] Sequential element (matrix_cal_v1_0_S00_AXI_inst/slv_reg1_reg[30]) is unused and will be removed from module matrix_cal_v1_0.
WARNING: [Synth 8-3332] Sequential element (matrix_cal_v1_0_S00_AXI_inst/slv_reg1_reg[29]) is unused and will be removed from module matrix_cal_v1_0.
WARNING: [Synth 8-3332] Sequential element (matrix_cal_v1_0_S00_AXI_inst/slv_reg1_reg[28]) is unused and will be removed from module matrix_cal_v1_0.
WARNING: [Synth 8-3332] Sequential element (matrix_cal_v1_0_S00_AXI_inst/slv_reg1_reg[27]) is unused and will be removed from module matrix_cal_v1_0.
WARNING: [Synth 8-3332] Sequential element (matrix_cal_v1_0_S00_AXI_inst/slv_reg1_reg[26]) is unused and will be removed from module matrix_cal_v1_0.
WARNING: [Synth 8-3332] Sequential element (matrix_cal_v1_0_S00_AXI_inst/slv_reg1_reg[25]) is unused and will be removed from module matrix_cal_v1_0.
WARNING: [Synth 8-3332] Sequential element (matrix_cal_v1_0_S00_AXI_inst/slv_reg1_reg[24]) is unused and will be removed from module matrix_cal_v1_0.
WARNING: [Synth 8-3332] Sequential element (matrix_cal_v1_0_S00_AXI_inst/slv_reg1_reg[23]) is unused and will be removed from module matrix_cal_v1_0.
WARNING: [Synth 8-3332] Sequential element (matrix_cal_v1_0_S00_AXI_inst/slv_reg1_reg[22]) is unused and will be removed from module matrix_cal_v1_0.
WARNING: [Synth 8-3332] Sequential element (matrix_cal_v1_0_S00_AXI_inst/slv_reg1_reg[21]) is unused and will be removed from module matrix_cal_v1_0.
WARNING: [Synth 8-3332] Sequential element (matrix_cal_v1_0_S00_AXI_inst/slv_reg1_reg[20]) is unused and will be removed from module matrix_cal_v1_0.
WARNING: [Synth 8-3332] Sequential element (matrix_cal_v1_0_S00_AXI_inst/slv_reg1_reg[19]) is unused and will be removed from module matrix_cal_v1_0.
WARNING: [Synth 8-3332] Sequential element (matrix_cal_v1_0_S00_AXI_inst/slv_reg1_reg[18]) is unused and will be removed from module matrix_cal_v1_0.
WARNING: [Synth 8-3332] Sequential element (matrix_cal_v1_0_S00_AXI_inst/slv_reg1_reg[17]) is unused and will be removed from module matrix_cal_v1_0.
WARNING: [Synth 8-3332] Sequential element (matrix_cal_v1_0_S00_AXI_inst/slv_reg1_reg[16]) is unused and will be removed from module matrix_cal_v1_0.
WARNING: [Synth 8-3332] Sequential element (matrix_cal_v1_0_S00_AXI_inst/slv_reg1_reg[15]) is unused and will be removed from module matrix_cal_v1_0.
WARNING: [Synth 8-3332] Sequential element (matrix_cal_v1_0_S00_AXI_inst/slv_reg1_reg[14]) is unused and will be removed from module matrix_cal_v1_0.
WARNING: [Synth 8-3332] Sequential element (matrix_cal_v1_0_S00_AXI_inst/slv_reg1_reg[13]) is unused and will be removed from module matrix_cal_v1_0.
WARNING: [Synth 8-3332] Sequential element (matrix_cal_v1_0_S00_AXI_inst/slv_reg1_reg[12]) is unused and will be removed from module matrix_cal_v1_0.
WARNING: [Synth 8-3332] Sequential element (matrix_cal_v1_0_S00_AXI_inst/slv_reg1_reg[11]) is unused and will be removed from module matrix_cal_v1_0.
WARNING: [Synth 8-3332] Sequential element (matrix_cal_v1_0_S00_AXI_inst/slv_reg1_reg[10]) is unused and will be removed from module matrix_cal_v1_0.
WARNING: [Synth 8-3332] Sequential element (matrix_cal_v1_0_S00_AXI_inst/slv_reg1_reg[9]) is unused and will be removed from module matrix_cal_v1_0.
WARNING: [Synth 8-3332] Sequential element (matrix_cal_v1_0_S00_AXI_inst/slv_reg1_reg[8]) is unused and will be removed from module matrix_cal_v1_0.
INFO: [Synth 8-3333] propagating constant 0 across sequential element (inst/\matrix_cal_v1_0_S00_AXI_inst/ctrl /\state_reg[2] )
WARNING: [Synth 8-3332] Sequential element (counter_9_reg[4]) is unused and will be removed from module memory_ctrl.
WARNING: [Synth 8-3332] Sequential element (counter_9_reg[3]) is unused and will be removed from module memory_ctrl.
WARNING: [Synth 8-3332] Sequential element (counter_9_reg[2]) is unused and will be removed from module memory_ctrl.
WARNING: [Synth 8-3332] Sequential element (counter_9_reg[1]) is unused and will be removed from module memory_ctrl.
WARNING: [Synth 8-3332] Sequential element (counter_9_reg[0]) is unused and will be removed from module memory_ctrl.
WARNING: [Synth 8-3332] Sequential element (state_reg[2]) is unused and will be removed from module memory_ctrl.
---------------------------------------------------------------------------------
Finished Cross Boundary and Area Optimization : Time (s): cpu = 00:00:36 ; elapsed = 00:00:40 . Memory (MB): peak = 802.656 ; gain = 510.926
---------------------------------------------------------------------------------
---------------------------------------------------------------------------------
Start ROM, RAM, DSP and Shift Register Reporting
---------------------------------------------------------------------------------

Block RAM: Preliminary Mapping  Report (see note below)
+------------+------------+------------------------+---+---+------------------------+---+---+------------------+--------+--------+
|Module Name | RTL Object | PORT A (Depth x Width) | W | R | PORT B (Depth x Width) | W | R | Ports driving FF | RAMB18 | RAMB36 | 
+------------+------------+------------------------+---+---+------------------------+---+---+------------------+--------+--------+
|mem256X8:   | mem_reg    | 256 x 8(NO_CHANGE)     | W | R |                        |   |   | Port A           | 1      | 0      | 
+------------+------------+------------------------+---+---+------------------------+---+---+------------------+--------+--------+

Note: The tale above is a preliminary report that shows the Block RAMs at the current stage of the synthesis flow. Some Block RAMs may be reimplemented as non Block RAM primitives later in the synthesis flow. Multiple instantiated Block RAMs are reported only once. 
---------------------------------------------------------------------------------
Finished ROM, RAM, DSP and Shift Register Reporting
---------------------------------------------------------------------------------
INFO: [Synth 8-4480] The timing for the instance inst/matrix_cal_v1_0_S00_AXI_inst/ctrl/mem_i/i_0/mem_reg (implemented as a block RAM) might be sub-optimal as no optional output register could be merged into the block ram. Providing additional output register may help in improving timing.

Report RTL Partitions: 
+-+--------------+------------+----------+
| |RTL Partition |Replication |Instances |
+-+--------------+------------+----------+
+-+--------------+------------+----------+
---------------------------------------------------------------------------------
Start Applying XDC Timing Constraints
---------------------------------------------------------------------------------
---------------------------------------------------------------------------------
Finished Applying XDC Timing Constraints : Time (s): cpu = 00:00:47 ; elapsed = 00:00:53 . Memory (MB): peak = 810.625 ; gain = 518.895
---------------------------------------------------------------------------------
---------------------------------------------------------------------------------
Start Timing Optimization
---------------------------------------------------------------------------------
---------------------------------------------------------------------------------
Finished Timing Optimization : Time (s): cpu = 00:00:58 ; elapsed = 00:01:04 . Memory (MB): peak = 888.395 ; gain = 596.664
---------------------------------------------------------------------------------
---------------------------------------------------------------------------------
Start ROM, RAM, DSP and Shift Register Reporting
---------------------------------------------------------------------------------

Block RAM: Final Mapping  Report
+------------+------------+------------------------+---+---+------------------------+---+---+------------------+--------+--------+
|Module Name | RTL Object | PORT A (Depth x Width) | W | R | PORT B (Depth x Width) | W | R | Ports driving FF | RAMB18 | RAMB36 | 
+------------+------------+------------------------+---+---+------------------------+---+---+------------------+--------+--------+
|mem256X8:   | mem_reg    | 256 x 8(NO_CHANGE)     | W | R |                        |   |   | Port A           | 1      | 0      | 
+------------+------------+------------------------+---+---+------------------------+---+---+------------------+--------+--------+

---------------------------------------------------------------------------------
Finished ROM, RAM, DSP and Shift Register Reporting
---------------------------------------------------------------------------------

Report RTL Partitions: 
+-+--------------+------------+----------+
| |RTL Partition |Replication |Instances |
+-+--------------+------------+----------+
+-+--------------+------------+----------+
---------------------------------------------------------------------------------
Start Technology Mapping
---------------------------------------------------------------------------------
INFO: [Synth 8-4480] The timing for the instance inst/matrix_cal_v1_0_S00_AXI_inst/ctrl/mem_i/mem_reg (implemented as a block RAM) might be sub-optimal as no optional output register could be merged into the block ram. Providing additional output register may help in improving timing.
---------------------------------------------------------------------------------
Finished Technology Mapping : Time (s): cpu = 00:01:00 ; elapsed = 00:01:06 . Memory (MB): peak = 889.410 ; gain = 597.680
---------------------------------------------------------------------------------

Report RTL Partitions: 
+-+--------------+------------+----------+
| |RTL Partition |Replication |Instances |
+-+--------------+------------+----------+
+-+--------------+------------+----------+
---------------------------------------------------------------------------------
Start IO Insertion
---------------------------------------------------------------------------------
---------------------------------------------------------------------------------
Start Flattening Before IO Insertion
---------------------------------------------------------------------------------
---------------------------------------------------------------------------------
Finished Flattening Before IO Insertion
---------------------------------------------------------------------------------
---------------------------------------------------------------------------------
Start Final Netlist Cleanup
---------------------------------------------------------------------------------
---------------------------------------------------------------------------------
Finished Final Netlist Cleanup
---------------------------------------------------------------------------------
---------------------------------------------------------------------------------
Finished IO Insertion : Time (s): cpu = 00:01:01 ; elapsed = 00:01:07 . Memory (MB): peak = 889.410 ; gain = 597.680
---------------------------------------------------------------------------------

Report Check Netlist: 
+------+------------------+-------+---------+-------+------------------+
|      |Item              |Errors |Warnings |Status |Description       |
+------+------------------+-------+---------+-------+------------------+
|1     |multi_driven_nets |      0|        0|Passed |Multi driven nets |
+------+------------------+-------+---------+-------+------------------+
---------------------------------------------------------------------------------
Start Renaming Generated Instances
---------------------------------------------------------------------------------
---------------------------------------------------------------------------------
Finished Renaming Generated Instances : Time (s): cpu = 00:01:01 ; elapsed = 00:01:07 . Memory (MB): peak = 889.410 ; gain = 597.680
---------------------------------------------------------------------------------

Report RTL Partitions: 
+-+--------------+------------+----------+
| |RTL Partition |Replication |Instances |
+-+--------------+------------+----------+
+-+--------------+------------+----------+
---------------------------------------------------------------------------------
Start Rebuilding User Hierarchy
---------------------------------------------------------------------------------
---------------------------------------------------------------------------------
Finished Rebuilding User Hierarchy : Time (s): cpu = 00:01:02 ; elapsed = 00:01:07 . Memory (MB): peak = 889.410 ; gain = 597.680
---------------------------------------------------------------------------------
---------------------------------------------------------------------------------
Start Renaming Generated Ports
---------------------------------------------------------------------------------
---------------------------------------------------------------------------------
Finished Renaming Generated Ports : Time (s): cpu = 00:01:02 ; elapsed = 00:01:08 . Memory (MB): peak = 889.410 ; gain = 597.680
---------------------------------------------------------------------------------
---------------------------------------------------------------------------------
Start Handling Custom Attributes
---------------------------------------------------------------------------------
---------------------------------------------------------------------------------
Finished Handling Custom Attributes : Time (s): cpu = 00:01:02 ; elapsed = 00:01:08 . Memory (MB): peak = 889.410 ; gain = 597.680
---------------------------------------------------------------------------------
---------------------------------------------------------------------------------
Start Renaming Generated Nets
---------------------------------------------------------------------------------
---------------------------------------------------------------------------------
Finished Renaming Generated Nets : Time (s): cpu = 00:01:02 ; elapsed = 00:01:08 . Memory (MB): peak = 889.410 ; gain = 597.680
---------------------------------------------------------------------------------
---------------------------------------------------------------------------------
Start Writing Synthesis Report
---------------------------------------------------------------------------------

Report BlackBoxes: 
+-+--------------+----------+
| |BlackBox name |Instances |
+-+--------------+----------+
+-+--------------+----------+

Report Cell Usage: 
+------+---------+------+
|      |Cell     |Count |
+------+---------+------+
|1     |CARRY4   |   196|
|2     |LUT1     |     3|
|3     |LUT2     |   449|
|4     |LUT3     |   113|
|5     |LUT4     |   281|
|6     |LUT5     |   132|
|7     |LUT6     |   836|
|8     |MUXF7    |    32|
|9     |MUXF8    |    16|
|10    |RAMB18E1 |     1|
|11    |FDCE     |     9|
|12    |FDRE     |   803|
|13    |FDSE     |     1|
|14    |LD       |    64|
+------+---------+------+

Report Instance Areas: 
+------+---------------------------------+------------------------+------+
|      |Instance                         |Module                  |Cells |
+------+---------------------------------+------------------------+------+
|1     |top                              |                        |  2936|
|2     |  inst                           |matrix_cal_v1_0         |  2936|
|3     |    matrix_cal_v1_0_S00_AXI_inst |matrix_cal_v1_0_S00_AXI |  2778|
|4     |      ctrl                       |memory_ctrl             |    45|
|5     |        mem_i                    |mem256X8                |     1|
|6     |      I                          |interfere               |  1858|
|7     |      P                          |processor               |   128|
+------+---------------------------------+------------------------+------+
---------------------------------------------------------------------------------
Finished Writing Synthesis Report : Time (s): cpu = 00:01:02 ; elapsed = 00:01:08 . Memory (MB): peak = 889.410 ; gain = 597.680
---------------------------------------------------------------------------------
Synthesis finished with 0 errors, 0 critical warnings and 105 warnings.
Synthesis Optimization Runtime : Time (s): cpu = 00:00:47 ; elapsed = 00:00:56 . Memory (MB): peak = 889.410 ; gain = 239.328
Synthesis Optimization Complete : Time (s): cpu = 00:01:02 ; elapsed = 00:01:08 . Memory (MB): peak = 889.410 ; gain = 597.680
INFO: [Project 1-571] Translating synthesized netlist
INFO: [Netlist 29-17] Analyzing 309 Unisim elements for replacement
INFO: [Netlist 29-28] Unisim Transformation completed in 0 CPU seconds
INFO: [Project 1-570] Preparing netlist for logic optimization
INFO: [Opt 31-138] Pushed 0 inverter(s) to 0 load pin(s).
INFO: [Project 1-111] Unisim Transformation Summary:
  A total of 64 instances were transformed.
  LD => LDCE: 64 instances

INFO: [Common 17-83] Releasing license: Synthesis
70 Infos, 133 Warnings, 0 Critical Warnings and 0 Errors encountered.
synth_design completed successfully
synth_design: Time (s): cpu = 00:01:05 ; elapsed = 00:01:11 . Memory (MB): peak = 889.410 ; gain = 606.789
WARNING: [Constraints 18-5210] No constraint will be written out.
INFO: [Common 17-1381] The checkpoint 'C:/Users/Leo/Desktop/FPGA/HW6/HW6.runs/hw6_matrix_cal_0_0_synth_1/hw6_matrix_cal_0_0.dcp' has been generated.
