#-----------------------------------------------------------
# Vivado v2018.2 (64-bit)
# SW Build 2258646 on Thu Jun 14 20:03:12 MDT 2018
# IP Build 2256618 on Thu Jun 14 22:10:49 MDT 2018
# Start of session at: Mon Jan 14 14:57:50 2019
# Process ID: 36328
# Current directory: C:/Users/Leo/Desktop/FPGA/final
# Command line: vivado.exe -gui_launcher_event rodinguilauncherevent37776 C:\Users\Leo\Desktop\FPGA\final\final.xpr
# Log file: C:/Users/Leo/Desktop/FPGA/final/vivado.log
# Journal file: C:/Users/Leo/Desktop/FPGA/final\vivado.jou
#-----------------------------------------------------------
start_gui
open_project C:/Users/Leo/Desktop/FPGA/final/final.xpr
Scanning sources...
Finished scanning sources
INFO: [IP_Flow 19-234] Refreshing IP repositories
INFO: [IP_Flow 19-1700] Loaded user IP repository 'c:/Users/Leo/Desktop/FPGA/ip_repo/FFT_1.0'.
INFO: [IP_Flow 19-2313] Loaded Vivado IP repository 'C:/Xilinx/Vivado/2018.2/data/ip'.
open_project: Time (s): cpu = 00:00:29 ; elapsed = 00:00:41 . Memory (MB): peak = 760.863 ; gain = 126.648lupdate_compile_order -fileset sources_1
exit
INFO: [Common 17-206] Exiting Vivado at Mon Jan 14 19:00:22 2019...
FFT_system_wrapper.hdf
INFO: [Vivado 12-393] Launching SDK...
INFO: [Vivado 12-417] Running xsdk -workspace C:/Users/Leo/Desktop/FPGA/final/final.sdk -hwspec C:/Users/Leo/Desktop/FPGA/final/final.sdk/FFT_system_wrapper.hdf
INFO: [Vivado 12-3157] SDK launch initiated. Please check console for any further messages.
update_compile_order -fileset sources_1
open_bd_design {C:/Users/Leo/Desktop/FPGA/final/final.srcs/sources_1/bd/FFT_system/FFT_system.bd}
Adding cell -- xilinx.com:ip:processing_system7:5.5 - processing_system7_0
Adding cell -- xilinx.com:ip:proc_sys_reset:5.0 - rst_ps7_0_100M
Adding cell -- xilinx.com:user:FFT:1.0 - FFT_0
Adding cell -- xilinx.com:ip:axi_protocol_converter:2.1 - auto_pc
Successfully read diagram <FFT_system> from BD file <C:/Users/Leo/Desktop/FPGA/final/final.srcs/sources_1/bd/FFT_system/FFT_system.bd>
open_bd_design: Time (s): cpu = 00:00:17 ; elapsed = 00:00:22 . Memory (MB): peak = 882.656 ; gain = 108.273
exit
INFO: [Common 17-206] Exiting Vivado at Mon Jan 14 19:00:21 2019...
