Copyright 1986-2018 Xilinx, Inc. All Rights Reserved.
------------------------------------------------------------------------------------
| Tool Version : Vivado v.2018.2 (win64) Build 2258646 Thu Jun 14 20:03:12 MDT 2018
| Date         : Sun Dec  9 17:54:47 2018
| Host         : LAPTOP-BJA1B3DR running 64-bit major release  (build 9200)
| Command      : upgrade_ip
| Device       : xc7z020clg400-1
------------------------------------------------------------------------------------

Upgrade Log for IP 'hw6_matrix_cal_0_0'

1. Summary
----------

SUCCESS in the upgrade of hw6_matrix_cal_0_0 (xilinx.com:user:matrix_cal:1.0) from (Rev. 3) to (Rev. 4)






Copyright 1986-2018 Xilinx, Inc. All Rights Reserved.
------------------------------------------------------------------------------------
| Tool Version : Vivado v.2018.2 (win64) Build 2258646 Thu Jun 14 20:03:12 MDT 2018
| Date         : Sun Dec  9 17:38:19 2018
| Host         : LAPTOP-BJA1B3DR running 64-bit major release  (build 9200)
| Command      : upgrade_ip
| Device       : xc7z020clg400-1
------------------------------------------------------------------------------------

Upgrade Log for IP 'hw6_matrix_cal_0_0'

1. Summary
----------

SUCCESS in the upgrade of hw6_matrix_cal_0_0 (xilinx.com:user:matrix_cal:1.0) from (Rev. 2) to (Rev. 3)

