
*** Running vivado
    with args -log system_bram_0_0.vds -m64 -product Vivado -mode batch -messageDb vivado.pb -notrace -source system_bram_0_0.tcl


****** Vivado v2018.2 (64-bit)
  **** SW Build 2258646 on Thu Jun 14 20:03:12 MDT 2018
  **** IP Build 2256618 on Thu Jun 14 22:10:49 MDT 2018
    ** Copyright 1986-2018 Xilinx, Inc. All Rights Reserved.

source system_bram_0_0.tcl -notrace
Command: synth_design -top system_bram_0_0 -part xc7z020clg400-1 -mode out_of_context
Starting synth_design
Attempting to get a license for feature 'Synthesis' and/or device 'xc7z020'
INFO: [Common 17-349] Got license for feature 'Synthesis' and/or device 'xc7z020'
INFO: Launching helper process for spawning children vivado processes
INFO: Helper process launched with PID 336 
WARNING: [Synth 8-2611] redeclaration of ansi port data_out is not allowed [c:/Users/User/Desktop/FPGA_Design-master/Lab06/vivado_prj/vivado_prj.srcs/sources_1/bd/system/ipshared/5eba/src/memory_ctrl.v:19]
---------------------------------------------------------------------------------
Starting RTL Elaboration : Time (s): cpu = 00:00:03 ; elapsed = 00:00:05 . Memory (MB): peak = 402.328 ; gain = 111.879
---------------------------------------------------------------------------------
INFO: [Synth 8-6157] synthesizing module 'system_bram_0_0' [c:/Users/User/Desktop/FPGA_Design-master/Lab06/vivado_prj/vivado_prj.srcs/sources_1/bd/system/ip/system_bram_0_0/synth/system_bram_0_0.v:56]
INFO: [Synth 8-6157] synthesizing module 'bram_v1_0' [c:/Users/User/Desktop/FPGA_Design-master/Lab06/vivado_prj/vivado_prj.srcs/sources_1/bd/system/ipshared/5eba/hdl/bram_v1_0.v:4]
	Parameter C_S00_AXI_DATA_WIDTH bound to: 32 - type: integer 
	Parameter C_S00_AXI_ADDR_WIDTH bound to: 4 - type: integer 
INFO: [Synth 8-6157] synthesizing module 'bram_v1_0_S00_AXI' [c:/Users/User/Desktop/FPGA_Design-master/Lab06/vivado_prj/vivado_prj.srcs/sources_1/bd/system/ipshared/5eba/hdl/bram_v1_0_S00_AXI.v:4]
	Parameter C_S_AXI_DATA_WIDTH bound to: 32 - type: integer 
	Parameter C_S_AXI_ADDR_WIDTH bound to: 4 - type: integer 
	Parameter ADDR_LSB bound to: 2 - type: integer 
	Parameter OPT_MEM_ADDR_BITS bound to: 1 - type: integer 
INFO: [Synth 8-226] default block is never used [c:/Users/User/Desktop/FPGA_Design-master/Lab06/vivado_prj/vivado_prj.srcs/sources_1/bd/system/ipshared/5eba/hdl/bram_v1_0_S00_AXI.v:231]
INFO: [Synth 8-226] default block is never used [c:/Users/User/Desktop/FPGA_Design-master/Lab06/vivado_prj/vivado_prj.srcs/sources_1/bd/system/ipshared/5eba/hdl/bram_v1_0_S00_AXI.v:372]
INFO: [Synth 8-6157] synthesizing module 'memory_ctrl' [c:/Users/User/Desktop/FPGA_Design-master/Lab06/vivado_prj/vivado_prj.srcs/sources_1/bd/system/ipshared/5eba/src/memory_ctrl.v:1]
INFO: [Synth 8-6157] synthesizing module 'mem256X8' [c:/Users/User/Desktop/FPGA_Design-master/Lab06/vivado_prj/vivado_prj.srcs/sources_1/bd/system/ipshared/5eba/src/mem256X8.v:1]
INFO: [Synth 8-6155] done synthesizing module 'mem256X8' (1#1) [c:/Users/User/Desktop/FPGA_Design-master/Lab06/vivado_prj/vivado_prj.srcs/sources_1/bd/system/ipshared/5eba/src/mem256X8.v:1]
INFO: [Synth 8-6157] synthesizing module 'matrix' [c:/Users/User/Desktop/FPGA_Design-master/Lab06/vivado_prj/vivado_prj.srcs/sources_1/bd/system/ipshared/5eba/hdl/matrix.v:23]
WARNING: [Synth 8-6014] Unused sequential element mem_reg[18] was removed.  [c:/Users/User/Desktop/FPGA_Design-master/Lab06/vivado_prj/vivado_prj.srcs/sources_1/bd/system/ipshared/5eba/hdl/matrix.v:48]
INFO: [Synth 8-6155] done synthesizing module 'matrix' (2#1) [c:/Users/User/Desktop/FPGA_Design-master/Lab06/vivado_prj/vivado_prj.srcs/sources_1/bd/system/ipshared/5eba/hdl/matrix.v:23]
WARNING: [Synth 8-689] width (8) of port connection 'count' does not match port width (4) of module 'matrix' [c:/Users/User/Desktop/FPGA_Design-master/Lab06/vivado_prj/vivado_prj.srcs/sources_1/bd/system/ipshared/5eba/src/memory_ctrl.v:50]
WARNING: [Synth 8-689] width (8) of port connection 'operand' does not match port width (3) of module 'matrix' [c:/Users/User/Desktop/FPGA_Design-master/Lab06/vivado_prj/vivado_prj.srcs/sources_1/bd/system/ipshared/5eba/src/memory_ctrl.v:51]
INFO: [Synth 8-6155] done synthesizing module 'memory_ctrl' (3#1) [c:/Users/User/Desktop/FPGA_Design-master/Lab06/vivado_prj/vivado_prj.srcs/sources_1/bd/system/ipshared/5eba/src/memory_ctrl.v:1]
INFO: [Synth 8-6155] done synthesizing module 'bram_v1_0_S00_AXI' (4#1) [c:/Users/User/Desktop/FPGA_Design-master/Lab06/vivado_prj/vivado_prj.srcs/sources_1/bd/system/ipshared/5eba/hdl/bram_v1_0_S00_AXI.v:4]
INFO: [Synth 8-6155] done synthesizing module 'bram_v1_0' (5#1) [c:/Users/User/Desktop/FPGA_Design-master/Lab06/vivado_prj/vivado_prj.srcs/sources_1/bd/system/ipshared/5eba/hdl/bram_v1_0.v:4]
INFO: [Synth 8-6155] done synthesizing module 'system_bram_0_0' (6#1) [c:/Users/User/Desktop/FPGA_Design-master/Lab06/vivado_prj/vivado_prj.srcs/sources_1/bd/system/ip/system_bram_0_0/synth/system_bram_0_0.v:56]
WARNING: [Synth 8-3331] design bram_v1_0_S00_AXI has unconnected port S_AXI_AWPROT[2]
WARNING: [Synth 8-3331] design bram_v1_0_S00_AXI has unconnected port S_AXI_AWPROT[1]
WARNING: [Synth 8-3331] design bram_v1_0_S00_AXI has unconnected port S_AXI_AWPROT[0]
WARNING: [Synth 8-3331] design bram_v1_0_S00_AXI has unconnected port S_AXI_ARPROT[2]
WARNING: [Synth 8-3331] design bram_v1_0_S00_AXI has unconnected port S_AXI_ARPROT[1]
WARNING: [Synth 8-3331] design bram_v1_0_S00_AXI has unconnected port S_AXI_ARPROT[0]
---------------------------------------------------------------------------------
Finished RTL Elaboration : Time (s): cpu = 00:00:04 ; elapsed = 00:00:06 . Memory (MB): peak = 439.520 ; gain = 149.070
---------------------------------------------------------------------------------

Report Check Netlist: 
+------+------------------+-------+---------+-------+------------------+
|      |Item              |Errors |Warnings |Status |Description       |
+------+------------------+-------+---------+-------+------------------+
|1     |multi_driven_nets |      0|        0|Passed |Multi driven nets |
+------+------------------+-------+---------+-------+------------------+
---------------------------------------------------------------------------------
Start Handling Custom Attributes
---------------------------------------------------------------------------------
---------------------------------------------------------------------------------
Finished Handling Custom Attributes : Time (s): cpu = 00:00:04 ; elapsed = 00:00:07 . Memory (MB): peak = 439.520 ; gain = 149.070
---------------------------------------------------------------------------------
---------------------------------------------------------------------------------
Finished RTL Optimization Phase 1 : Time (s): cpu = 00:00:04 ; elapsed = 00:00:07 . Memory (MB): peak = 439.520 ; gain = 149.070
---------------------------------------------------------------------------------
INFO: [Device 21-403] Loading part xc7z020clg400-1
INFO: [Project 1-570] Preparing netlist for logic optimization

Processing XDC Constraints
Initializing timing engine
Completed Processing XDC Constraints

INFO: [Project 1-111] Unisim Transformation Summary:
No Unisim elements were transformed.

WARNING: [Constraints 18-5210] No constraint will be written out.
Constraint Validation Runtime : Time (s): cpu = 00:00:00 ; elapsed = 00:00:00.497 . Memory (MB): peak = 797.297 ; gain = 2.879
---------------------------------------------------------------------------------
Finished Constraint Validation : Time (s): cpu = 00:00:15 ; elapsed = 00:00:28 . Memory (MB): peak = 797.297 ; gain = 506.848
---------------------------------------------------------------------------------
---------------------------------------------------------------------------------
Start Loading Part and Timing Information
---------------------------------------------------------------------------------
Loading part: xc7z020clg400-1
---------------------------------------------------------------------------------
Finished Loading Part and Timing Information : Time (s): cpu = 00:00:15 ; elapsed = 00:00:29 . Memory (MB): peak = 797.297 ; gain = 506.848
---------------------------------------------------------------------------------
---------------------------------------------------------------------------------
Start Applying 'set_property' XDC Constraints
---------------------------------------------------------------------------------
---------------------------------------------------------------------------------
Finished applying 'set_property' XDC Constraints : Time (s): cpu = 00:00:15 ; elapsed = 00:00:29 . Memory (MB): peak = 797.297 ; gain = 506.848
---------------------------------------------------------------------------------
INFO: [Synth 8-5544] ROM "mem_reg[15]" won't be mapped to Block RAM because address size (4) smaller than threshold (5)
INFO: [Synth 8-5544] ROM "mem_reg[14]" won't be mapped to Block RAM because address size (4) smaller than threshold (5)
INFO: [Synth 8-5544] ROM "mem_reg[13]" won't be mapped to Block RAM because address size (4) smaller than threshold (5)
INFO: [Synth 8-5544] ROM "mem_reg[12]" won't be mapped to Block RAM because address size (4) smaller than threshold (5)
INFO: [Synth 8-5544] ROM "mem_reg[11]" won't be mapped to Block RAM because address size (4) smaller than threshold (5)
INFO: [Synth 8-5544] ROM "mem_reg[10]" won't be mapped to Block RAM because address size (4) smaller than threshold (5)
INFO: [Synth 8-5544] ROM "mem_reg[9]" won't be mapped to Block RAM because address size (4) smaller than threshold (5)
INFO: [Synth 8-5544] ROM "mem_reg[8]" won't be mapped to Block RAM because address size (4) smaller than threshold (5)
INFO: [Synth 8-5544] ROM "mem_reg[7]" won't be mapped to Block RAM because address size (4) smaller than threshold (5)
INFO: [Synth 8-5544] ROM "mem_reg[6]" won't be mapped to Block RAM because address size (4) smaller than threshold (5)
INFO: [Synth 8-5544] ROM "mem_reg[5]" won't be mapped to Block RAM because address size (4) smaller than threshold (5)
INFO: [Synth 8-5544] ROM "mem_reg[4]" won't be mapped to Block RAM because address size (4) smaller than threshold (5)
INFO: [Synth 8-5544] ROM "mem_reg[3]" won't be mapped to Block RAM because address size (4) smaller than threshold (5)
INFO: [Synth 8-5544] ROM "mem_reg[2]" won't be mapped to Block RAM because address size (4) smaller than threshold (5)
INFO: [Synth 8-5544] ROM "mem_reg[1]" won't be mapped to Block RAM because address size (4) smaller than threshold (5)
INFO: [Synth 8-5544] ROM "mem_reg[0]" won't be mapped to Block RAM because address size (4) smaller than threshold (5)
INFO: [Synth 8-5544] ROM "write_enable0" won't be mapped to Block RAM because address size (2) smaller than threshold (5)
---------------------------------------------------------------------------------
Finished RTL Optimization Phase 2 : Time (s): cpu = 00:00:17 ; elapsed = 00:00:31 . Memory (MB): peak = 797.297 ; gain = 506.848
---------------------------------------------------------------------------------

Report RTL Partitions: 
+-+--------------+------------+----------+
| |RTL Partition |Replication |Instances |
+-+--------------+------------+----------+
+-+--------------+------------+----------+
---------------------------------------------------------------------------------
Start RTL Component Statistics 
---------------------------------------------------------------------------------
Detailed RTL Component Info : 
+---Adders : 
	   2 Input      8 Bit       Adders := 10    
	   3 Input      8 Bit       Adders := 9     
	   2 Input      2 Bit       Adders := 1     
+---Registers : 
	               32 Bit    Registers := 5     
	                8 Bit    Registers := 30    
	                4 Bit    Registers := 2     
	                2 Bit    Registers := 4     
	                1 Bit    Registers := 7     
+---RAMs : 
	               2K Bit         RAMs := 1     
+---Muxes : 
	   2 Input     32 Bit        Muxes := 4     
	   4 Input     32 Bit        Muxes := 5     
	   2 Input      8 Bit        Muxes := 6     
	   2 Input      2 Bit        Muxes := 2     
	   4 Input      2 Bit        Muxes := 1     
	   5 Input      1 Bit        Muxes := 1     
	   2 Input      1 Bit        Muxes := 24    
	   6 Input      1 Bit        Muxes := 1     
---------------------------------------------------------------------------------
Finished RTL Component Statistics 
---------------------------------------------------------------------------------
---------------------------------------------------------------------------------
Start RTL Hierarchical Component Statistics 
---------------------------------------------------------------------------------
Hierarchical RTL Component report 
Module mem256X8 
Detailed RTL Component Info : 
+---Registers : 
	                8 Bit    Registers := 1     
+---RAMs : 
	               2K Bit         RAMs := 1     
Module matrix 
Detailed RTL Component Info : 
+---Adders : 
	   2 Input      8 Bit       Adders := 9     
	   3 Input      8 Bit       Adders := 9     
+---Registers : 
	                8 Bit    Registers := 28    
+---Muxes : 
	   5 Input      1 Bit        Muxes := 1     
	   2 Input      1 Bit        Muxes := 16    
	   6 Input      1 Bit        Muxes := 1     
Module memory_ctrl 
Detailed RTL Component Info : 
+---Adders : 
	   2 Input      8 Bit       Adders := 1     
	   2 Input      2 Bit       Adders := 1     
+---Registers : 
	                8 Bit    Registers := 1     
	                2 Bit    Registers := 2     
	                1 Bit    Registers := 1     
+---Muxes : 
	   2 Input      8 Bit        Muxes := 6     
	   2 Input      2 Bit        Muxes := 2     
	   4 Input      2 Bit        Muxes := 1     
	   2 Input      1 Bit        Muxes := 3     
Module bram_v1_0_S00_AXI 
Detailed RTL Component Info : 
+---Registers : 
	               32 Bit    Registers := 5     
	                4 Bit    Registers := 2     
	                2 Bit    Registers := 2     
	                1 Bit    Registers := 6     
+---Muxes : 
	   2 Input     32 Bit        Muxes := 4     
	   4 Input     32 Bit        Muxes := 5     
	   2 Input      1 Bit        Muxes := 5     
---------------------------------------------------------------------------------
Finished RTL Hierarchical Component Statistics
---------------------------------------------------------------------------------
---------------------------------------------------------------------------------
Start Part Resource Summary
---------------------------------------------------------------------------------
Part Resources:
DSPs: 220 (col length:60)
BRAMs: 280 (col length: RAMB18 60 RAMB36 30)
---------------------------------------------------------------------------------
Finished Part Resource Summary
---------------------------------------------------------------------------------
---------------------------------------------------------------------------------
Start Cross Boundary and Area Optimization
---------------------------------------------------------------------------------
Warning: Parallel synthesis criteria is not met 
WARNING: [Synth 8-3331] design system_bram_0_0 has unconnected port s00_axi_awprot[2]
WARNING: [Synth 8-3331] design system_bram_0_0 has unconnected port s00_axi_awprot[1]
WARNING: [Synth 8-3331] design system_bram_0_0 has unconnected port s00_axi_awprot[0]
WARNING: [Synth 8-3331] design system_bram_0_0 has unconnected port s00_axi_arprot[2]
WARNING: [Synth 8-3331] design system_bram_0_0 has unconnected port s00_axi_arprot[1]
WARNING: [Synth 8-3331] design system_bram_0_0 has unconnected port s00_axi_arprot[0]
INFO: [Synth 8-3886] merging instance 'inst/bram_v1_0_S00_AXI_inst/axi_rresp_reg[0]' (FDRE) to 'inst/bram_v1_0_S00_AXI_inst/axi_rresp_reg[1]'
INFO: [Synth 8-3333] propagating constant 0 across sequential element (\inst/bram_v1_0_S00_AXI_inst/axi_rresp_reg[1] )
INFO: [Synth 8-3886] merging instance 'inst/bram_v1_0_S00_AXI_inst/axi_bresp_reg[0]' (FDRE) to 'inst/bram_v1_0_S00_AXI_inst/axi_bresp_reg[1]'
INFO: [Synth 8-3333] propagating constant 0 across sequential element (\inst/bram_v1_0_S00_AXI_inst/axi_bresp_reg[1] )
INFO: [Synth 8-3332] Sequential element (inst/bram_v1_0_S00_AXI_inst/axi_bresp_reg[1]) is unused and will be removed from module system_bram_0_0.
INFO: [Synth 8-3332] Sequential element (inst/bram_v1_0_S00_AXI_inst/axi_awaddr_reg[1]) is unused and will be removed from module system_bram_0_0.
INFO: [Synth 8-3332] Sequential element (inst/bram_v1_0_S00_AXI_inst/axi_awaddr_reg[0]) is unused and will be removed from module system_bram_0_0.
INFO: [Synth 8-3332] Sequential element (inst/bram_v1_0_S00_AXI_inst/axi_araddr_reg[1]) is unused and will be removed from module system_bram_0_0.
INFO: [Synth 8-3332] Sequential element (inst/bram_v1_0_S00_AXI_inst/axi_araddr_reg[0]) is unused and will be removed from module system_bram_0_0.
INFO: [Synth 8-3332] Sequential element (inst/bram_v1_0_S00_AXI_inst/axi_rresp_reg[1]) is unused and will be removed from module system_bram_0_0.
INFO: [Synth 8-3332] Sequential element (inst/bram_v1_0_S00_AXI_inst/slv_reg0_reg[31]) is unused and will be removed from module system_bram_0_0.
INFO: [Synth 8-3332] Sequential element (inst/bram_v1_0_S00_AXI_inst/slv_reg0_reg[30]) is unused and will be removed from module system_bram_0_0.
INFO: [Synth 8-3332] Sequential element (inst/bram_v1_0_S00_AXI_inst/slv_reg0_reg[29]) is unused and will be removed from module system_bram_0_0.
INFO: [Synth 8-3332] Sequential element (inst/bram_v1_0_S00_AXI_inst/slv_reg0_reg[28]) is unused and will be removed from module system_bram_0_0.
INFO: [Synth 8-3332] Sequential element (inst/bram_v1_0_S00_AXI_inst/slv_reg0_reg[27]) is unused and will be removed from module system_bram_0_0.
INFO: [Synth 8-3332] Sequential element (inst/bram_v1_0_S00_AXI_inst/slv_reg0_reg[26]) is unused and will be removed from module system_bram_0_0.
INFO: [Synth 8-3332] Sequential element (inst/bram_v1_0_S00_AXI_inst/slv_reg0_reg[25]) is unused and will be removed from module system_bram_0_0.
INFO: [Synth 8-3332] Sequential element (inst/bram_v1_0_S00_AXI_inst/slv_reg0_reg[24]) is unused and will be removed from module system_bram_0_0.
INFO: [Synth 8-3332] Sequential element (inst/bram_v1_0_S00_AXI_inst/slv_reg0_reg[23]) is unused and will be removed from module system_bram_0_0.
INFO: [Synth 8-3332] Sequential element (inst/bram_v1_0_S00_AXI_inst/slv_reg0_reg[22]) is unused and will be removed from module system_bram_0_0.
INFO: [Synth 8-3332] Sequential element (inst/bram_v1_0_S00_AXI_inst/slv_reg0_reg[21]) is unused and will be removed from module system_bram_0_0.
INFO: [Synth 8-3332] Sequential element (inst/bram_v1_0_S00_AXI_inst/slv_reg0_reg[20]) is unused and will be removed from module system_bram_0_0.
INFO: [Synth 8-3332] Sequential element (inst/bram_v1_0_S00_AXI_inst/slv_reg0_reg[19]) is unused and will be removed from module system_bram_0_0.
INFO: [Synth 8-3332] Sequential element (inst/bram_v1_0_S00_AXI_inst/slv_reg0_reg[18]) is unused and will be removed from module system_bram_0_0.
INFO: [Synth 8-3332] Sequential element (inst/bram_v1_0_S00_AXI_inst/slv_reg0_reg[17]) is unused and will be removed from module system_bram_0_0.
INFO: [Synth 8-3332] Sequential element (inst/bram_v1_0_S00_AXI_inst/slv_reg0_reg[16]) is unused and will be removed from module system_bram_0_0.
INFO: [Synth 8-3332] Sequential element (inst/bram_v1_0_S00_AXI_inst/slv_reg0_reg[15]) is unused and will be removed from module system_bram_0_0.
INFO: [Synth 8-3332] Sequential element (inst/bram_v1_0_S00_AXI_inst/slv_reg0_reg[14]) is unused and will be removed from module system_bram_0_0.
INFO: [Synth 8-3332] Sequential element (inst/bram_v1_0_S00_AXI_inst/slv_reg0_reg[13]) is unused and will be removed from module system_bram_0_0.
INFO: [Synth 8-3332] Sequential element (inst/bram_v1_0_S00_AXI_inst/slv_reg0_reg[12]) is unused and will be removed from module system_bram_0_0.
INFO: [Synth 8-3332] Sequential element (inst/bram_v1_0_S00_AXI_inst/slv_reg0_reg[11]) is unused and will be removed from module system_bram_0_0.
INFO: [Synth 8-3332] Sequential element (inst/bram_v1_0_S00_AXI_inst/slv_reg0_reg[10]) is unused and will be removed from module system_bram_0_0.
INFO: [Synth 8-3332] Sequential element (inst/bram_v1_0_S00_AXI_inst/slv_reg0_reg[9]) is unused and will be removed from module system_bram_0_0.
INFO: [Synth 8-3332] Sequential element (inst/bram_v1_0_S00_AXI_inst/slv_reg0_reg[8]) is unused and will be removed from module system_bram_0_0.
INFO: [Synth 8-3332] Sequential element (inst/bram_v1_0_S00_AXI_inst/slv_reg0_reg[7]) is unused and will be removed from module system_bram_0_0.
INFO: [Synth 8-3332] Sequential element (inst/bram_v1_0_S00_AXI_inst/slv_reg0_reg[6]) is unused and will be removed from module system_bram_0_0.
INFO: [Synth 8-3332] Sequential element (inst/bram_v1_0_S00_AXI_inst/slv_reg0_reg[5]) is unused and will be removed from module system_bram_0_0.
INFO: [Synth 8-3332] Sequential element (inst/bram_v1_0_S00_AXI_inst/slv_reg0_reg[4]) is unused and will be removed from module system_bram_0_0.
INFO: [Synth 8-3332] Sequential element (inst/bram_v1_0_S00_AXI_inst/slv_reg0_reg[3]) is unused and will be removed from module system_bram_0_0.
INFO: [Synth 8-3332] Sequential element (inst/bram_v1_0_S00_AXI_inst/slv_reg0_reg[2]) is unused and will be removed from module system_bram_0_0.
INFO: [Synth 8-3332] Sequential element (inst/bram_v1_0_S00_AXI_inst/slv_reg0_reg[1]) is unused and will be removed from module system_bram_0_0.
INFO: [Synth 8-3332] Sequential element (inst/bram_v1_0_S00_AXI_inst/slv_reg1_reg[31]) is unused and will be removed from module system_bram_0_0.
INFO: [Synth 8-3332] Sequential element (inst/bram_v1_0_S00_AXI_inst/slv_reg1_reg[30]) is unused and will be removed from module system_bram_0_0.
INFO: [Synth 8-3332] Sequential element (inst/bram_v1_0_S00_AXI_inst/slv_reg1_reg[29]) is unused and will be removed from module system_bram_0_0.
INFO: [Synth 8-3332] Sequential element (inst/bram_v1_0_S00_AXI_inst/slv_reg1_reg[28]) is unused and will be removed from module system_bram_0_0.
INFO: [Synth 8-3332] Sequential element (inst/bram_v1_0_S00_AXI_inst/slv_reg1_reg[27]) is unused and will be removed from module system_bram_0_0.
INFO: [Synth 8-3332] Sequential element (inst/bram_v1_0_S00_AXI_inst/slv_reg1_reg[26]) is unused and will be removed from module system_bram_0_0.
INFO: [Synth 8-3332] Sequential element (inst/bram_v1_0_S00_AXI_inst/slv_reg1_reg[25]) is unused and will be removed from module system_bram_0_0.
INFO: [Synth 8-3332] Sequential element (inst/bram_v1_0_S00_AXI_inst/slv_reg1_reg[24]) is unused and will be removed from module system_bram_0_0.
INFO: [Synth 8-3332] Sequential element (inst/bram_v1_0_S00_AXI_inst/slv_reg1_reg[23]) is unused and will be removed from module system_bram_0_0.
INFO: [Synth 8-3332] Sequential element (inst/bram_v1_0_S00_AXI_inst/slv_reg1_reg[22]) is unused and will be removed from module system_bram_0_0.
INFO: [Synth 8-3332] Sequential element (inst/bram_v1_0_S00_AXI_inst/slv_reg1_reg[21]) is unused and will be removed from module system_bram_0_0.
INFO: [Synth 8-3332] Sequential element (inst/bram_v1_0_S00_AXI_inst/slv_reg1_reg[20]) is unused and will be removed from module system_bram_0_0.
INFO: [Synth 8-3332] Sequential element (inst/bram_v1_0_S00_AXI_inst/slv_reg1_reg[19]) is unused and will be removed from module system_bram_0_0.
INFO: [Synth 8-3332] Sequential element (inst/bram_v1_0_S00_AXI_inst/slv_reg1_reg[18]) is unused and will be removed from module system_bram_0_0.
INFO: [Synth 8-3332] Sequential element (inst/bram_v1_0_S00_AXI_inst/slv_reg1_reg[17]) is unused and will be removed from module system_bram_0_0.
INFO: [Synth 8-3332] Sequential element (inst/bram_v1_0_S00_AXI_inst/slv_reg1_reg[16]) is unused and will be removed from module system_bram_0_0.
INFO: [Synth 8-3332] Sequential element (inst/bram_v1_0_S00_AXI_inst/slv_reg1_reg[15]) is unused and will be removed from module system_bram_0_0.
INFO: [Synth 8-3332] Sequential element (inst/bram_v1_0_S00_AXI_inst/slv_reg1_reg[14]) is unused and will be removed from module system_bram_0_0.
INFO: [Synth 8-3332] Sequential element (inst/bram_v1_0_S00_AXI_inst/slv_reg1_reg[13]) is unused and will be removed from module system_bram_0_0.
INFO: [Synth 8-3332] Sequential element (inst/bram_v1_0_S00_AXI_inst/slv_reg1_reg[12]) is unused and will be removed from module system_bram_0_0.
INFO: [Synth 8-3332] Sequential element (inst/bram_v1_0_S00_AXI_inst/slv_reg1_reg[11]) is unused and will be removed from module system_bram_0_0.
INFO: [Synth 8-3332] Sequential element (inst/bram_v1_0_S00_AXI_inst/slv_reg1_reg[10]) is unused and will be removed from module system_bram_0_0.
INFO: [Synth 8-3332] Sequential element (inst/bram_v1_0_S00_AXI_inst/slv_reg1_reg[9]) is unused and will be removed from module system_bram_0_0.
INFO: [Synth 8-3332] Sequential element (inst/bram_v1_0_S00_AXI_inst/slv_reg1_reg[8]) is unused and will be removed from module system_bram_0_0.
INFO: [Synth 8-3333] propagating constant 0 across sequential element (\inst/bram_v1_0_S00_AXI_inst/m_ctrl1 /\m1/mem_reg[17][7] )
INFO: [Synth 8-3333] propagating constant 0 across sequential element (\inst/bram_v1_0_S00_AXI_inst/m_ctrl1 /\m1/mem_reg[17][3] )
INFO: [Synth 8-3333] propagating constant 0 across sequential element (\inst/bram_v1_0_S00_AXI_inst/m_ctrl1 /\m1/mem_reg[17][5] )
INFO: [Synth 8-3333] propagating constant 0 across sequential element (\inst/bram_v1_0_S00_AXI_inst/m_ctrl1 /\m1/mem_reg[17][4] )
INFO: [Synth 8-3333] propagating constant 0 across sequential element (\inst/bram_v1_0_S00_AXI_inst/m_ctrl1 /\m1/mem_reg[17][0] )
INFO: [Synth 8-3333] propagating constant 0 across sequential element (\inst/bram_v1_0_S00_AXI_inst/m_ctrl1 /\m1/mem_reg[17][1] )
INFO: [Synth 8-3333] propagating constant 0 across sequential element (\inst/bram_v1_0_S00_AXI_inst/m_ctrl1 /\m1/mem_reg[17][2] )
INFO: [Synth 8-3333] propagating constant 0 across sequential element (\inst/bram_v1_0_S00_AXI_inst/m_ctrl1 /\m1/mem_reg[17][6] )
INFO: [Synth 8-3333] propagating constant 0 across sequential element (\inst/bram_v1_0_S00_AXI_inst/m_ctrl1 /\m1/mem_reg[16][7] )
INFO: [Synth 8-3333] propagating constant 0 across sequential element (\inst/bram_v1_0_S00_AXI_inst/m_ctrl1 /\m1/mem_reg[16][3] )
INFO: [Synth 8-3333] propagating constant 0 across sequential element (\inst/bram_v1_0_S00_AXI_inst/m_ctrl1 /\m1/mem_reg[16][5] )
INFO: [Synth 8-3333] propagating constant 0 across sequential element (\inst/bram_v1_0_S00_AXI_inst/m_ctrl1 /\m1/mem_reg[16][4] )
INFO: [Synth 8-3333] propagating constant 0 across sequential element (\inst/bram_v1_0_S00_AXI_inst/m_ctrl1 /\m1/mem_reg[16][0] )
INFO: [Synth 8-3333] propagating constant 0 across sequential element (\inst/bram_v1_0_S00_AXI_inst/m_ctrl1 /\m1/mem_reg[16][1] )
INFO: [Synth 8-3333] propagating constant 0 across sequential element (\inst/bram_v1_0_S00_AXI_inst/m_ctrl1 /\m1/mem_reg[16][2] )
INFO: [Synth 8-3333] propagating constant 0 across sequential element (\inst/bram_v1_0_S00_AXI_inst/m_ctrl1 /\m1/mem_reg[16][6] )
WARNING: [Synth 8-3332] Sequential element (m1/mem_reg[17][7]) is unused and will be removed from module memory_ctrl.
WARNING: [Synth 8-3332] Sequential element (m1/mem_reg[17][6]) is unused and will be removed from module memory_ctrl.
WARNING: [Synth 8-3332] Sequential element (m1/mem_reg[17][5]) is unused and will be removed from module memory_ctrl.
WARNING: [Synth 8-3332] Sequential element (m1/mem_reg[17][4]) is unused and will be removed from module memory_ctrl.
WARNING: [Synth 8-3332] Sequential element (m1/mem_reg[17][3]) is unused and will be removed from module memory_ctrl.
WARNING: [Synth 8-3332] Sequential element (m1/mem_reg[17][2]) is unused and will be removed from module memory_ctrl.
WARNING: [Synth 8-3332] Sequential element (m1/mem_reg[17][1]) is unused and will be removed from module memory_ctrl.
WARNING: [Synth 8-3332] Sequential element (m1/mem_reg[17][0]) is unused and will be removed from module memory_ctrl.
WARNING: [Synth 8-3332] Sequential element (m1/mem_reg[16][7]) is unused and will be removed from module memory_ctrl.
WARNING: [Synth 8-3332] Sequential element (m1/mem_reg[16][6]) is unused and will be removed from module memory_ctrl.
WARNING: [Synth 8-3332] Sequential element (m1/mem_reg[16][5]) is unused and will be removed from module memory_ctrl.
WARNING: [Synth 8-3332] Sequential element (m1/mem_reg[16][4]) is unused and will be removed from module memory_ctrl.
WARNING: [Synth 8-3332] Sequential element (m1/mem_reg[16][3]) is unused and will be removed from module memory_ctrl.
WARNING: [Synth 8-3332] Sequential element (m1/mem_reg[16][2]) is unused and will be removed from module memory_ctrl.
WARNING: [Synth 8-3332] Sequential element (m1/mem_reg[16][1]) is unused and will be removed from module memory_ctrl.
WARNING: [Synth 8-3332] Sequential element (m1/mem_reg[16][0]) is unused and will be removed from module memory_ctrl.
---------------------------------------------------------------------------------
Finished Cross Boundary and Area Optimization : Time (s): cpu = 00:00:30 ; elapsed = 00:00:45 . Memory (MB): peak = 797.297 ; gain = 506.848
---------------------------------------------------------------------------------
---------------------------------------------------------------------------------
Start ROM, RAM, DSP and Shift Register Reporting
---------------------------------------------------------------------------------

Block RAM: Preliminary Mapping  Report (see note below)
+------------+------------+------------------------+---+---+------------------------+---+---+------------------+--------+--------+
|Module Name | RTL Object | PORT A (Depth x Width) | W | R | PORT B (Depth x Width) | W | R | Ports driving FF | RAMB18 | RAMB36 | 
+------------+------------+------------------------+---+---+------------------------+---+---+------------------+--------+--------+
|mem256X8:   | mem_reg    | 256 x 8(NO_CHANGE)     | W | R |                        |   |   | Port A           | 1      | 0      | 
+------------+------------+------------------------+---+---+------------------------+---+---+------------------+--------+--------+

Note: The tale above is a preliminary report that shows the Block RAMs at the current stage of the synthesis flow. Some Block RAMs may be reimplemented as non Block RAM primitives later in the synthesis flow. Multiple instantiated Block RAMs are reported only once. 
---------------------------------------------------------------------------------
Finished ROM, RAM, DSP and Shift Register Reporting
---------------------------------------------------------------------------------
INFO: [Synth 8-4480] The timing for the instance inst/bram_v1_0_S00_AXI_inst/m_ctrl1/mem_i/i_0/mem_reg (implemented as a block RAM) might be sub-optimal as no optional output register could be merged into the block ram. Providing additional output register may help in improving timing.

Report RTL Partitions: 
+-+--------------+------------+----------+
| |RTL Partition |Replication |Instances |
+-+--------------+------------+----------+
+-+--------------+------------+----------+
---------------------------------------------------------------------------------
Start Applying XDC Timing Constraints
---------------------------------------------------------------------------------
---------------------------------------------------------------------------------
Finished Applying XDC Timing Constraints : Time (s): cpu = 00:00:40 ; elapsed = 00:00:57 . Memory (MB): peak = 805.004 ; gain = 514.555
---------------------------------------------------------------------------------
---------------------------------------------------------------------------------
Start Timing Optimization
---------------------------------------------------------------------------------
---------------------------------------------------------------------------------
Finished Timing Optimization : Time (s): cpu = 00:00:40 ; elapsed = 00:00:57 . Memory (MB): peak = 806.816 ; gain = 516.367
---------------------------------------------------------------------------------
---------------------------------------------------------------------------------
Start ROM, RAM, DSP and Shift Register Reporting
---------------------------------------------------------------------------------

Block RAM: Final Mapping  Report
+------------+------------+------------------------+---+---+------------------------+---+---+------------------+--------+--------+
|Module Name | RTL Object | PORT A (Depth x Width) | W | R | PORT B (Depth x Width) | W | R | Ports driving FF | RAMB18 | RAMB36 | 
+------------+------------+------------------------+---+---+------------------------+---+---+------------------+--------+--------+
|mem256X8:   | mem_reg    | 256 x 8(NO_CHANGE)     | W | R |                        |   |   | Port A           | 1      | 0      | 
+------------+------------+------------------------+---+---+------------------------+---+---+------------------+--------+--------+

---------------------------------------------------------------------------------
Finished ROM, RAM, DSP and Shift Register Reporting
---------------------------------------------------------------------------------

Report RTL Partitions: 
+-+--------------+------------+----------+
| |RTL Partition |Replication |Instances |
+-+--------------+------------+----------+
+-+--------------+------------+----------+
---------------------------------------------------------------------------------
Start Technology Mapping
---------------------------------------------------------------------------------
INFO: [Synth 8-4480] The timing for the instance inst/bram_v1_0_S00_AXI_inst/m_ctrl1/mem_i/mem_reg (implemented as a block RAM) might be sub-optimal as no optional output register could be merged into the block ram. Providing additional output register may help in improving timing.
---------------------------------------------------------------------------------
Finished Technology Mapping : Time (s): cpu = 00:00:41 ; elapsed = 00:00:58 . Memory (MB): peak = 846.074 ; gain = 555.625
---------------------------------------------------------------------------------

Report RTL Partitions: 
+-+--------------+------------+----------+
| |RTL Partition |Replication |Instances |
+-+--------------+------------+----------+
+-+--------------+------------+----------+
---------------------------------------------------------------------------------
Start IO Insertion
---------------------------------------------------------------------------------
---------------------------------------------------------------------------------
Start Flattening Before IO Insertion
---------------------------------------------------------------------------------
---------------------------------------------------------------------------------
Finished Flattening Before IO Insertion
---------------------------------------------------------------------------------
---------------------------------------------------------------------------------
Start Final Netlist Cleanup
---------------------------------------------------------------------------------
---------------------------------------------------------------------------------
Finished Final Netlist Cleanup
---------------------------------------------------------------------------------
---------------------------------------------------------------------------------
Finished IO Insertion : Time (s): cpu = 00:00:43 ; elapsed = 00:01:00 . Memory (MB): peak = 846.074 ; gain = 555.625
---------------------------------------------------------------------------------

Report Check Netlist: 
+------+------------------+-------+---------+-------+------------------+
|      |Item              |Errors |Warnings |Status |Description       |
+------+------------------+-------+---------+-------+------------------+
|1     |multi_driven_nets |      0|        0|Passed |Multi driven nets |
+------+------------------+-------+---------+-------+------------------+
---------------------------------------------------------------------------------
Start Renaming Generated Instances
---------------------------------------------------------------------------------
---------------------------------------------------------------------------------
Finished Renaming Generated Instances : Time (s): cpu = 00:00:43 ; elapsed = 00:01:00 . Memory (MB): peak = 846.074 ; gain = 555.625
---------------------------------------------------------------------------------

Report RTL Partitions: 
+-+--------------+------------+----------+
| |RTL Partition |Replication |Instances |
+-+--------------+------------+----------+
+-+--------------+------------+----------+
---------------------------------------------------------------------------------
Start Rebuilding User Hierarchy
---------------------------------------------------------------------------------
---------------------------------------------------------------------------------
Finished Rebuilding User Hierarchy : Time (s): cpu = 00:00:43 ; elapsed = 00:01:00 . Memory (MB): peak = 846.074 ; gain = 555.625
---------------------------------------------------------------------------------
---------------------------------------------------------------------------------
Start Renaming Generated Ports
---------------------------------------------------------------------------------
---------------------------------------------------------------------------------
Finished Renaming Generated Ports : Time (s): cpu = 00:00:43 ; elapsed = 00:01:00 . Memory (MB): peak = 846.074 ; gain = 555.625
---------------------------------------------------------------------------------
---------------------------------------------------------------------------------
Start Handling Custom Attributes
---------------------------------------------------------------------------------
---------------------------------------------------------------------------------
Finished Handling Custom Attributes : Time (s): cpu = 00:00:43 ; elapsed = 00:01:00 . Memory (MB): peak = 846.074 ; gain = 555.625
---------------------------------------------------------------------------------
---------------------------------------------------------------------------------
Start Renaming Generated Nets
---------------------------------------------------------------------------------
---------------------------------------------------------------------------------
Finished Renaming Generated Nets : Time (s): cpu = 00:00:43 ; elapsed = 00:01:00 . Memory (MB): peak = 846.074 ; gain = 555.625
---------------------------------------------------------------------------------
---------------------------------------------------------------------------------
Start Writing Synthesis Report
---------------------------------------------------------------------------------

Report BlackBoxes: 
+-+--------------+----------+
| |BlackBox name |Instances |
+-+--------------+----------+
+-+--------------+----------+

Report Cell Usage: 
+------+---------+------+
|      |Cell     |Count |
+------+---------+------+
|1     |CARRY4   |   262|
|2     |LUT1     |    19|
|3     |LUT2     |   644|
|4     |LUT3     |    26|
|5     |LUT4     |   277|
|6     |LUT5     |   227|
|7     |LUT6     |   633|
|8     |RAMB18E1 |     1|
|9     |FDCE     |   141|
|10    |FDRE     |   194|
|11    |FDSE     |     1|
+------+---------+------+

Report Instance Areas: 
+------+---------------------------+------------------+------+
|      |Instance                   |Module            |Cells |
+------+---------------------------+------------------+------+
|1     |top                        |                  |  2425|
|2     |  inst                     |bram_v1_0         |  2425|
|3     |    bram_v1_0_S00_AXI_inst |bram_v1_0_S00_AXI |  2425|
|4     |      m_ctrl1              |memory_ctrl       |  2255|
|5     |        mem_i              |mem256X8          |     1|
|6     |        m1                 |matrix            |  2122|
+------+---------------------------+------------------+------+
---------------------------------------------------------------------------------
Finished Writing Synthesis Report : Time (s): cpu = 00:00:43 ; elapsed = 00:01:00 . Memory (MB): peak = 846.074 ; gain = 555.625
---------------------------------------------------------------------------------
Synthesis finished with 0 errors, 0 critical warnings and 22 warnings.
Synthesis Optimization Runtime : Time (s): cpu = 00:00:31 ; elapsed = 00:00:42 . Memory (MB): peak = 846.074 ; gain = 197.848
Synthesis Optimization Complete : Time (s): cpu = 00:00:43 ; elapsed = 00:01:01 . Memory (MB): peak = 846.074 ; gain = 555.625
INFO: [Project 1-571] Translating synthesized netlist
INFO: [Netlist 29-17] Analyzing 263 Unisim elements for replacement
INFO: [Netlist 29-28] Unisim Transformation completed in 0 CPU seconds
WARNING: [Netlist 29-101] Netlist 'system_bram_0_0' is not ideal for floorplanning, since the cellview 'matrix' contains a large number of primitives.  Please consider enabling hierarchy in synthesis if you want to do floorplanning.
INFO: [Project 1-570] Preparing netlist for logic optimization
INFO: [Opt 31-138] Pushed 0 inverter(s) to 0 load pin(s).
INFO: [Project 1-111] Unisim Transformation Summary:
No Unisim elements were transformed.

INFO: [Common 17-83] Releasing license: Synthesis
125 Infos, 34 Warnings, 0 Critical Warnings and 0 Errors encountered.
synth_design completed successfully
synth_design: Time (s): cpu = 00:00:46 ; elapsed = 00:01:06 . Memory (MB): peak = 846.074 ; gain = 563.113
WARNING: [Constraints 18-5210] No constraint will be written out.
INFO: [Common 17-1381] The checkpoint 'C:/Users/User/Desktop/FPGA_Design-master/Lab06/vivado_prj/vivado_prj.runs/system_bram_0_0_synth_1/system_bram_0_0.dcp' has been generated.
