#-----------------------------------------------------------
# Webtalk v2018.2 (64-bit)
# SW Build 2258646 on Thu Jun 14 20:03:12 MDT 2018
# 
# Start of session at: Sun Dec  9 01:17:12 2018
# Process ID: 8600
# Current directory: C:/Users/ricky/Desktop/Xilinx-designtool/project/Lab6/Lab6.sdk/webtalk
# Command line: wbtcv.exe -mode batch -source sdk_webtalk.tcl
# Log file: C:/Users/ricky/Desktop/Xilinx-designtool/project/Lab6/Lab6.sdk/webtalk/webtalk.log
# Journal file: C:/Users/ricky/Desktop/Xilinx-designtool/project/Lab6/Lab6.sdk/webtalk\webtalk.jou
#-----------------------------------------------------------
source sdk_webtalk.tcl
# webtalk_init -webtalk_dir C:\\Users\\ricky\\Desktop\\Xilinx-designtool\\project\\Lab6\\Lab6.sdk\\webtalk
# webtalk_register_client -client project
# webtalk_add_data -client project -key date_generated -value "2018-12-09 01:17:10" -context "software_version_and_target_device"
# webtalk_add_data -client project -key product_version -value "SDK v2018.2" -context "software_version_and_target_device"
# webtalk_add_data -client project -key build_version -value "2018.2" -context "software_version_and_target_device"
# webtalk_add_data -client project -key os_platform -value "amd64" -context "software_version_and_target_device"
# webtalk_add_data -client project -key registration_id -value "211592910_0_0_161" -context "software_version_and_target_device"
# webtalk_add_data -client project -key tool_flow -value "SDK" -context "software_version_and_target_device"
# webtalk_add_data -client project -key beta -value "false" -context "software_version_and_target_device"
# webtalk_add_data -client project -key route_design -value "NA" -context "software_version_and_target_device"
# webtalk_add_data -client project -key target_family -value "NA" -context "software_version_and_target_device"
# webtalk_add_data -client project -key target_device -value "NA" -context "software_version_and_target_device"
# webtalk_add_data -client project -key target_package -value "NA" -context "software_version_and_target_device"
# webtalk_add_data -client project -key target_speed -value "NA" -context "software_version_and_target_device"
# webtalk_add_data -client project -key random_id -value "78q9do13qhmjeiuk9og4dpv1b3" -context "software_version_and_target_device"
# webtalk_add_data -client project -key project_id -value "2018.2_24" -context "software_version_and_target_device"
# webtalk_add_data -client project -key project_iteration -value "24" -context "software_version_and_target_device"
# webtalk_add_data -client project -key os_name -value "Microsoft Windows 8 or later , 64-bit" -context "user_environment"
# webtalk_add_data -client project -key os_release -value "major release  (build 9200)" -context "user_environment"
# webtalk_add_data -client project -key cpu_name -value "Intel(R) Core(TM) i7-7700HQ CPU @ 2.80GHz" -context "user_environment"
# webtalk_add_data -client project -key cpu_speed -value "2808 MHz" -context "user_environment"
# webtalk_add_data -client project -key total_processors -value "1" -context "user_environment"
# webtalk_add_data -client project -key system_ram -value "8.470 GB" -context "user_environment"
# webtalk_register_client -client sdk
# webtalk_add_data -client sdk -key uid -value "1544288772665" -context "sdk\\\\hardware/1544288772665"
# webtalk_add_data -client sdk -key isZynq -value "true" -context "sdk\\\\hardware/1544288772665"
# webtalk_add_data -client sdk -key isZynqMP -value "false" -context "sdk\\\\hardware/1544288772665"
# webtalk_add_data -client sdk -key Processors -value "2" -context "sdk\\\\hardware/1544288772665"
# webtalk_add_data -client sdk -key VivadoVersion -value "2018.2" -context "sdk\\\\hardware/1544288772665"
# webtalk_add_data -client sdk -key Arch -value "zynq" -context "sdk\\\\hardware/1544288772665"
# webtalk_add_data -client sdk -key Device -value "7z020" -context "sdk\\\\hardware/1544288772665"
# webtalk_add_data -client sdk -key IsHandoff -value "true" -context "sdk\\\\hardware/1544288772665"
# webtalk_add_data -client sdk -key os -value "NA" -context "sdk\\\\hardware/1544288772665"
# webtalk_add_data -client sdk -key apptemplate -value "NA" -context "sdk\\\\hardware/1544288772665"
# webtalk_add_data -client sdk -key RecordType -value "HWCreation" -context "sdk\\\\hardware/1544288772665"
# webtalk_add_data -client sdk -key uid -value "1544288806638" -context "sdk\\\\bsp/1544288806638"
# webtalk_add_data -client sdk -key hwid -value "1544288772665" -context "sdk\\\\bsp/1544288806638"
# webtalk_add_data -client sdk -key os -value "standalone" -context "sdk\\\\bsp/1544288806638"
# webtalk_add_data -client sdk -key apptemplate -value "hello_world" -context "sdk\\\\bsp/1544288806638"
# webtalk_add_data -client sdk -key RecordType -value "BSPCreation" -context "sdk\\\\bsp/1544288806638"
# webtalk_add_data -client sdk -key uid -value "1544288815372" -context "sdk\\\\application/1544288815372"
# webtalk_add_data -client sdk -key hwid -value "1544288772665" -context "sdk\\\\application/1544288815372"
# webtalk_add_data -client sdk -key bspid -value "1544288806638" -context "sdk\\\\application/1544288815372"
# webtalk_add_data -client sdk -key newbsp -value "true" -context "sdk\\\\application/1544288815372"
# webtalk_add_data -client sdk -key os -value "standalone" -context "sdk\\\\application/1544288815372"
# webtalk_add_data -client sdk -key apptemplate -value "hello_world" -context "sdk\\\\application/1544288815372"
# webtalk_add_data -client sdk -key RecordType -value "APPCreation" -context "sdk\\\\application/1544288815372"
# webtalk_add_data -client sdk -key LangUsed -value "C" -context "sdk\\\\application/1544288815372"
# webtalk_add_data -client sdk -key Procused -value "ps7_cortexa9" -context "sdk\\\\application/1544288815372"
# webtalk_add_data -client sdk -key projSize -value "611.6171875" -context "sdk\\\\application/1544288815372"
# webtalk_add_data -client sdk -key uid -value "NA" -context "sdk\\\\bsp/1544289430440"
# webtalk_add_data -client sdk -key RecordType -value "ToolUsage" -context "sdk\\\\bsp/1544289430440"
# webtalk_add_data -client sdk -key BootgenCount -value "0" -context "sdk\\\\bsp/1544289430440"
# webtalk_add_data -client sdk -key DebugCount -value "0" -context "sdk\\\\bsp/1544289430440"
# webtalk_add_data -client sdk -key PerfCount -value "0" -context "sdk\\\\bsp/1544289430440"
# webtalk_add_data -client sdk -key FlashCount -value "0" -context "sdk\\\\bsp/1544289430440"
# webtalk_add_data -client sdk -key CrossTriggCount -value "0" -context "sdk\\\\bsp/1544289430440"
# webtalk_add_data -client sdk -key QemuDebugCount -value "0" -context "sdk\\\\bsp/1544289430440"
# webtalk_transmit -clientid 2611421808 -regid "211592910_0_0_161" -xml C:\\Users\\ricky\\Desktop\\Xilinx-designtool\\project\\Lab6\\Lab6.sdk\\webtalk\\usage_statistics_ext_sdk.xml -html C:\\Users\\ricky\\Desktop\\Xilinx-designtool\\project\\Lab6\\Lab6.sdk\\webtalk\\usage_statistics_ext_sdk.html -wdm C:\\Users\\ricky\\Desktop\\Xilinx-designtool\\project\\Lab6\\Lab6.sdk\\webtalk\\sdk_webtalk.wdm -intro "<H3>SDK Usage Report</H3><BR>"
# webtalk_terminate
INFO: [Common 17-206] Exiting Webtalk at Sun Dec  9 01:17:16 2018...
