
*** Running vivado
    with args -log design_1_Final_0_0.vds -m64 -product Vivado -mode batch -messageDb vivado.pb -notrace -source design_1_Final_0_0.tcl


****** Vivado v2018.2 (64-bit)
  **** SW Build 2258646 on Thu Jun 14 20:03:12 MDT 2018
  **** IP Build 2256618 on Thu Jun 14 22:10:49 MDT 2018
    ** Copyright 1986-2018 Xilinx, Inc. All Rights Reserved.

source design_1_Final_0_0.tcl -notrace
Command: synth_design -top design_1_Final_0_0 -part xc7z020clg400-1 -mode out_of_context
Starting synth_design
Attempting to get a license for feature 'Synthesis' and/or device 'xc7z020'
INFO: [Common 17-349] Got license for feature 'Synthesis' and/or device 'xc7z020'
INFO: Launching helper process for spawning children vivado processes
INFO: Helper process launched with PID 554744 
---------------------------------------------------------------------------------
Starting RTL Elaboration : Time (s): cpu = 00:00:04 ; elapsed = 00:00:06 . Memory (MB): peak = 387.449 ; gain = 96.031
---------------------------------------------------------------------------------
INFO: [Synth 8-6157] synthesizing module 'design_1_Final_0_0' [d:/Users/user/Documents/GitHub/Final_4/final/final.srcs/sources_1/bd/design_1/ip/design_1_Final_0_0/synth/design_1_Final_0_0.v:57]
INFO: [Synth 8-6157] synthesizing module 'Final_v1_0' [d:/Users/user/Documents/GitHub/Final_4/final/final.srcs/sources_1/bd/design_1/ipshared/c1ce/hdl/Final_v1_0.v:4]
	Parameter C_S00_AXI_DATA_WIDTH bound to: 32 - type: integer 
	Parameter C_S00_AXI_ADDR_WIDTH bound to: 4 - type: integer 
INFO: [Synth 8-6157] synthesizing module 'Final_v1_0_S00_AXI' [d:/Users/user/Documents/GitHub/Final_4/final/final.srcs/sources_1/bd/design_1/ipshared/c1ce/hdl/Final_v1_0_S00_AXI.v:4]
	Parameter C_S_AXI_DATA_WIDTH bound to: 32 - type: integer 
	Parameter C_S_AXI_ADDR_WIDTH bound to: 4 - type: integer 
	Parameter ADDR_LSB bound to: 2 - type: integer 
	Parameter OPT_MEM_ADDR_BITS bound to: 1 - type: integer 
INFO: [Synth 8-226] default block is never used [d:/Users/user/Documents/GitHub/Final_4/final/final.srcs/sources_1/bd/design_1/ipshared/c1ce/hdl/Final_v1_0_S00_AXI.v:235]
INFO: [Synth 8-226] default block is never used [d:/Users/user/Documents/GitHub/Final_4/final/final.srcs/sources_1/bd/design_1/ipshared/c1ce/hdl/Final_v1_0_S00_AXI.v:376]
INFO: [Synth 8-6157] synthesizing module 'final' [d:/Users/user/Documents/GitHub/Final_4/final/final.srcs/sources_1/bd/design_1/ipshared/c1ce/src/final.v:2]
INFO: [Synth 8-4471] merging register 'led5_b_reg' into 'led4_b_reg' [d:/Users/user/Documents/GitHub/Final_4/final/final.srcs/sources_1/bd/design_1/ipshared/c1ce/src/final.v:19]
WARNING: [Synth 8-6014] Unused sequential element led5_b_reg was removed.  [d:/Users/user/Documents/GitHub/Final_4/final/final.srcs/sources_1/bd/design_1/ipshared/c1ce/src/final.v:19]
WARNING: [Synth 8-3848] Net led in module/entity final does not have driver. [d:/Users/user/Documents/GitHub/Final_4/final/final.srcs/sources_1/bd/design_1/ipshared/c1ce/src/final.v:11]
INFO: [Synth 8-6155] done synthesizing module 'final' (1#1) [d:/Users/user/Documents/GitHub/Final_4/final/final.srcs/sources_1/bd/design_1/ipshared/c1ce/src/final.v:2]
WARNING: [Synth 8-6014] Unused sequential element slv_reg2_reg was removed.  [d:/Users/user/Documents/GitHub/Final_4/final/final.srcs/sources_1/bd/design_1/ipshared/c1ce/hdl/Final_v1_0_S00_AXI.v:229]
INFO: [Synth 8-6155] done synthesizing module 'Final_v1_0_S00_AXI' (2#1) [d:/Users/user/Documents/GitHub/Final_4/final/final.srcs/sources_1/bd/design_1/ipshared/c1ce/hdl/Final_v1_0_S00_AXI.v:4]
INFO: [Synth 8-6155] done synthesizing module 'Final_v1_0' (3#1) [d:/Users/user/Documents/GitHub/Final_4/final/final.srcs/sources_1/bd/design_1/ipshared/c1ce/hdl/Final_v1_0.v:4]
INFO: [Synth 8-6155] done synthesizing module 'design_1_Final_0_0' (4#1) [d:/Users/user/Documents/GitHub/Final_4/final/final.srcs/sources_1/bd/design_1/ip/design_1_Final_0_0/synth/design_1_Final_0_0.v:57]
WARNING: [Synth 8-3331] design final has unconnected port led[3]
WARNING: [Synth 8-3331] design final has unconnected port led[2]
WARNING: [Synth 8-3331] design final has unconnected port led[1]
WARNING: [Synth 8-3331] design final has unconnected port led[0]
WARNING: [Synth 8-3331] design Final_v1_0_S00_AXI has unconnected port S_AXI_AWPROT[2]
WARNING: [Synth 8-3331] design Final_v1_0_S00_AXI has unconnected port S_AXI_AWPROT[1]
WARNING: [Synth 8-3331] design Final_v1_0_S00_AXI has unconnected port S_AXI_AWPROT[0]
WARNING: [Synth 8-3331] design Final_v1_0_S00_AXI has unconnected port S_AXI_ARPROT[2]
WARNING: [Synth 8-3331] design Final_v1_0_S00_AXI has unconnected port S_AXI_ARPROT[1]
WARNING: [Synth 8-3331] design Final_v1_0_S00_AXI has unconnected port S_AXI_ARPROT[0]
---------------------------------------------------------------------------------
Finished RTL Elaboration : Time (s): cpu = 00:00:06 ; elapsed = 00:00:08 . Memory (MB): peak = 441.922 ; gain = 150.504
---------------------------------------------------------------------------------

Report Check Netlist: 
+------+------------------+-------+---------+-------+------------------+
|      |Item              |Errors |Warnings |Status |Description       |
+------+------------------+-------+---------+-------+------------------+
|1     |multi_driven_nets |      0|        0|Passed |Multi driven nets |
+------+------------------+-------+---------+-------+------------------+
---------------------------------------------------------------------------------
Start Handling Custom Attributes
---------------------------------------------------------------------------------
---------------------------------------------------------------------------------
Finished Handling Custom Attributes : Time (s): cpu = 00:00:06 ; elapsed = 00:00:09 . Memory (MB): peak = 441.922 ; gain = 150.504
---------------------------------------------------------------------------------
---------------------------------------------------------------------------------
Finished RTL Optimization Phase 1 : Time (s): cpu = 00:00:06 ; elapsed = 00:00:09 . Memory (MB): peak = 441.922 ; gain = 150.504
---------------------------------------------------------------------------------
INFO: [Device 21-403] Loading part xc7z020clg400-1
INFO: [Project 1-570] Preparing netlist for logic optimization

Processing XDC Constraints
Initializing timing engine
Parsing XDC File [d:/Users/user/Documents/GitHub/Final_4/final/final.srcs/sources_1/bd/design_1/xdc/final_ooc.xdc] for cell 'inst'
Finished Parsing XDC File [d:/Users/user/Documents/GitHub/Final_4/final/final.srcs/sources_1/bd/design_1/xdc/final_ooc.xdc] for cell 'inst'
Parsing XDC File [D:/Users/user/Documents/GitHub/Final_4/final/final.runs/design_1_Final_0_0_synth_1/dont_touch.xdc]
Finished Parsing XDC File [D:/Users/user/Documents/GitHub/Final_4/final/final.runs/design_1_Final_0_0_synth_1/dont_touch.xdc]
Completed Processing XDC Constraints

INFO: [Project 1-111] Unisim Transformation Summary:
No Unisim elements were transformed.

Constraint Validation Runtime : Time (s): cpu = 00:00:00 ; elapsed = 00:00:00.647 . Memory (MB): peak = 797.367 ; gain = 1.379
---------------------------------------------------------------------------------
Finished Constraint Validation : Time (s): cpu = 00:00:25 ; elapsed = 00:00:42 . Memory (MB): peak = 797.367 ; gain = 505.949
---------------------------------------------------------------------------------
---------------------------------------------------------------------------------
Start Loading Part and Timing Information
---------------------------------------------------------------------------------
Loading part: xc7z020clg400-1
---------------------------------------------------------------------------------
Finished Loading Part and Timing Information : Time (s): cpu = 00:00:25 ; elapsed = 00:00:42 . Memory (MB): peak = 797.367 ; gain = 505.949
---------------------------------------------------------------------------------
---------------------------------------------------------------------------------
Start Applying 'set_property' XDC Constraints
---------------------------------------------------------------------------------
Applied set_property DONT_TOUCH = true for inst. (constraint file  D:/Users/user/Documents/GitHub/Final_4/final/final.runs/design_1_Final_0_0_synth_1/dont_touch.xdc, line 9).
---------------------------------------------------------------------------------
Finished applying 'set_property' XDC Constraints : Time (s): cpu = 00:00:25 ; elapsed = 00:00:42 . Memory (MB): peak = 797.367 ; gain = 505.949
---------------------------------------------------------------------------------
INFO: [Synth 8-5544] ROM "led4_r" won't be mapped to Block RAM because address size (2) smaller than threshold (5)
INFO: [Synth 8-5544] ROM "led4_r" won't be mapped to Block RAM because address size (2) smaller than threshold (5)
---------------------------------------------------------------------------------
Finished RTL Optimization Phase 2 : Time (s): cpu = 00:00:25 ; elapsed = 00:00:43 . Memory (MB): peak = 797.367 ; gain = 505.949
---------------------------------------------------------------------------------

Report RTL Partitions: 
+-+--------------+------------+----------+
| |RTL Partition |Replication |Instances |
+-+--------------+------------+----------+
+-+--------------+------------+----------+
---------------------------------------------------------------------------------
Start RTL Component Statistics 
---------------------------------------------------------------------------------
Detailed RTL Component Info : 
+---Registers : 
	               32 Bit    Registers := 4     
	                4 Bit    Registers := 2     
	                2 Bit    Registers := 2     
	                1 Bit    Registers := 11    
+---Muxes : 
	   2 Input     32 Bit        Muxes := 3     
	   4 Input     32 Bit        Muxes := 4     
	   3 Input      2 Bit        Muxes := 1     
	   2 Input      1 Bit        Muxes := 12    
	   3 Input      1 Bit        Muxes := 4     
	   4 Input      1 Bit        Muxes := 1     
---------------------------------------------------------------------------------
Finished RTL Component Statistics 
---------------------------------------------------------------------------------
---------------------------------------------------------------------------------
Start RTL Hierarchical Component Statistics 
---------------------------------------------------------------------------------
Hierarchical RTL Component report 
Module final 
Detailed RTL Component Info : 
+---Registers : 
	                1 Bit    Registers := 5     
+---Muxes : 
	   3 Input      2 Bit        Muxes := 1     
	   2 Input      1 Bit        Muxes := 7     
	   3 Input      1 Bit        Muxes := 4     
	   4 Input      1 Bit        Muxes := 1     
Module Final_v1_0_S00_AXI 
Detailed RTL Component Info : 
+---Registers : 
	               32 Bit    Registers := 4     
	                4 Bit    Registers := 2     
	                2 Bit    Registers := 2     
	                1 Bit    Registers := 6     
+---Muxes : 
	   2 Input     32 Bit        Muxes := 3     
	   4 Input     32 Bit        Muxes := 4     
	   2 Input      1 Bit        Muxes := 5     
---------------------------------------------------------------------------------
Finished RTL Hierarchical Component Statistics
---------------------------------------------------------------------------------
---------------------------------------------------------------------------------
Start Part Resource Summary
---------------------------------------------------------------------------------
Part Resources:
DSPs: 220 (col length:60)
BRAMs: 280 (col length: RAMB18 60 RAMB36 30)
---------------------------------------------------------------------------------
Finished Part Resource Summary
---------------------------------------------------------------------------------
---------------------------------------------------------------------------------
Start Cross Boundary and Area Optimization
---------------------------------------------------------------------------------
Warning: Parallel synthesis criteria is not met 
WARNING: [Synth 8-3331] design Final_v1_0 has unconnected port led[3]
WARNING: [Synth 8-3331] design Final_v1_0 has unconnected port led[2]
WARNING: [Synth 8-3331] design Final_v1_0 has unconnected port led[1]
WARNING: [Synth 8-3331] design Final_v1_0 has unconnected port led[0]
WARNING: [Synth 8-3331] design Final_v1_0 has unconnected port s00_axi_awprot[2]
WARNING: [Synth 8-3331] design Final_v1_0 has unconnected port s00_axi_awprot[1]
WARNING: [Synth 8-3331] design Final_v1_0 has unconnected port s00_axi_awprot[0]
WARNING: [Synth 8-3331] design Final_v1_0 has unconnected port s00_axi_arprot[2]
WARNING: [Synth 8-3331] design Final_v1_0 has unconnected port s00_axi_arprot[1]
WARNING: [Synth 8-3331] design Final_v1_0 has unconnected port s00_axi_arprot[0]
INFO: [Synth 8-3886] merging instance 'inst/Final_v1_0_S00_AXI_inst/axi_rresp_reg[0]' (FDRE) to 'inst/Final_v1_0_S00_AXI_inst/axi_rresp_reg[1]'
INFO: [Synth 8-3333] propagating constant 0 across sequential element (inst/\Final_v1_0_S00_AXI_inst/axi_rresp_reg[1] )
INFO: [Synth 8-3886] merging instance 'inst/Final_v1_0_S00_AXI_inst/axi_bresp_reg[0]' (FDRE) to 'inst/Final_v1_0_S00_AXI_inst/axi_bresp_reg[1]'
INFO: [Synth 8-3333] propagating constant 0 across sequential element (inst/\Final_v1_0_S00_AXI_inst/axi_bresp_reg[1] )
INFO: [Synth 8-3333] propagating constant 0 across sequential element (inst/\Final_v1_0_S00_AXI_inst/f/led4_b_reg )
WARNING: [Synth 8-3332] Sequential element (Final_v1_0_S00_AXI_inst/axi_awaddr_reg[1]) is unused and will be removed from module Final_v1_0.
WARNING: [Synth 8-3332] Sequential element (Final_v1_0_S00_AXI_inst/axi_awaddr_reg[0]) is unused and will be removed from module Final_v1_0.
WARNING: [Synth 8-3332] Sequential element (Final_v1_0_S00_AXI_inst/f/led4_b_reg) is unused and will be removed from module Final_v1_0.
WARNING: [Synth 8-3332] Sequential element (Final_v1_0_S00_AXI_inst/axi_bresp_reg[1]) is unused and will be removed from module Final_v1_0.
WARNING: [Synth 8-3332] Sequential element (Final_v1_0_S00_AXI_inst/axi_araddr_reg[1]) is unused and will be removed from module Final_v1_0.
WARNING: [Synth 8-3332] Sequential element (Final_v1_0_S00_AXI_inst/axi_araddr_reg[0]) is unused and will be removed from module Final_v1_0.
WARNING: [Synth 8-3332] Sequential element (Final_v1_0_S00_AXI_inst/axi_rresp_reg[1]) is unused and will be removed from module Final_v1_0.
---------------------------------------------------------------------------------
Finished Cross Boundary and Area Optimization : Time (s): cpu = 00:00:27 ; elapsed = 00:00:46 . Memory (MB): peak = 797.367 ; gain = 505.949
---------------------------------------------------------------------------------

Report RTL Partitions: 
+-+--------------+------------+----------+
| |RTL Partition |Replication |Instances |
+-+--------------+------------+----------+
+-+--------------+------------+----------+
---------------------------------------------------------------------------------
Start Applying XDC Timing Constraints
---------------------------------------------------------------------------------
---------------------------------------------------------------------------------
Finished Applying XDC Timing Constraints : Time (s): cpu = 00:00:47 ; elapsed = 00:01:09 . Memory (MB): peak = 797.367 ; gain = 505.949
---------------------------------------------------------------------------------
---------------------------------------------------------------------------------
Start Timing Optimization
---------------------------------------------------------------------------------
---------------------------------------------------------------------------------
Finished Timing Optimization : Time (s): cpu = 00:00:47 ; elapsed = 00:01:09 . Memory (MB): peak = 802.578 ; gain = 511.160
---------------------------------------------------------------------------------

Report RTL Partitions: 
+-+--------------+------------+----------+
| |RTL Partition |Replication |Instances |
+-+--------------+------------+----------+
+-+--------------+------------+----------+
---------------------------------------------------------------------------------
Start Technology Mapping
---------------------------------------------------------------------------------
---------------------------------------------------------------------------------
Finished Technology Mapping : Time (s): cpu = 00:00:47 ; elapsed = 00:01:09 . Memory (MB): peak = 803.082 ; gain = 511.664
---------------------------------------------------------------------------------

Report RTL Partitions: 
+-+--------------+------------+----------+
| |RTL Partition |Replication |Instances |
+-+--------------+------------+----------+
+-+--------------+------------+----------+
---------------------------------------------------------------------------------
Start IO Insertion
---------------------------------------------------------------------------------
---------------------------------------------------------------------------------
Start Flattening Before IO Insertion
---------------------------------------------------------------------------------
---------------------------------------------------------------------------------
Finished Flattening Before IO Insertion
---------------------------------------------------------------------------------
---------------------------------------------------------------------------------
Start Final Netlist Cleanup
---------------------------------------------------------------------------------
---------------------------------------------------------------------------------
Finished Final Netlist Cleanup
---------------------------------------------------------------------------------
---------------------------------------------------------------------------------
Finished IO Insertion : Time (s): cpu = 00:00:49 ; elapsed = 00:01:12 . Memory (MB): peak = 803.082 ; gain = 511.664
---------------------------------------------------------------------------------

Report Check Netlist: 
+------+------------------+-------+---------+-------+------------------+
|      |Item              |Errors |Warnings |Status |Description       |
+------+------------------+-------+---------+-------+------------------+
|1     |multi_driven_nets |      0|        0|Passed |Multi driven nets |
+------+------------------+-------+---------+-------+------------------+
---------------------------------------------------------------------------------
Start Renaming Generated Instances
---------------------------------------------------------------------------------
---------------------------------------------------------------------------------
Finished Renaming Generated Instances : Time (s): cpu = 00:00:49 ; elapsed = 00:01:12 . Memory (MB): peak = 803.082 ; gain = 511.664
---------------------------------------------------------------------------------

Report RTL Partitions: 
+-+--------------+------------+----------+
| |RTL Partition |Replication |Instances |
+-+--------------+------------+----------+
+-+--------------+------------+----------+
---------------------------------------------------------------------------------
Start Rebuilding User Hierarchy
---------------------------------------------------------------------------------
---------------------------------------------------------------------------------
Finished Rebuilding User Hierarchy : Time (s): cpu = 00:00:49 ; elapsed = 00:01:12 . Memory (MB): peak = 803.082 ; gain = 511.664
---------------------------------------------------------------------------------
---------------------------------------------------------------------------------
Start Renaming Generated Ports
---------------------------------------------------------------------------------
---------------------------------------------------------------------------------
Finished Renaming Generated Ports : Time (s): cpu = 00:00:49 ; elapsed = 00:01:12 . Memory (MB): peak = 803.082 ; gain = 511.664
---------------------------------------------------------------------------------
---------------------------------------------------------------------------------
Start Handling Custom Attributes
---------------------------------------------------------------------------------
---------------------------------------------------------------------------------
Finished Handling Custom Attributes : Time (s): cpu = 00:00:49 ; elapsed = 00:01:12 . Memory (MB): peak = 803.082 ; gain = 511.664
---------------------------------------------------------------------------------
---------------------------------------------------------------------------------
Start Renaming Generated Nets
---------------------------------------------------------------------------------
---------------------------------------------------------------------------------
Finished Renaming Generated Nets : Time (s): cpu = 00:00:49 ; elapsed = 00:01:12 . Memory (MB): peak = 803.082 ; gain = 511.664
---------------------------------------------------------------------------------
---------------------------------------------------------------------------------
Start Writing Synthesis Report
---------------------------------------------------------------------------------

Report BlackBoxes: 
+-+--------------+----------+
| |BlackBox name |Instances |
+-+--------------+----------+
+-+--------------+----------+

Report Cell Usage: 
+------+-------+------+
|      |Cell   |Count |
+------+-------+------+
|1     |CARRY4 |     2|
|2     |LUT1   |     1|
|3     |LUT2   |     1|
|4     |LUT3   |     4|
|5     |LUT4   |    37|
|6     |LUT5   |    28|
|7     |LUT6   |     8|
|8     |MUXF7  |     1|
|9     |FDRE   |   141|
|10    |FDSE   |     1|
+------+-------+------+

Report Instance Areas: 
+------+----------------------------+-------------------+------+
|      |Instance                    |Module             |Cells |
+------+----------------------------+-------------------+------+
|1     |top                         |                   |   224|
|2     |  inst                      |Final_v1_0         |   224|
|3     |    Final_v1_0_S00_AXI_inst |Final_v1_0_S00_AXI |   224|
|4     |      f                     |final              |    26|
+------+----------------------------+-------------------+------+
---------------------------------------------------------------------------------
Finished Writing Synthesis Report : Time (s): cpu = 00:00:49 ; elapsed = 00:01:12 . Memory (MB): peak = 803.082 ; gain = 511.664
---------------------------------------------------------------------------------
Synthesis finished with 0 errors, 0 critical warnings and 17 warnings.
Synthesis Optimization Runtime : Time (s): cpu = 00:00:29 ; elapsed = 00:00:44 . Memory (MB): peak = 803.082 ; gain = 156.219
Synthesis Optimization Complete : Time (s): cpu = 00:00:49 ; elapsed = 00:01:12 . Memory (MB): peak = 803.082 ; gain = 511.664
INFO: [Project 1-571] Translating synthesized netlist
INFO: [Netlist 29-17] Analyzing 3 Unisim elements for replacement
INFO: [Netlist 29-28] Unisim Transformation completed in 0 CPU seconds
INFO: [Project 1-570] Preparing netlist for logic optimization
INFO: [Opt 31-138] Pushed 0 inverter(s) to 0 load pin(s).
INFO: [Project 1-111] Unisim Transformation Summary:
No Unisim elements were transformed.

INFO: [Common 17-83] Releasing license: Synthesis
29 Infos, 30 Warnings, 0 Critical Warnings and 0 Errors encountered.
synth_design completed successfully
synth_design: Time (s): cpu = 00:00:52 ; elapsed = 00:01:18 . Memory (MB): peak = 815.379 ; gain = 533.332
WARNING: [Constraints 18-5210] No constraint will be written out.
INFO: [Common 17-1381] The checkpoint 'D:/Users/user/Documents/GitHub/Final_4/final/final.runs/design_1_Final_0_0_synth_1/design_1_Final_0_0.dcp' has been generated.
