Copyright 1986-2018 Xilinx, Inc. All Rights Reserved.
----------------------------------------------------------------------------------------
| Tool Version : Vivado v.2018.2 (win64) Build 2258646 Thu Jun 14 20:03:12 MDT 2018
| Date         : Sun Dec  9 14:47:32 2018
| Host         : Happy running 64-bit major release  (build 9200)
| Command      : report_control_sets -verbose -file hw6_wrapper_control_sets_placed.rpt
| Design       : hw6_wrapper
| Device       : xc7z020
----------------------------------------------------------------------------------------

Control Set Information

Table of Contents
-----------------
1. Summary
2. Histogram
3. Flip-Flop Distribution
4. Detailed Control Set Information

1. Summary
----------

+----------------------------------------------------------+-------+
|                          Status                          | Count |
+----------------------------------------------------------+-------+
| Number of unique control sets                            |    65 |
| Unused register locations in slices containing registers |    42 |
+----------------------------------------------------------+-------+


2. Histogram
------------

+--------+--------------+
| Fanout | Control Sets |
+--------+--------------+
|      4 |            4 |
|      8 |            4 |
|     10 |            1 |
|     12 |            1 |
|    16+ |           55 |
+--------+--------------+


3. Flip-Flop Distribution
-------------------------

+--------------+-----------------------+------------------------+-----------------+--------------+
| Clock Enable | Synchronous Set/Reset | Asynchronous Set/Reset | Total Registers | Total Slices |
+--------------+-----------------------+------------------------+-----------------+--------------+
| No           | No                    | No                     |             328 |           53 |
| No           | No                    | Yes                    |               8 |            2 |
| No           | Yes                   | No                     |             214 |           41 |
| Yes          | No                    | No                     |             794 |           86 |
| Yes          | No                    | Yes                    |               0 |            0 |
| Yes          | Yes                   | No                     |             662 |          124 |
+--------------+-----------------------+------------------------+-----------------+--------------+


4. Detailed Control Set Information
-----------------------------------

+-----------------------------------------------------------+-----------------------------------------------------------------------------------------------------------------------------------------------------------+---------------------------------------------------------------------------------------------------------------------------------------+------------------+----------------+
|                        Clock Signal                       |                                                                       Enable Signal                                                                       |                                                            Set/Reset Signal                                                           | Slice Load Count | Bel Load Count |
+-----------------------------------------------------------+-----------------------------------------------------------------------------------------------------------------------------------------------------------+---------------------------------------------------------------------------------------------------------------------------------------+------------------+----------------+
|  hw6_i/processing_system7_0/inst/FCLK_CLK0                | hw6_i/ps7_0_axi_periph/s00_couplers/auto_pc/inst/gen_axilite.gen_b2s_conv.axilite_b2s/WR.b_channel_0/bid_fifo_0/bresp_push                                |                                                                                                                                       |                1 |              4 |
| ~hw6_i/bram_0/inst/bram_v1_0_S00_AXI_inst/m_ctrl1/clk_4_f |                                                                                                                                                           | hw6_i/bram_0/inst/bram_v1_0_S00_AXI_inst/m_ctrl1/clk_4[1]_i_2_n_0                                                                     |                1 |              4 |
| ~hw6_i/processing_system7_0/inst/FCLK_CLK0                |                                                                                                                                                           | hw6_i/bram_0/inst/bram_v1_0_S00_AXI_inst/m_ctrl1/clk_4[1]_i_2_n_0                                                                     |                1 |              4 |
|  hw6_i/processing_system7_0/inst/FCLK_CLK0                | hw6_i/bram_0/inst/bram_v1_0_S00_AXI_inst/slv_reg1[7]_i_1_n_0                                                                                              | hw6_i/bram_0/inst/bram_v1_0_S00_AXI_inst/axi_awready_i_1_n_0                                                                          |                1 |              4 |
|  hw6_i/processing_system7_0/inst/FCLK_CLK0                | hw6_i/ps7_0_axi_periph/s00_couplers/auto_pc/inst/gen_axilite.gen_b2s_conv.axilite_b2s/RD.ar_channel_0/ar_cmd_fsm_0/E[0]                                   | hw6_i/ps7_0_axi_periph/s00_couplers/auto_pc/inst/gen_axilite.gen_b2s_conv.axilite_b2s/RD.ar_channel_0/ar_cmd_fsm_0/axlen_cnt_reg[7]   |                1 |              8 |
|  hw6_i/processing_system7_0/inst/FCLK_CLK0                |                                                                                                                                                           | hw6_i/ps7_0_axi_periph/s00_couplers/auto_pc/inst/gen_axilite.gen_b2s_conv.axilite_b2s/SI_REG/ar.ar_pipe/m_valid_i_reg_0               |                3 |              8 |
|  hw6_i/processing_system7_0/inst/FCLK_CLK0                |                                                                                                                                                           | hw6_i/ps7_0_axi_periph/s00_couplers/auto_pc/inst/gen_axilite.gen_b2s_conv.axilite_b2s/SI_REG/aw.aw_pipe/s_ready_i_reg_0               |                4 |              8 |
|  hw6_i/processing_system7_0/inst/FCLK_CLK0                | hw6_i/ps7_0_axi_periph/s00_couplers/auto_pc/inst/gen_axilite.gen_b2s_conv.axilite_b2s/WR.aw_channel_0/aw_cmd_fsm_0/axaddr_wrap_reg[11][0]                 | hw6_i/ps7_0_axi_periph/s00_couplers/auto_pc/inst/gen_axilite.gen_b2s_conv.axilite_b2s/WR.aw_channel_0/aw_cmd_fsm_0/axlen_cnt_reg[7]_1 |                2 |              8 |
|  hw6_i/processing_system7_0/inst/FCLK_CLK0                |                                                                                                                                                           | hw6_i/rst_ps7_0_100M/U0/EXT_LPF/lpf_int                                                                                               |                3 |             10 |
|  hw6_i/processing_system7_0/inst/FCLK_CLK0                | hw6_i/rst_ps7_0_100M/U0/SEQ/seq_cnt_en                                                                                                                    | hw6_i/rst_ps7_0_100M/U0/SEQ/SEQ_COUNTER/clear                                                                                         |                1 |             12 |
|  hw6_i/processing_system7_0/inst/FCLK_CLK0                | hw6_i/ps7_0_axi_periph/s00_couplers/auto_pc/inst/gen_axilite.gen_b2s_conv.axilite_b2s/WR.aw_channel_0/aw_cmd_fsm_0/E[0]                                   |                                                                                                                                       |                2 |             16 |
|  hw6_i/processing_system7_0/inst/FCLK_CLK0                | hw6_i/ps7_0_axi_periph/s00_couplers/auto_pc/inst/gen_axilite.gen_b2s_conv.axilite_b2s/WR.aw_channel_0/cmd_translator_0/incr_cmd_0/axaddr_incr[11]_i_1_n_0 |                                                                                                                                       |                3 |             16 |
|  hw6_i/processing_system7_0/inst/FCLK_CLK0                | hw6_i/bram_0/inst/bram_v1_0_S00_AXI_inst/p_1_in[23]                                                                                                       | hw6_i/bram_0/inst/bram_v1_0_S00_AXI_inst/axi_awready_i_1_n_0                                                                          |                1 |             16 |
|  hw6_i/processing_system7_0/inst/FCLK_CLK0                | hw6_i/ps7_0_axi_periph/s00_couplers/auto_pc/inst/gen_axilite.gen_b2s_conv.axilite_b2s/WR.b_channel_0/mhandshake_r                                         | hw6_i/ps7_0_axi_periph/s00_couplers/auto_pc/inst/gen_axilite.gen_b2s_conv.axilite_b2s/WR.b_channel_0/bid_fifo_0/SR[0]                 |                3 |             16 |
|  hw6_i/processing_system7_0/inst/FCLK_CLK0                | hw6_i/bram_0/inst/bram_v1_0_S00_AXI_inst/slv_reg2[15]_i_1_n_0                                                                                             | hw6_i/bram_0/inst/bram_v1_0_S00_AXI_inst/axi_awready_i_1_n_0                                                                          |                1 |             16 |
|  hw6_i/processing_system7_0/inst/FCLK_CLK0                | hw6_i/bram_0/inst/bram_v1_0_S00_AXI_inst/slv_reg2[23]_i_1_n_0                                                                                             | hw6_i/bram_0/inst/bram_v1_0_S00_AXI_inst/axi_awready_i_1_n_0                                                                          |                1 |             16 |
|  hw6_i/processing_system7_0/inst/FCLK_CLK0                | hw6_i/bram_0/inst/bram_v1_0_S00_AXI_inst/slv_reg2[31]_i_1_n_0                                                                                             | hw6_i/bram_0/inst/bram_v1_0_S00_AXI_inst/axi_awready_i_1_n_0                                                                          |                1 |             16 |
|  hw6_i/processing_system7_0/inst/FCLK_CLK0                | hw6_i/bram_0/inst/bram_v1_0_S00_AXI_inst/slv_reg2[7]_i_1_n_0                                                                                              | hw6_i/bram_0/inst/bram_v1_0_S00_AXI_inst/axi_awready_i_1_n_0                                                                          |                1 |             16 |
|  hw6_i/processing_system7_0/inst/FCLK_CLK0                | hw6_i/bram_0/inst/bram_v1_0_S00_AXI_inst/p_1_in[31]                                                                                                       | hw6_i/bram_0/inst/bram_v1_0_S00_AXI_inst/axi_awready_i_1_n_0                                                                          |                2 |             16 |
|  hw6_i/processing_system7_0/inst/FCLK_CLK0                | hw6_i/bram_0/inst/bram_v1_0_S00_AXI_inst/p_1_in[7]                                                                                                        | hw6_i/bram_0/inst/bram_v1_0_S00_AXI_inst/axi_awready_i_1_n_0                                                                          |                1 |             16 |
|  hw6_i/processing_system7_0/inst/FCLK_CLK0                | hw6_i/bram_0/inst/bram_v1_0_S00_AXI_inst/p_1_in[15]                                                                                                       | hw6_i/bram_0/inst/bram_v1_0_S00_AXI_inst/axi_awready_i_1_n_0                                                                          |                1 |             16 |
|  hw6_i/processing_system7_0/inst/FCLK_CLK0                | hw6_i/matrix_0/inst/matrix_v1_0_S00_AXI_inst/slv_reg1[15]_i_1_n_0                                                                                         | hw6_i/matrix_0/inst/matrix_v1_0_S00_AXI_inst/axi_awready_i_1_n_0                                                                      |                7 |             16 |
|  hw6_i/processing_system7_0/inst/FCLK_CLK0                | hw6_i/matrix_0/inst/matrix_v1_0_S00_AXI_inst/slv_reg1[23]_i_1_n_0                                                                                         | hw6_i/matrix_0/inst/matrix_v1_0_S00_AXI_inst/axi_awready_i_1_n_0                                                                      |                4 |             16 |
|  hw6_i/processing_system7_0/inst/FCLK_CLK0                | hw6_i/matrix_0/inst/matrix_v1_0_S00_AXI_inst/slv_reg1[31]_i_1_n_0                                                                                         | hw6_i/matrix_0/inst/matrix_v1_0_S00_AXI_inst/axi_awready_i_1_n_0                                                                      |                3 |             16 |
|  hw6_i/processing_system7_0/inst/FCLK_CLK0                | hw6_i/matrix_0/inst/matrix_v1_0_S00_AXI_inst/slv_reg1[7]_i_1_n_0                                                                                          | hw6_i/matrix_0/inst/matrix_v1_0_S00_AXI_inst/axi_awready_i_1_n_0                                                                      |                4 |             16 |
|  hw6_i/processing_system7_0/inst/FCLK_CLK0                | hw6_i/matrix_0/inst/matrix_v1_0_S00_AXI_inst/slv_reg5[23]_i_1_n_0                                                                                         | hw6_i/matrix_0/inst/matrix_v1_0_S00_AXI_inst/axi_awready_i_1_n_0                                                                      |                3 |             16 |
|  hw6_i/processing_system7_0/inst/FCLK_CLK0                | hw6_i/matrix_0/inst/matrix_v1_0_S00_AXI_inst/slv_reg2[15]_i_1_n_0                                                                                         | hw6_i/matrix_0/inst/matrix_v1_0_S00_AXI_inst/axi_awready_i_1_n_0                                                                      |                5 |             16 |
|  hw6_i/processing_system7_0/inst/FCLK_CLK0                | hw6_i/matrix_0/inst/matrix_v1_0_S00_AXI_inst/slv_reg4[7]_i_1_n_0                                                                                          | hw6_i/matrix_0/inst/matrix_v1_0_S00_AXI_inst/axi_awready_i_1_n_0                                                                      |                1 |             16 |
|  hw6_i/processing_system7_0/inst/FCLK_CLK0                | hw6_i/matrix_0/inst/matrix_v1_0_S00_AXI_inst/slv_reg2[23]_i_1_n_0                                                                                         | hw6_i/matrix_0/inst/matrix_v1_0_S00_AXI_inst/axi_awready_i_1_n_0                                                                      |                1 |             16 |
|  hw6_i/processing_system7_0/inst/FCLK_CLK0                | hw6_i/matrix_0/inst/matrix_v1_0_S00_AXI_inst/slv_reg4[15]_i_1_n_0                                                                                         | hw6_i/matrix_0/inst/matrix_v1_0_S00_AXI_inst/axi_awready_i_1_n_0                                                                      |                2 |             16 |
|  hw6_i/processing_system7_0/inst/FCLK_CLK0                | hw6_i/matrix_0/inst/matrix_v1_0_S00_AXI_inst/slv_reg5[15]_i_1_n_0                                                                                         | hw6_i/matrix_0/inst/matrix_v1_0_S00_AXI_inst/axi_awready_i_1_n_0                                                                      |                2 |             16 |
|  hw6_i/processing_system7_0/inst/FCLK_CLK0                | hw6_i/matrix_0/inst/matrix_v1_0_S00_AXI_inst/slv_reg2[7]_i_1_n_0                                                                                          | hw6_i/matrix_0/inst/matrix_v1_0_S00_AXI_inst/axi_awready_i_1_n_0                                                                      |                5 |             16 |
|  hw6_i/processing_system7_0/inst/FCLK_CLK0                | hw6_i/matrix_0/inst/matrix_v1_0_S00_AXI_inst/slv_reg4[31]_i_1_n_0                                                                                         | hw6_i/matrix_0/inst/matrix_v1_0_S00_AXI_inst/axi_awready_i_1_n_0                                                                      |                3 |             16 |
|  hw6_i/processing_system7_0/inst/FCLK_CLK0                | hw6_i/matrix_0/inst/matrix_v1_0_S00_AXI_inst/slv_reg2[31]_i_1_n_0                                                                                         | hw6_i/matrix_0/inst/matrix_v1_0_S00_AXI_inst/axi_awready_i_1_n_0                                                                      |                4 |             16 |
|  hw6_i/processing_system7_0/inst/FCLK_CLK0                | hw6_i/matrix_0/inst/matrix_v1_0_S00_AXI_inst/slv_reg4[23]_i_1_n_0                                                                                         | hw6_i/matrix_0/inst/matrix_v1_0_S00_AXI_inst/axi_awready_i_1_n_0                                                                      |                2 |             16 |
|  hw6_i/processing_system7_0/inst/FCLK_CLK0                | hw6_i/matrix_0/inst/matrix_v1_0_S00_AXI_inst/slv_reg5[31]_i_1_n_0                                                                                         | hw6_i/matrix_0/inst/matrix_v1_0_S00_AXI_inst/axi_awready_i_1_n_0                                                                      |                3 |             16 |
|  hw6_i/processing_system7_0/inst/FCLK_CLK0                | hw6_i/matrix_0/inst/matrix_v1_0_S00_AXI_inst/slv_reg5[7]_i_1_n_0                                                                                          | hw6_i/matrix_0/inst/matrix_v1_0_S00_AXI_inst/axi_awready_i_1_n_0                                                                      |                2 |             16 |
|  hw6_i/processing_system7_0/inst/FCLK_CLK0                | hw6_i/matrix_0/inst/matrix_v1_0_S00_AXI_inst/p_1_in[1]                                                                                                    | hw6_i/matrix_0/inst/matrix_v1_0_S00_AXI_inst/axi_awready_i_1_n_0                                                                      |                4 |             16 |
|  hw6_i/processing_system7_0/inst/FCLK_CLK0                | hw6_i/matrix_0/inst/matrix_v1_0_S00_AXI_inst/p_1_in[15]                                                                                                   | hw6_i/matrix_0/inst/matrix_v1_0_S00_AXI_inst/axi_awready_i_1_n_0                                                                      |                4 |             16 |
|  hw6_i/processing_system7_0/inst/FCLK_CLK0                | hw6_i/matrix_0/inst/matrix_v1_0_S00_AXI_inst/p_1_in[23]                                                                                                   | hw6_i/matrix_0/inst/matrix_v1_0_S00_AXI_inst/axi_awready_i_1_n_0                                                                      |                2 |             16 |
|  hw6_i/processing_system7_0/inst/FCLK_CLK0                | hw6_i/matrix_0/inst/matrix_v1_0_S00_AXI_inst/p_1_in[31]                                                                                                   | hw6_i/matrix_0/inst/matrix_v1_0_S00_AXI_inst/axi_awready_i_1_n_0                                                                      |                5 |             16 |
|  hw6_i/processing_system7_0/inst/FCLK_CLK0                | hw6_i/ps7_0_axi_periph/s00_couplers/auto_pc/inst/gen_axilite.gen_b2s_conv.axilite_b2s/RD.ar_channel_0/ar_cmd_fsm_0/axaddr_incr_reg[0][0]                  |                                                                                                                                       |                3 |             16 |
|  hw6_i/processing_system7_0/inst/FCLK_CLK0                | hw6_i/ps7_0_axi_periph/s00_couplers/auto_pc/inst/gen_axilite.gen_b2s_conv.axilite_b2s/RD.ar_channel_0/ar_cmd_fsm_0/wrap_boundary_axaddr_r_reg[11][0]      |                                                                                                                                       |                5 |             16 |
|  hw6_i/processing_system7_0/inst/FCLK_CLK0                |                                                                                                                                                           | hw6_i/bram_0/inst/bram_v1_0_S00_AXI_inst/axi_awready_i_1_n_0                                                                          |                6 |             22 |
|  hw6_i/processing_system7_0/inst/FCLK_CLK0                |                                                                                                                                                           | hw6_i/ps7_0_axi_periph/xbar/inst/gen_sasd.crossbar_sasd_0/addr_arbiter_inst/SR[0]                                                     |                5 |             22 |
|  hw6_i/processing_system7_0/inst/FCLK_CLK0                |                                                                                                                                                           | hw6_i/matrix_0/inst/matrix_v1_0_S00_AXI_inst/axi_awready_i_1_n_0                                                                      |                4 |             24 |
|  hw6_i/processing_system7_0/inst/FCLK_CLK0                | hw6_i/ps7_0_axi_periph/s00_couplers/auto_pc/inst/gen_axilite.gen_b2s_conv.axilite_b2s/RD.r_channel_0/r_push_r                                             |                                                                                                                                       |                4 |             26 |
|  hw6_i/processing_system7_0/inst/FCLK_CLK0                | hw6_i/ps7_0_axi_periph/s00_couplers/auto_pc/inst/gen_axilite.gen_b2s_conv.axilite_b2s/SI_REG/b.b_pipe/p_1_in                                              |                                                                                                                                       |                2 |             28 |
|  hw6_i/processing_system7_0/inst/FCLK_CLK0                | hw6_i/ps7_0_axi_periph/s00_couplers/auto_pc/inst/gen_axilite.gen_b2s_conv.axilite_b2s/SI_REG/b.b_pipe/skid_buffer_reg[0]_0                                |                                                                                                                                       |                2 |             28 |
|  hw6_i/processing_system7_0/inst/FCLK_CLK0                | hw6_i/ps7_0_axi_periph/s00_couplers/auto_pc/inst/gen_axilite.gen_b2s_conv.axilite_b2s/RD.ar_channel_0/ar_cmd_fsm_0/E[0]                                   |                                                                                                                                       |                6 |             32 |
|  hw6_i/processing_system7_0/inst/FCLK_CLK0                | hw6_i/ps7_0_axi_periph/s00_couplers/auto_pc/inst/gen_axilite.gen_b2s_conv.axilite_b2s/WR.aw_channel_0/aw_cmd_fsm_0/axaddr_wrap_reg[11][0]                 |                                                                                                                                       |                7 |             32 |
|  hw6_i/processing_system7_0/inst/FCLK_CLK0                | hw6_i/ps7_0_axi_periph/s00_couplers/auto_pc/inst/gen_axilite.gen_b2s_conv.axilite_b2s/WR.aw_channel_0/aw_cmd_fsm_0/b_push                                 |                                                                                                                                       |                3 |             32 |
|  hw6_i/processing_system7_0/inst/FCLK_CLK0                | hw6_i/ps7_0_axi_periph/xbar/inst/gen_sasd.crossbar_sasd_0/addr_arbiter_inst/p_0_in1_in                                                                    | hw6_i/ps7_0_axi_periph/xbar/inst/gen_sasd.crossbar_sasd_0/addr_arbiter_inst/SR[0]                                                     |                6 |             38 |
|  hw6_i/processing_system7_0/inst/FCLK_CLK0                | hw6_i/matrix_0/inst/matrix_v1_0_S00_AXI_inst/slv_reg_rden__0                                                                                              | hw6_i/matrix_0/inst/matrix_v1_0_S00_AXI_inst/axi_awready_i_1_n_0                                                                      |               23 |             64 |
|  hw6_i/processing_system7_0/inst/FCLK_CLK0                | hw6_i/bram_0/inst/bram_v1_0_S00_AXI_inst/slv_reg_rden__0                                                                                                  | hw6_i/bram_0/inst/bram_v1_0_S00_AXI_inst/axi_awready_i_1_n_0                                                                          |               12 |             64 |
|  hw6_i/processing_system7_0/inst/FCLK_CLK0                | hw6_i/ps7_0_axi_periph/s00_couplers/auto_pc/inst/gen_axilite.gen_b2s_conv.axilite_b2s/RD.r_channel_0/rd_data_fifo_0/wr_en0                                |                                                                                                                                       |               10 |             68 |
|  hw6_i/processing_system7_0/inst/FCLK_CLK0                | hw6_i/ps7_0_axi_periph/xbar/inst/gen_sasd.crossbar_sasd_0/addr_arbiter_inst/E[0]                                                                          |                                                                                                                                       |                7 |             70 |
|  hw6_i/processing_system7_0/inst/FCLK_CLK0                | hw6_i/ps7_0_axi_periph/s00_couplers/auto_pc/inst/gen_axilite.gen_b2s_conv.axilite_b2s/WR.aw_channel_0/aw_cmd_fsm_0/m_payload_i_reg[0][0]                  |                                                                                                                                       |                7 |             88 |
|  hw6_i/processing_system7_0/inst/FCLK_CLK0                | hw6_i/ps7_0_axi_periph/s00_couplers/auto_pc/inst/gen_axilite.gen_b2s_conv.axilite_b2s/RD.ar_channel_0/ar_cmd_fsm_0/m_payload_i_reg[0]_1[0]                |                                                                                                                                       |                8 |             88 |
|  hw6_i/processing_system7_0/inst/FCLK_CLK0                | hw6_i/ps7_0_axi_periph/s00_couplers/auto_pc/inst/gen_axilite.gen_b2s_conv.axilite_b2s/SI_REG/ar.ar_pipe/s_axi_arready                                     |                                                                                                                                       |                9 |             88 |
|  hw6_i/processing_system7_0/inst/FCLK_CLK0                | hw6_i/ps7_0_axi_periph/s00_couplers/auto_pc/inst/gen_axilite.gen_b2s_conv.axilite_b2s/SI_REG/aw.aw_pipe/s_axi_awready                                     |                                                                                                                                       |                7 |             88 |
|  hw6_i/processing_system7_0/inst/FCLK_CLK0                | hw6_i/ps7_0_axi_periph/s00_couplers/auto_pc/inst/gen_axilite.gen_b2s_conv.axilite_b2s/SI_REG/r.r_pipe/p_1_in                                              |                                                                                                                                       |                9 |             94 |
|  hw6_i/processing_system7_0/inst/FCLK_CLK0                | hw6_i/ps7_0_axi_periph/s00_couplers/auto_pc/inst/gen_axilite.gen_b2s_conv.axilite_b2s/SI_REG/r.r_pipe/skid_buffer_reg[0]_0                                |                                                                                                                                       |                9 |             94 |
|  hw6_i/processing_system7_0/inst/FCLK_CLK0                |                                                                                                                                                           | hw6_i/ps7_0_axi_periph/s00_couplers/auto_pc/inst/gen_axilite.gen_b2s_conv.axilite_b2s/areset_d1                                       |               16 |            120 |
|  hw6_i/processing_system7_0/inst/FCLK_CLK0                |                                                                                                                                                           |                                                                                                                                       |               54 |            330 |
+-----------------------------------------------------------+-----------------------------------------------------------------------------------------------------------------------------------------------------------+---------------------------------------------------------------------------------------------------------------------------------------+------------------+----------------+


