#
# A fatal error has been detected by the Java Runtime Environment:
#
#  EXCEPTION_ACCESS_VIOLATION (0xc0000005) at pc=0x00007ffc3c0ed52f, pid=4916, tid=0x000000000000097c
#
# JRE version: Java(TM) SE Runtime Environment (8.0_112-b15) (build 1.8.0_112-b15)
# Java VM: Java HotSpot(TM) 64-Bit Server VM (25.112-b15 mixed mode windows-amd64 compressed oops)
# Problematic frame:
# C  [librdi_device.dll+0x5bd52f]
#
# Failed to write core dump. Minidumps are not enabled by default on client versions of Windows
#
# If you would like to submit a bug report, please visit:
#   http://bugreport.java.com/bugreport/crash.jsp
# The crash happened outside the Java Virtual Machine in native code.
# See problematic frame for where to report the bug.
#

---------------  T H R E A D  ---------------

Current thread (0x0000028083e82000):  JavaThread "AWT-EventQueue-0" [_thread_in_native, id=2428, stack(0x000000f01db00000,0x000000f01e000000)]

siginfo: ExceptionCode=0xc0000005, reading address 0x0000000000000060

Registers:
RAX=0x00007ffc49b44890, RBX=0x00000280e4343df0, RCX=0x0000000000000006, RDX=0x00007ffc49b44890
RSP=0x000000f01dffc7b0, RBP=0x0000000000000000, RSI=0x00000280e4929dc0, RDI=0x000000000000000c
R8 =0x0000000000000000, R9 =0x0000000000000018, R10=0x00008bc43b658efb, R11=0x00000280e67c0010
R12=0x0000000000000000, R13=0x0000000000000040, R14=0x000000f01dffcb68, R15=0x00000280e0de7ca0
RIP=0x00007ffc3c0ed52f, EFLAGS=0x0000000000010206

Top of Stack: (sp=0x000000f01dffc7b0)
0x000000f01dffc7b0:   00000280e0de7ca0 00007ffca5020428
0x000000f01dffc7c0:   00000280e47ea050 00007ffca5020428
0x000000f01dffc7d0:   fffffffffffffffe 00000000a5020100
0x000000f01dffc7e0:   000000f01dffcb68 00000280e4343df0
0x000000f01dffc7f0:   00000280e4929dc0 00007ffc3c0d6a02
0x000000f01dffc800:   00000280e4343df0 000000f01dffcb68
0x000000f01dffc810:   0000000000000000 00000001e47fd950
0x000000f01dffc820:   fffffffffffffffe 00000280e4929dc0
0x000000f01dffc830:   00000280e4929dc0 00007ffc3c0d6f51
0x000000f01dffc840:   00000280e48609b0 0000000000101000
0x000000f01dffc850:   0000000000000000 00007ffca5020428
0x000000f01dffc860:   fffffffffffffffe 00000280e4928f80
0x000000f01dffc870:   00000280e4929dc0 00007ffc3c0ef4ee
0x000000f01dffc880:   00000280e49a63f0 00007ffca5020428
0x000000f01dffc890:   00000280e4343df0 00000280e4929dc0
0x000000f01dffc8a0:   fffffffffffffffe 00000280e49296a0 

Instructions: (pc=0x00007ffc3c0ed52f)
0x00007ffc3c0ed50f:   e8 2c fe ff ff 48 8b d0 48 8b cb 48 c1 e9 03 48
0x00007ffc3c0ed51f:   03 cb 48 23 48 30 4c 8b 40 18 48 8b f9 48 03 ff
0x00007ffc3c0ed52f:   49 8b 3c f8 48 03 c9 4c 8d 0c cd 08 00 00 00 4d
0x00007ffc3c0ed53f:   8b 14 c8 4c 3b 52 08 75 06 48 8b 42 08 eb 07 4b 


Register to memory mapping:

RAX=0x00007ffc49b44890 is an unknown value
RBX=0x00000280e4343df0 is an unknown value
RCX=0x0000000000000006 is an unknown value
RDX=0x00007ffc49b44890 is an unknown value
RSP=0x000000f01dffc7b0 is pointing into the stack for thread: 0x0000028083e82000
RBP=0x0000000000000000 is an unknown value
RSI=0x00000280e4929dc0 is an unknown value
RDI=0x000000000000000c is an unknown value
R8 =0x0000000000000000 is an unknown value
R9 =0x0000000000000018 is an unknown value
R10=0x00008bc43b658efb is an unknown value
R11=0x00000280e67c0010 is an unknown value
R12=0x0000000000000000 is an unknown value
R13=0x0000000000000040 is an unknown value
R14=0x000000f01dffcb68 is pointing into the stack for thread: 0x0000028083e82000
R15=0x00000280e0de7ca0 is an unknown value


Stack: [0x000000f01db00000,0x000000f01e000000],  sp=0x000000f01dffc7b0,  free space=5105k
Native frames: (J=compiled Java code, j=interpreted, Vv=VM code, C=native code)

Java frames: (J=compiled Java code, j=interpreted, Vv=VM code)
j  ui.frmwork.tcltasksi.abortNow()V+0
j  ui.bk.b(Ljava/awt/Component;)Z+72
j  ui.ce.windowClosing(Ljava/awt/event/WindowEvent;)V+79
j  java.awt.AWTEventMulticaster.windowClosing(Ljava/awt/event/WindowEvent;)V+21
j  java.awt.AWTEventMulticaster.windowClosing(Ljava/awt/event/WindowEvent;)V+8
j  java.awt.AWTEventMulticaster.windowClosing(Ljava/awt/event/WindowEvent;)V+8
j  java.awt.AWTEventMulticaster.windowClosing(Ljava/awt/event/WindowEvent;)V+8
J 25558 C1 java.awt.Window.processWindowEvent(Ljava/awt/event/WindowEvent;)V (127 bytes) @ 0x00000280ec9dbfdc [0x00000280ec9db9c0+0x61c]
J 28583 C1 javax.swing.JFrame.processWindowEvent(Ljava/awt/event/WindowEvent;)V (71 bytes) @ 0x00000280eef35db4 [0x00000280eef35d20+0x94]
J 35748 C2 java.awt.Window.processEvent(Ljava/awt/AWTEvent;)V (101 bytes) @ 0x00000280f03212f4 [0x00000280f0321260+0x94]
J 35914 C2 java.awt.Component.dispatchEventImpl(Ljava/awt/AWTEvent;)V (883 bytes) @ 0x00000280eeb9b970 [0x00000280eeb9ace0+0xc90]
J 23788 C2 java.awt.Container.dispatchEventImpl(Ljava/awt/AWTEvent;)V (129 bytes) @ 0x00000280ec159a40 [0x00000280ec1599e0+0x60]
J 21298 C2 java.awt.Window.dispatchEventImpl(Ljava/awt/AWTEvent;)V (23 bytes) @ 0x00000280ec32584c [0x00000280ec325800+0x4c]
J 12694 C2 java.awt.EventQueue$3.run()Ljava/lang/Object; (5 bytes) @ 0x00000280ec2fbcc0 [0x00000280ec2fb8e0+0x3e0]
v  ~StubRoutines::call_stub
J 2428  java.security.AccessController.doPrivileged(Ljava/security/PrivilegedAction;Ljava/security/AccessControlContext;)Ljava/lang/Object; (0 bytes) @ 0x00000280ea49f766 [0x00000280ea49f700+0x66]
J 18739 C2 java.awt.EventQueue$4.run()Ljava/lang/Object; (5 bytes) @ 0x00000280ed37fdf4 [0x00000280ed37fc60+0x194]
v  ~StubRoutines::call_stub
J 2428  java.security.AccessController.doPrivileged(Ljava/security/PrivilegedAction;Ljava/security/AccessControlContext;)Ljava/lang/Object; (0 bytes) @ 0x00000280ea49f766 [0x00000280ea49f700+0x66]
J 12600 C2 ui.frmwork.b.d.dispatchEvent(Ljava/awt/AWTEvent;)V (45 bytes) @ 0x00000280eaa21398 [0x00000280eaa20f20+0x478]
J 31007 C2 java.awt.EventDispatchThread.pumpOneEventForFilters(I)V (295 bytes) @ 0x00000280ed4d1f24 [0x00000280ed4d1780+0x7a4]
J 21157% C2 java.awt.EventDispatchThread.pumpEventsForFilter(ILjava/awt/Conditional;Ljava/awt/EventFilter;)V (47 bytes) @ 0x00000280ed9d3c70 [0x00000280ed9d3b60+0x110]
j  java.awt.EventDispatchThread.pumpEventsForHierarchy(ILjava/awt/Conditional;Ljava/awt/Component;)V+11
j  java.awt.EventDispatchThread.pumpEvents(ILjava/awt/Conditional;)V+4
j  java.awt.EventDispatchThread.pumpEvents(Ljava/awt/Conditional;)V+3
j  java.awt.EventDispatchThread.run()V+9
v  ~StubRoutines::call_stub

---------------  P R O C E S S  ---------------

Java Threads: ( => current thread )
  0x0000028083535000 JavaThread "Thread-4755" [_thread_in_native, id=13500, stack(0x000000f020600000,0x000000f020700000)]
  0x000002808353e800 JavaThread "Thread-4750" [_thread_in_native, id=10532, stack(0x000000f01f600000,0x000000f01f700000)]
  0x0000028083535800 JavaThread "Thread-4657" [_thread_in_native, id=18864, stack(0x000000f020700000,0x000000f020800000)]
  0x000002808353a000 JavaThread "Thread-4651" [_thread_in_native, id=20164, stack(0x000000f022600000,0x000000f022700000)]
  0x0000028083538000 JavaThread "Thread-4552" [_thread_in_native, id=4856, stack(0x000000f01f400000,0x000000f01f500000)]
  0x0000028083536800 JavaThread "Thread-4546" [_thread_in_native, id=11796, stack(0x000000f018000000,0x000000f018100000)]
  0x0000028083537000 JavaThread "Thread-4534" [_thread_in_native, id=14372, stack(0x000000f018100000,0x000000f018200000)]
  0x0000028089a0b000 JavaThread "Thread-4505" [_thread_in_native, id=21000, stack(0x000000f022700000,0x000000f022800000)]
  0x000002808698d800 JavaThread "Thread-4495" [_thread_in_native, id=16828, stack(0x000000f022900000,0x000000f022a00000)]
  0x0000028089a09800 JavaThread "Thread-4414" [_thread_in_native, id=12356, stack(0x000000f021600000,0x000000f021700000)]
  0x0000028089a09000 JavaThread "Thread-4408" [_thread_in_native, id=13664, stack(0x000000f022600000,0x000000f022700000)]
  0x0000028089a01800 JavaThread "Thread-4398" [_thread_in_native, id=18560, stack(0x000000f01f500000,0x000000f01f600000)]
  0x0000028089a00800 JavaThread "Thread-4388" [_thread_in_native, id=5980, stack(0x000000f022c00000,0x000000f022d00000)]
  0x0000028089a07800 JavaThread "Thread-4377" [_thread_in_native, id=16220, stack(0x000000f017f00000,0x000000f018000000)]
  0x0000028089a06800 JavaThread "Thread-4273" [_thread_in_native, id=19952, stack(0x000000f025600000,0x000000f025700000)]
  0x0000028089a05000 JavaThread "Thread-4267" [_thread_in_native, id=18688, stack(0x000000f025500000,0x000000f025600000)]
  0x00000280899fd000 JavaThread "Thread-4255" [_thread_in_native, id=13028, stack(0x000000f017f00000,0x000000f018000000)]
  0x00000280899fc000 JavaThread "Thread-4254" [_thread_in_native, id=9172, stack(0x000000f022c00000,0x000000f022d00000)]
  0x00000280899fe800 JavaThread "Thread-3713" [_thread_in_native, id=13204, stack(0x000000f021500000,0x000000f021600000)]
  0x0000028089a03800 JavaThread "Thread-3707" [_thread_in_native, id=16844, stack(0x000000f022a00000,0x000000f022b00000)]
  0x0000028089a02000 JavaThread "Thread-3694" [_thread_in_native, id=9692, stack(0x000000f017f00000,0x000000f018000000)]
  0x0000028089a03000 JavaThread "Thread-3693" [_thread_in_native, id=5892, stack(0x000000f022600000,0x000000f022700000)]
  0x000002808b04b800 JavaThread "Thread-3556" [_thread_in_native, id=12380, stack(0x000000f01f400000,0x000000f01f500000)]
  0x0000028089407800 JavaThread "Thread-3551" [_thread_in_native, id=8940, stack(0x000000f022a00000,0x000000f022b00000)]
  0x0000028089406800 JavaThread "Thread-3535" [_thread_in_native, id=5668, stack(0x000000f017f00000,0x000000f018000000)]
  0x0000028089406000 JavaThread "Thread-3361" [_thread_in_native, id=1448, stack(0x000000f021300000,0x000000f021400000)]
  0x0000028089408000 JavaThread "Thread-3356" [_thread_in_native, id=12304, stack(0x000000f022a00000,0x000000f022b00000)]
  0x0000028089409000 JavaThread "Thread-3342" [_thread_in_native, id=16692, stack(0x000000f017f00000,0x000000f018000000)]
  0x000002808940b800 JavaThread "Thread-3132" [_thread_in_native, id=1736, stack(0x000000f01f400000,0x000000f01f500000)]
  0x000002808940a800 JavaThread "Thread-3127" [_thread_in_native, id=18896, stack(0x000000f022800000,0x000000f022900000)]
  0x0000028089405000 JavaThread "Thread-3112" [_thread_in_native, id=11488, stack(0x000000f020700000,0x000000f020800000)]
  0x0000028089404800 JavaThread "Thread-3111" [_thread_in_native, id=16656, stack(0x000000f021600000,0x000000f021700000)]
  0x0000028089403000 JavaThread "Thread-3031" [_thread_in_native, id=18364, stack(0x000000f01f600000,0x000000f01f700000)]
  0x00000280893ff000 JavaThread "Thread-3025" [_thread_in_native, id=10872, stack(0x000000f021500000,0x000000f021600000)]
  0x00000280893fc000 JavaThread "Thread-2998" [_thread_in_native, id=11024, stack(0x000000f018000000,0x000000f018100000)]
  0x0000028089402000 JavaThread "Monitor File Timestamp Swing Worker" [_thread_blocked, id=17460, stack(0x000000f024f00000,0x000000f025400000)]
  0x0000028089401800 JavaThread "Timer-3" [_thread_blocked, id=4984, stack(0x000000f024a00000,0x000000f024f00000)]
  0x0000028089400800 JavaThread "Thread-2954" [_thread_in_native, id=7688, stack(0x000000f022a00000,0x000000f022b00000)]
  0x00000280893fd000 JavaThread "Thread-2936" [_thread_in_native, id=16344, stack(0x000000f017f00000,0x000000f018000000)]
  0x0000028089400000 JavaThread "Thread-2935" [_thread_in_native, id=9108, stack(0x000000f021200000,0x000000f021300000)]
  0x0000028086f5e000 JavaThread "Thread-2695" [_thread_in_native, id=6328, stack(0x000000f022700000,0x000000f022800000)]
  0x0000028086f5f800 JavaThread "Thread-2689" [_thread_in_native, id=7476, stack(0x000000f022a00000,0x000000f022b00000)]
  0x0000028086f52800 JavaThread "Thread-2676" [_thread_in_native, id=14828, stack(0x000000f017f00000,0x000000f018000000)]
  0x0000028086f5c800 JavaThread "Thread-2675" [_thread_in_native, id=12008, stack(0x000000f018200000,0x000000f018300000)]
  0x0000028086f5b000 JavaThread "Thread-2552" [_thread_in_native, id=5276, stack(0x000000f021200000,0x000000f021300000)]
  0x0000028086f53800 JavaThread "Thread-2545" [_thread_in_native, id=6904, stack(0x000000f022700000,0x000000f022800000)]
  0x0000028086f58800 JavaThread "Thread-1992" [_thread_in_native, id=13048, stack(0x000000f022a00000,0x000000f022b00000)]
  0x0000028086f58000 JavaThread "Swing-Shell" daemon [_thread_blocked, id=4572, stack(0x000000f024000000,0x000000f024500000)]
  0x0000028086f59800 JavaThread "Thread-1932" [_thread_in_native, id=10836, stack(0x000000f022600000,0x000000f022700000)]
  0x0000028086f51000 JavaThread "Thread-1926" [_thread_in_native, id=10792, stack(0x000000f022c00000,0x000000f022d00000)]
  0x0000028086f55000 JavaThread "Thread-1916" [_thread_in_native, id=10332, stack(0x000000f018100000,0x000000f018200000)]
  0x0000028086f52000 JavaThread "Thread-1915" [_thread_in_native, id=14396, stack(0x000000f018000000,0x000000f018100000)]
  0x0000028086f4f800 JavaThread "Thread-1786" [_thread_in_native, id=17828, stack(0x000000f022900000,0x000000f022a00000)]
  0x0000028086f54000 JavaThread "Thread-1646" [_thread_in_native, id=19236, stack(0x000000f018100000,0x000000f018200000)]
  0x0000028086f55800 JavaThread "Thread-1635" [_thread_in_native, id=8012, stack(0x000000f01f600000,0x000000f01f700000)]
  0x0000028086f56800 JavaThread "Thread-1589" [_thread_in_native, id=6600, stack(0x000000f01f500000,0x000000f01f600000)]
  0x00000280871fa800 JavaThread "Thread-1565" [_thread_in_native, id=9304, stack(0x000000f021500000,0x000000f021600000)]
  0x00000280871f3000 JavaThread "Thread-1503" [_thread_in_native, id=17036, stack(0x000000f022800000,0x000000f022900000)]
  0x000002808b056800 JavaThread "Thread-1497" [_thread_in_native, id=12488, stack(0x000000f021400000,0x000000f021500000)]
  0x000002808b056000 JavaThread "Thread-1486" [_thread_in_native, id=792, stack(0x000000f022600000,0x000000f022700000)]
  0x000002808b053800 JavaThread "Thread-1386" [_thread_in_native, id=1952, stack(0x000000f022c00000,0x000000f022d00000)]
  0x000002808b057800 JavaThread "Thread-1380" [_thread_in_native, id=14168, stack(0x000000f022a00000,0x000000f022b00000)]
  0x000002808b052000 JavaThread "Thread-1350" [_thread_in_native, id=16108, stack(0x000000f018000000,0x000000f018100000)]
  0x000002808b051800 JavaThread "Thread-1349" [_thread_in_native, id=14700, stack(0x000000f017f00000,0x000000f018000000)]
  0x000002808b050800 JavaThread "Thread-1211" [_thread_in_native, id=2152, stack(0x000000f022900000,0x000000f022a00000)]
  0x000002808b048800 JavaThread "Thread-1207" [_thread_in_native, id=16556, stack(0x000000f018100000,0x000000f018200000)]
  0x000002808b050000 JavaThread "Thread-1200" [_thread_in_native, id=2216, stack(0x000000f023f00000,0x000000f024000000)]
  0x000002808b04e800 JavaThread "Thread-1175" [_thread_in_native, id=13724, stack(0x000000f018000000,0x000000f018100000)]
  0x000002808b04a000 JavaThread "Thread-1174" [_thread_in_native, id=14524, stack(0x000000f017f00000,0x000000f018000000)]
  0x000002808b04f000 JavaThread "Thread-754" [_thread_in_native, id=7704, stack(0x000000f022a00000,0x000000f022b00000)]
  0x0000028086996800 JavaThread "Thread-688" [_thread_in_native, id=17440, stack(0x000000f018000000,0x000000f018100000)]
  0x0000028086996000 JavaThread "Thread-687" [_thread_in_native, id=1804, stack(0x000000f017f00000,0x000000f018000000)]
  0x00000280871fd000 JavaThread "Thread-511" [_thread_in_native, id=9080, stack(0x000000f021600000,0x000000f021700000)]
  0x0000028087200800 JavaThread "Thread-505" [_thread_in_native, id=18108, stack(0x000000f022a00000,0x000000f022b00000)]
  0x00000280871fb800 JavaThread "Thread-488" [_thread_in_native, id=4664, stack(0x000000f018000000,0x000000f018100000)]
  0x00000280871f4000 JavaThread "Thread-487" [_thread_in_native, id=1880, stack(0x000000f017f00000,0x000000f018000000)]
  0x00000280871f8800 JavaThread "Thread-386" [_thread_in_native, id=13432, stack(0x000000f022c00000,0x000000f022d00000)]
  0x00000280871f7000 JavaThread "Thread-379" [_thread_in_native, id=15164, stack(0x000000f022a00000,0x000000f022b00000)]
  0x00000280871f7800 JavaThread "Thread-358" [_thread_in_native, id=8860, stack(0x000000f021500000,0x000000f021600000)]
  0x00000280871f2800 JavaThread "Thread-357" [_thread_in_native, id=7112, stack(0x000000f021300000,0x000000f021400000)]
  0x0000028086992000 JavaThread "SyntheticaAnimation 50" daemon [_thread_blocked, id=5020, stack(0x000000f023800000,0x000000f023d00000)]
  0x000002808698c000 JavaThread "Thread-226" [_thread_in_native, id=16908, stack(0x000000f01f600000,0x000000f01f700000)]
  0x000002808698c800 JavaThread "Thread-220" [_thread_in_native, id=3544, stack(0x000000f022900000,0x000000f022a00000)]
  0x0000028086991000 JavaThread "Image Animator 3" daemon [_thread_blocked, id=13032, stack(0x000000f021700000,0x000000f021c00000)]
  0x000002808698f800 JavaThread "Thread-36" [_thread_in_native, id=14680, stack(0x000000f022b00000,0x000000f022c00000)]
  0x0000028086988000 JavaThread "SyntheticaAnimation 50" daemon [_thread_blocked, id=14408, stack(0x000000f020100000,0x000000f020600000)]
  0x000002808698a800 JavaThread "Thread-26" [_thread_in_native, id=9016, stack(0x000000f020600000,0x000000f020700000)]
  0x000002808698f000 JavaThread "Thread-25" [_thread_in_native, id=16848, stack(0x000000f018200000,0x000000f018300000)]
  0x0000028082e66000 JavaThread "hw_ila_monitor" [_thread_blocked, id=15484, stack(0x000000f020d00000,0x000000f021200000)]
  0x0000028082e6a800 JavaThread "Update Runs Swing Worker" [_thread_blocked, id=2652, stack(0x000000f020800000,0x000000f020d00000)]
  0x0000028082e6a000 JavaThread "Refresh Filesets Swing Worker" [_thread_blocked, id=16904, stack(0x000000f01d600000,0x000000f01db00000)]
  0x0000028082e69000 JavaThread "SyntheticaAnimation 70" daemon [_thread_blocked, id=4544, stack(0x000000f01fc00000,0x000000f020100000)]
  0x0000028082e67800 JavaThread "SyntheticaAnimation 25" daemon [_thread_blocked, id=17496, stack(0x000000f01ea00000,0x000000f01ef00000)]
  0x0000028082e65800 JavaThread "SyntheticaAnimation 50" daemon [_thread_blocked, id=6524, stack(0x000000f01f700000,0x000000f01fc00000)]
  0x0000028082e67000 JavaThread "SyntheticaCleanerThread" daemon [_thread_blocked, id=2608, stack(0x000000f01ef00000,0x000000f01f400000)]
  0x00000280839c9000 JavaThread "Batik CleanerThread" daemon [_thread_blocked, id=6264, stack(0x000000f01e000000,0x000000f01e500000)]
  0x00000280839e3800 JavaThread "Process Messages" [_thread_blocked, id=14068, stack(0x000000f01e500000,0x000000f01ea00000)]
  0x0000028083e34000 JavaThread "Thread-3" [_thread_in_native, id=18996, stack(0x000000f018300000,0x000000f019700000)]
=>0x0000028083e82000 JavaThread "AWT-EventQueue-0" [_thread_in_native, id=2428, stack(0x000000f01db00000,0x000000f01e000000)]
  0x0000028082b3b000 JavaThread "AWT-Windows" daemon [_thread_in_native, id=12368, stack(0x000000f01d100000,0x000000f01d600000)]
  0x0000028082b3a800 JavaThread "AWT-Shutdown" [_thread_blocked, id=13884, stack(0x000000f01cc00000,0x000000f01d100000)]
  0x000002808347c000 JavaThread "Java2D Disposer" daemon [_thread_blocked, id=1028, stack(0x000000f01c700000,0x000000f01cc00000)]
  0x0000028082c13000 JavaThread "TimerQueue" daemon [_thread_blocked, id=9552, stack(0x000000f01c200000,0x000000f01c700000)]
  0x0000028080fea800 JavaThread "Service Thread" daemon [_thread_blocked, id=17220, stack(0x000000f01bc00000,0x000000f01c100000)]
  0x0000028080fdf000 JavaThread "C1 CompilerThread3" daemon [_thread_blocked, id=524, stack(0x000000f01bb00000,0x000000f01bc00000)]
  0x0000028080fcd000 JavaThread "C2 CompilerThread2" daemon [_thread_blocked, id=14348, stack(0x000000f01ba00000,0x000000f01bb00000)]
  0x0000028080fcb000 JavaThread "C2 CompilerThread1" daemon [_thread_blocked, id=13296, stack(0x000000f01b900000,0x000000f01ba00000)]
  0x0000028080fc9000 JavaThread "C2 CompilerThread0" daemon [_thread_blocked, id=5832, stack(0x000000f01b800000,0x000000f01b900000)]
  0x0000028080fc8000 JavaThread "Attach Listener" daemon [_thread_blocked, id=1116, stack(0x000000f01b300000,0x000000f01b800000)]
  0x0000028082af3800 JavaThread "Signal Dispatcher" daemon [_thread_blocked, id=8348, stack(0x000000f01ae00000,0x000000f01b300000)]
  0x0000028080f9f800 JavaThread "Finalizer" daemon [_thread_blocked, id=8204, stack(0x000000f01a900000,0x000000f01ae00000)]
  0x0000028080f74800 JavaThread "Reference Handler" daemon [_thread_blocked, id=17800, stack(0x000000f01a400000,0x000000f01a900000)]
  0x00000280e9ca5800 JavaThread "main" [_thread_blocked, id=14580, stack(0x000000f019a00000,0x000000f019b00000)]

Other Threads:
  0x00000280e9d9e000 VMThread [stack: 0x000000f01a300000,0x000000f01a400000] [id=17112]
  0x0000028082b97800 WatcherThread [stack: 0x000000f01c100000,0x000000f01c200000] [id=9488]

VM state:not at safepoint (normal execution)

VM Mutex/Monitor currently owned by a thread: None

Heap:
 PSYoungGen      total 55808K, used 32395K [0x00000007bc400000, 0x00000007c0000000, 0x00000007c0000000)
  eden space 50176K, 63% used [0x00000007bc400000,0x00000007be31ae38,0x00000007bf500000)
  from space 5632K, 9% used [0x00000007bf500000,0x00000007bf588000,0x00000007bfa80000)
  to   space 5632K, 0% used [0x00000007bfa80000,0x00000007bfa80000,0x00000007c0000000)
 ParOldGen       total 529408K, used 342249K [0x0000000700000000, 0x0000000720500000, 0x00000007bc400000)
  object space 529408K, 64% used [0x0000000700000000,0x0000000714e3a6e0,0x0000000720500000)
 Metaspace       used 100009K, capacity 101073K, committed 101888K, reserved 1136640K
  class space    used 15054K, capacity 15257K, committed 15360K, reserved 1048576K

Card table byte_map: [0x00000280f9160000,0x00000280f9770000] byte_map_base: 0x00000280f5960000

Marking Bits: (ParMarkBitMap*) 0x00000000626ba6d0
 Begin Bits: [0x00000280f9d60000, 0x00000280fcd60000)
 End Bits:   [0x00000280fcd60000, 0x00000280ffd60000)

Polling page: 0x00000280e0af0000

CodeCache: size=245760Kb used=104711Kb max_used=104711Kb free=141048Kb
 bounds [0x00000280e9da0000, 0x00000280f04c0000, 0x00000280f8da0000]
 total_blobs=26307 nmethods=25198 adapters=1010
 compilation: enabled

Compilation events (10 events):
Event: 38162.870 Thread 0x0000028080fdf000 36130       3       ui.views.S.s::git (138 bytes)
Event: 38162.873 Thread 0x0000028080fdf000 nmethod 36130 0x00000280f04a45d0 code [0x00000280f04a49c0, 0x00000280f04a7440]
Event: 38162.907 Thread 0x0000028080fc9000 36131       4       ui.views.S.b.j::getRoot (5 bytes)
Event: 38162.909 Thread 0x0000028080fc9000 nmethod 36131 0x00000280ee5b2210 code [0x00000280ee5b2340, 0x00000280ee5b23d8]
Event: 38163.504 Thread 0x0000028080fcd000 36132       4       ui.utils.o.d::oa (52 bytes)
Event: 38163.575 Thread 0x0000028080fcd000 nmethod 36132 0x00000280f04a8950 code [0x00000280f04a8ce0, 0x00000280f04aad60]
Event: 38164.075 Thread 0x0000028080fcb000 36133       4       ui.views.V.a::eE (42 bytes)
Event: 38164.097 Thread 0x0000028080fcb000 nmethod 36133 0x00000280eb32a6d0 code [0x00000280eb32a880, 0x00000280eb32b2a8]
Event: 38164.269 Thread 0x0000028080fdf000 36134       3       ui.utils.aP::a (412 bytes)
Event: 38164.275 Thread 0x0000028080fdf000 nmethod 36134 0x00000280f04ae6d0 code [0x00000280f04aee80, 0x00000280f04b47c0]

GC Heap History (10 events):
Event: 38134.140 GC heap before
{Heap before GC invocations=2954 (full 40):
 PSYoungGen      total 55808K, used 51616K [0x00000007bc400000, 0x00000007c0000000, 0x00000007c0000000)
  eden space 50176K, 100% used [0x00000007bc400000,0x00000007bf500000,0x00000007bf500000)
  from space 5632K, 25% used [0x00000007bf500000,0x00000007bf668000,0x00000007bfa80000)
  to   space 5632K, 0% used [0x00000007bfa80000,0x00000007bfa80000,0x00000007c0000000)
 ParOldGen       total 529408K, used 483852K [0x0000000700000000, 0x0000000720500000, 0x00000007bc400000)
  object space 529408K, 91% used [0x0000000700000000,0x000000071d883100,0x0000000720500000)
 Metaspace       used 99879K, capacity 100973K, committed 101760K, reserved 1136640K
  class space    used 15020K, capacity 15223K, committed 15232K, reserved 1048576K
Event: 38134.145 GC heap after
Heap after GC invocations=2954 (full 40):
 PSYoungGen      total 55808K, used 1376K [0x00000007bc400000, 0x00000007c0000000, 0x00000007c0000000)
  eden space 50176K, 0% used [0x00000007bc400000,0x00000007bc400000,0x00000007bf500000)
  from space 5632K, 24% used [0x00000007bfa80000,0x00000007bfbd8000,0x00000007c0000000)
  to   space 5632K, 0% used [0x00000007bf500000,0x00000007bf500000,0x00000007bfa80000)
 ParOldGen       total 529408K, used 483900K [0x0000000700000000, 0x0000000720500000, 0x00000007bc400000)
  object space 529408K, 91% used [0x0000000700000000,0x000000071d88f100,0x0000000720500000)
 Metaspace       used 99879K, capacity 100973K, committed 101760K, reserved 1136640K
  class space    used 15020K, capacity 15223K, committed 15232K, reserved 1048576K
}
Event: 38160.787 GC heap before
{Heap before GC invocations=2955 (full 40):
 PSYoungGen      total 55808K, used 51552K [0x00000007bc400000, 0x00000007c0000000, 0x00000007c0000000)
  eden space 50176K, 100% used [0x00000007bc400000,0x00000007bf500000,0x00000007bf500000)
  from space 5632K, 24% used [0x00000007bfa80000,0x00000007bfbd8000,0x00000007c0000000)
  to   space 5632K, 0% used [0x00000007bf500000,0x00000007bf500000,0x00000007bfa80000)
 ParOldGen       total 529408K, used 483900K [0x0000000700000000, 0x0000000720500000, 0x00000007bc400000)
  object space 529408K, 91% used [0x0000000700000000,0x000000071d88f100,0x0000000720500000)
 Metaspace       used 99907K, capacity 100973K, committed 101760K, reserved 1136640K
  class space    used 15025K, capacity 15223K, committed 15232K, reserved 1048576K
Event: 38160.794 GC heap after
Heap after GC invocations=2955 (full 40):
 PSYoungGen      total 55808K, used 1280K [0x00000007bc400000, 0x00000007c0000000, 0x00000007c0000000)
  eden space 50176K, 0% used [0x00000007bc400000,0x00000007bc400000,0x00000007bf500000)
  from space 5632K, 22% used [0x00000007bf500000,0x00000007bf640000,0x00000007bfa80000)
  to   space 5632K, 0% used [0x00000007bfa80000,0x00000007bfa80000,0x00000007c0000000)
 ParOldGen       total 529408K, used 484100K [0x0000000700000000, 0x0000000720500000, 0x00000007bc400000)
  object space 529408K, 91% used [0x0000000700000000,0x000000071d8c1120,0x0000000720500000)
 Metaspace       used 99907K, capacity 100973K, committed 101760K, reserved 1136640K
  class space    used 15025K, capacity 15223K, committed 15232K, reserved 1048576K
}
Event: 38161.668 GC heap before
{Heap before GC invocations=2956 (full 40):
 PSYoungGen      total 55808K, used 13008K [0x00000007bc400000, 0x00000007c0000000, 0x00000007c0000000)
  eden space 50176K, 23% used [0x00000007bc400000,0x00000007bcf743a0,0x00000007bf500000)
  from space 5632K, 22% used [0x00000007bf500000,0x00000007bf640000,0x00000007bfa80000)
  to   space 5632K, 0% used [0x00000007bfa80000,0x00000007bfa80000,0x00000007c0000000)
 ParOldGen       total 529408K, used 484100K [0x0000000700000000, 0x0000000720500000, 0x00000007bc400000)
  object space 529408K, 91% used [0x0000000700000000,0x000000071d8c1120,0x0000000720500000)
 Metaspace       used 99995K, capacity 101073K, committed 101888K, reserved 1136640K
  class space    used 15053K, capacity 15257K, committed 15360K, reserved 1048576K
Event: 38161.679 GC heap after
Heap after GC invocations=2956 (full 40):
 PSYoungGen      total 55808K, used 1376K [0x00000007bc400000, 0x00000007c0000000, 0x00000007c0000000)
  eden space 50176K, 0% used [0x00000007bc400000,0x00000007bc400000,0x00000007bf500000)
  from space 5632K, 24% used [0x00000007bfa80000,0x00000007bfbd8000,0x00000007c0000000)
  to   space 5632K, 0% used [0x00000007bf500000,0x00000007bf500000,0x00000007bfa80000)
 ParOldGen       total 529408K, used 484196K [0x0000000700000000, 0x0000000720500000, 0x00000007bc400000)
  object space 529408K, 91% used [0x0000000700000000,0x000000071d8d91a0,0x0000000720500000)
 Metaspace       used 99995K, capacity 101073K, committed 101888K, reserved 1136640K
  class space    used 15053K, capacity 15257K, committed 15360K, reserved 1048576K
}
Event: 38161.679 GC heap before
{Heap before GC invocations=2957 (full 41):
 PSYoungGen      total 55808K, used 1376K [0x00000007bc400000, 0x00000007c0000000, 0x00000007c0000000)
  eden space 50176K, 0% used [0x00000007bc400000,0x00000007bc400000,0x00000007bf500000)
  from space 5632K, 24% used [0x00000007bfa80000,0x00000007bfbd8000,0x00000007c0000000)
  to   space 5632K, 0% used [0x00000007bf500000,0x00000007bf500000,0x00000007bfa80000)
 ParOldGen       total 529408K, used 484196K [0x0000000700000000, 0x0000000720500000, 0x00000007bc400000)
  object space 529408K, 91% used [0x0000000700000000,0x000000071d8d91a0,0x0000000720500000)
 Metaspace       used 99995K, capacity 101073K, committed 101888K, reserved 1136640K
  class space    used 15053K, capacity 15257K, committed 15360K, reserved 1048576K
Event: 38162.503 GC heap after
Heap after GC invocations=2957 (full 41):
 PSYoungGen      total 55808K, used 0K [0x00000007bc400000, 0x00000007c0000000, 0x00000007c0000000)
  eden space 50176K, 0% used [0x00000007bc400000,0x00000007bc400000,0x00000007bf500000)
  from space 5632K, 0% used [0x00000007bfa80000,0x00000007bfa80000,0x00000007c0000000)
  to   space 5632K, 0% used [0x00000007bf500000,0x00000007bf500000,0x00000007bfa80000)
 ParOldGen       total 529408K, used 342249K [0x0000000700000000, 0x0000000720500000, 0x00000007bc400000)
  object space 529408K, 64% used [0x0000000700000000,0x0000000714e3a6e0,0x0000000720500000)
 Metaspace       used 99995K, capacity 101073K, committed 101888K, reserved 1136640K
  class space    used 15053K, capacity 15257K, committed 15360K, reserved 1048576K
}
Event: 38164.076 GC heap before
{Heap before GC invocations=2958 (full 41):
 PSYoungGen      total 55808K, used 50176K [0x00000007bc400000, 0x00000007c0000000, 0x00000007c0000000)
  eden space 50176K, 100% used [0x00000007bc400000,0x00000007bf500000,0x00000007bf500000)
  from space 5632K, 0% used [0x00000007bfa80000,0x00000007bfa80000,0x00000007c0000000)
  to   space 5632K, 0% used [0x00000007bf500000,0x00000007bf500000,0x00000007bfa80000)
 ParOldGen       total 529408K, used 342249K [0x0000000700000000, 0x0000000720500000, 0x00000007bc400000)
  object space 529408K, 64% used [0x0000000700000000,0x0000000714e3a6e0,0x0000000720500000)
 Metaspace       used 100009K, capacity 101073K, committed 101888K, reserved 1136640K
  class space    used 15054K, capacity 15257K, committed 15360K, reserved 1048576K
Event: 38164.083 GC heap after
Heap after GC invocations=2958 (full 41):
 PSYoungGen      total 55808K, used 544K [0x00000007bc400000, 0x00000007c0000000, 0x00000007c0000000)
  eden space 50176K, 0% used [0x00000007bc400000,0x00000007bc400000,0x00000007bf500000)
  from space 5632K, 9% used [0x00000007bf500000,0x00000007bf588000,0x00000007bfa80000)
  to   space 5632K, 0% used [0x00000007bfa80000,0x00000007bfa80000,0x00000007c0000000)
 ParOldGen       total 529408K, used 342249K [0x0000000700000000, 0x0000000720500000, 0x00000007bc400000)
  object space 529408K, 64% used [0x0000000700000000,0x0000000714e3a6e0,0x0000000720500000)
 Metaspace       used 100009K, capacity 101073K, committed 101888K, reserved 1136640K
  class space    used 15054K, capacity 15257K, committed 15360K, reserved 1048576K
}

Deoptimization events (10 events):
Event: 38161.590 Thread 0x0000028083e82000 Uncommon trap: reason=unstable_if action=reinterpret pc=0x00000280ec2d8938 method=java.awt.Component.removePropertyChangeListener(Ljava/lang/String;Ljava/beans/PropertyChangeListener;)V @ 8
Event: 38161.591 Thread 0x0000028083e82000 Uncommon trap: reason=class_check action=maybe_recompile pc=0x00000280edfbc784 method=ui.utils.o.w.X.removeNotify()V @ 5
Event: 38161.616 Thread 0x0000028083e82000 Uncommon trap: reason=class_check action=maybe_recompile pc=0x00000280edfbc784 method=ui.utils.o.w.X.removeNotify()V @ 5
Event: 38161.650 Thread 0x0000028083e82000 Uncommon trap: reason=unstable_if action=reinterpret pc=0x00000280eacaea4c method=javax.swing.event.EventListenerList.remove(Ljava/lang/Class;Ljava/util/EventListener;)V @ 1
Event: 38161.650 Thread 0x0000028083e82000 Uncommon trap: reason=unstable_if action=reinterpret pc=0x00000280ec3ccf7c method=ui.views.V.a.Z.eif()Lui/data/k/a; @ 36
Event: 38161.655 Thread 0x0000028083e82000 Uncommon trap: reason=unstable_if action=reinterpret pc=0x00000280ea46a6a8 method=java.awt.Component.removePropertyChangeListener(Ljava/beans/PropertyChangeListener;)V @ 8
Event: 38163.554 Thread 0x0000028083e82000 Uncommon trap: reason=unstable_if action=reinterpret pc=0x00000280ee604f14 method=ui.utils.aP.a(Ljava/lang/Object;IILjava/lang/String;)Ljava/lang/String; @ 131
Event: 38163.565 Thread 0x0000028083e82000 Uncommon trap: reason=bimorphic action=maybe_recompile pc=0x00000280eedf1784 method=javax.swing.text.html.parser.DocumentParser.handleText([C)V @ 61
Event: 38163.565 Thread 0x0000028083e82000 Uncommon trap: reason=bimorphic action=maybe_recompile pc=0x00000280eedf1784 method=javax.swing.text.html.parser.DocumentParser.handleText([C)V @ 61
Event: 38163.565 Thread 0x0000028083e82000 Uncommon trap: reason=bimorphic action=maybe_recompile pc=0x00000280eedf1784 method=javax.swing.text.html.parser.DocumentParser.handleText([C)V @ 61

Internal exceptions (10 events):
Event: 38161.206 Thread 0x0000028083e82000 Implicit null exception at 0x00000280ec5be834 to 0x00000280ec5be935
Event: 38161.284 Thread 0x000002808698e000 Exception <a 'sun/nio/fs/WindowsException'> (0x00000007bcac0268) thrown at [C:\re\workspace\8-2-build-windows-amd64-cygwin\jdk8u112\7884\hotspot\src\share\vm\prims\jni.cpp, line 709]
Event: 38161.295 Thread 0x000002808698e000 Exception <a 'sun/nio/fs/WindowsException'> (0x00000007bcac0478) thrown at [C:\re\workspace\8-2-build-windows-amd64-cygwin\jdk8u112\7884\hotspot\src\share\vm\prims\jni.cpp, line 709]
Event: 38161.296 Thread 0x000002808698e000 Exception <a 'sun/nio/fs/WindowsException'> (0x00000007bcac0688) thrown at [C:\re\workspace\8-2-build-windows-amd64-cygwin\jdk8u112\7884\hotspot\src\share\vm\prims\jni.cpp, line 709]
Event: 38161.566 Thread 0x0000028083e82000 Implicit null exception at 0x00000280ebfaf9d9 to 0x00000280ebfafb6b
Event: 38161.567 Thread 0x0000028083e82000 Implicit null exception at 0x00000280ef770d5a to 0x00000280ef7711b5
Event: 38161.590 Thread 0x0000028083e82000 Implicit null exception at 0x00000280ec2d85d7 to 0x00000280ec2d8905
Event: 38161.650 Thread 0x0000028083e82000 Implicit null exception at 0x00000280eacae408 to 0x00000280eacaea31
Event: 38161.650 Thread 0x0000028083e82000 Implicit null exception at 0x00000280ec3ccf45 to 0x00000280ec3ccf71
Event: 38161.655 Thread 0x0000028083e82000 Implicit null exception at 0x00000280ea46a24b to 0x00000280ea46a691

Events (10 events):
Event: 38163.565 Thread 0x0000028083e82000 DEOPT PACKING pc=0x00000280eedf1784 sp=0x000000f01dffc660
Event: 38163.565 Thread 0x0000028083e82000 DEOPT UNPACKING pc=0x00000280e9de5832 sp=0x000000f01dffc610 mode 2
Event: 38163.565 Thread 0x0000028083e82000 Uncommon trap: trap_request=0xffffffc6 fr.pc=0x00000280eedf1784
Event: 38163.565 Thread 0x0000028083e82000 DEOPT PACKING pc=0x00000280eedf1784 sp=0x000000f01dffc8f0
Event: 38163.565 Thread 0x0000028083e82000 DEOPT UNPACKING pc=0x00000280e9de5832 sp=0x000000f01dffc8a0 mode 2
Event: 38164.073 Executing VM operation: RevokeBias
Event: 38164.073 Executing VM operation: RevokeBias done
Event: 38164.073 Thread 0x000002808353f800 Thread exited: 0x000002808353f800
Event: 38164.075 Executing VM operation: ParallelGCFailedAllocation
Event: 38164.083 Executing VM operation: ParallelGCFailedAllocation done


Dynamic libraries:
0x00007ff6bdd00000 - 0x00007ff6bdd30000 	F:\xilinx\Vivado\2018.2\bin\unwrapped\win64.o\vivado.exe
0x00007ffca5010000 - 0x00007ffca51f1000 	C:\WINDOWS\SYSTEM32\ntdll.dll
0x00007ffca2b20000 - 0x00007ffca2bd2000 	C:\WINDOWS\System32\KERNEL32.DLL
0x00007ffca15e0000 - 0x00007ffca1853000 	C:\WINDOWS\System32\KERNELBASE.dll
0x00007ffca2070000 - 0x00007ffca216a000 	C:\WINDOWS\System32\ucrtbase.dll
0x00007ffc9d340000 - 0x00007ffc9d3e7000 	C:\WINDOWS\SYSTEM32\MSVCP140.dll
0x00007ffc718a0000 - 0x00007ffc718b4000 	F:\xilinx\Vivado\2018.2\lib\win64.o\libboost_signals.dll
0x00007ffc71340000 - 0x00007ffc71354000 	F:\xilinx\Vivado\2018.2\lib\win64.o\librdi_commonmain.dll
0x00007ffc9dc90000 - 0x00007ffc9dca6000 	C:\WINDOWS\SYSTEM32\VCRUNTIME140.dll
0x00007ffc6fec0000 - 0x00007ffc6fee6000 	F:\xilinx\Vivado\2018.2\lib\win64.o\libboost_filesystem.dll
0x00007ffca2640000 - 0x00007ffca26e1000 	C:\WINDOWS\System32\ADVAPI32.dll
0x00007ffc89270000 - 0x00007ffc8927a000 	F:\xilinx\Vivado\2018.2\lib\win64.o\librdi_commonversion.dll
0x00007ffc55ed0000 - 0x00007ffc56ce9000 	F:\xilinx\Vivado\2018.2\lib\win64.o\librdi_common.dll
0x00007ffca2a80000 - 0x00007ffca2b1e000 	C:\WINDOWS\System32\msvcrt.dll
0x00007ffca4a90000 - 0x00007ffca4aeb000 	C:\WINDOWS\System32\sechost.dll
0x00007ffca26f0000 - 0x00007ffca2880000 	C:\WINDOWS\System32\USER32.dll
0x00007ffca3350000 - 0x00007ffca3474000 	C:\WINDOWS\System32\RPCRT4.dll
0x00007ffca2210000 - 0x00007ffca2230000 	C:\WINDOWS\System32\win32u.dll
0x00007ffc6ed80000 - 0x00007ffc6eea1000 	F:\xilinx\Vivado\2018.2\lib\win64.o\librdi_commonxillic.dll
0x00007ffca31c0000 - 0x00007ffca31e8000 	C:\WINDOWS\System32\GDI32.dll
0x0000000062740000 - 0x000000006286b000 	F:\xilinx\Vivado\2018.2\lib\win64.o\tcl85t.dll
0x00007ffca13e0000 - 0x00007ffca1572000 	C:\WINDOWS\System32\gdi32full.dll
0x00007ffca2c60000 - 0x00007ffca2ccc000 	C:\WINDOWS\System32\WS2_32.dll
0x00007ffca2170000 - 0x00007ffca220f000 	C:\WINDOWS\System32\msvcp_win.dll
0x00007ffc876b0000 - 0x00007ffc876bb000 	F:\xilinx\Vivado\2018.2\lib\win64.o\libboost_system.dll
0x00007ffca3480000 - 0x00007ffca48c0000 	C:\WINDOWS\System32\SHELL32.dll
0x00007ffca1860000 - 0x00007ffca18a9000 	C:\WINDOWS\System32\cfgmgr32.dll
0x00007ffc6aaa0000 - 0x00007ffc6ae0e000 	F:\xilinx\Vivado\2018.2\lib\win64.o\libCOIN-all.dll
0x00007ffca48c0000 - 0x00007ffca4969000 	C:\WINDOWS\System32\shcore.dll
0x00007ffc70070000 - 0x00007ffc70084000 	F:\xilinx\Vivado\2018.2\lib\win64.o\libboost_date_time.dll
0x00007ffc6e1c0000 - 0x00007ffc6e475000 	F:\xilinx\Vivado\2018.2\lib\win64.o\libXil_lmgr11.dll
0x00007ffca3000000 - 0x00007ffca30ed000 	C:\WINDOWS\System32\COMDLG32.dll
0x00007ffca2cd0000 - 0x00007ffca2ff2000 	C:\WINDOWS\System32\combase.dll
0x00007ffca2a20000 - 0x00007ffca2a71000 	C:\WINDOWS\System32\SHLWAPI.dll
0x00007ffca2420000 - 0x00007ffca249a000 	C:\WINDOWS\System32\bcryptPrimitives.dll
0x00007ffca18b0000 - 0x00007ffca1fbd000 	C:\WINDOWS\System32\windows.storage.dll
0x00007ffc6f200000 - 0x00007ffc6f27f000 	F:\xilinx\Vivado\2018.2\lib\win64.o\libboost_program_options.dll
0x00007ffc6bf70000 - 0x00007ffc6c084000 	F:\xilinx\Vivado\2018.2\lib\win64.o\libboost_regex.dll
0x00007ffca30f0000 - 0x00007ffca31b2000 	C:\WINDOWS\System32\OLEAUT32.dll
0x00007ffca1390000 - 0x00007ffca13a1000 	C:\WINDOWS\System32\kernel.appcore.dll
0x00007ffca1370000 - 0x00007ffca138f000 	C:\WINDOWS\System32\profapi.dll
0x00007ffca31f0000 - 0x00007ffca3341000 	C:\WINDOWS\System32\ole32.dll
0x00007ffca1320000 - 0x00007ffca136c000 	C:\WINDOWS\System32\powrprof.dll
0x00007ffc6f0d0000 - 0x00007ffc6f0f1000 	F:\xilinx\Vivado\2018.2\lib\win64.o\libboost_thread.dll
0x00007ffca1580000 - 0x00007ffca15d7000 	C:\WINDOWS\System32\WINTRUST.dll
0x00007ffca13b0000 - 0x00007ffca13ba000 	C:\WINDOWS\System32\FLTLIB.DLL
0x00007ffc87600000 - 0x00007ffc8760f000 	F:\xilinx\Vivado\2018.2\lib\win64.o\libboost_xilinx.dll
0x00007ffca13c0000 - 0x00007ffca13d2000 	C:\WINDOWS\System32\MSASN1.dll
0x00007ffca2230000 - 0x00007ffca2412000 	C:\WINDOWS\System32\CRYPT32.dll
0x00007ffc6ecf0000 - 0x00007ffc6ed72000 	F:\xilinx\Vivado\2018.2\lib\win64.o\libhdlpsolve.dll
0x00007ffc6bec0000 - 0x00007ffc6bf65000 	F:\xilinx\Vivado\2018.2\lib\win64.o\libhdxml.dll
0x00007ffc6f0a0000 - 0x00007ffc6f0ce000 	F:\xilinx\Vivado\2018.2\lib\win64.o\libisl_sysinfo.dll
0x00007ffc6ec80000 - 0x00007ffc6ece5000 	F:\xilinx\Vivado\2018.2\lib\win64.o\liblmx6.0.dll
0x0000000061ea0000 - 0x000000006273a000 	F:\xilinx\Vivado\2018.2\tps\win64\jre\bin\server\jvm.dll
0x00007ffc6eb00000 - 0x00007ffc6eb1a000 	F:\xilinx\Vivado\2018.2\lib\win64.o\pthreadVC2.dll
0x00007ffc69aa0000 - 0x00007ffc69bf1000 	F:\xilinx\Vivado\2018.2\lib\win64.o\librdi_curl.dll
0x00007ffc6e520000 - 0x00007ffc6e53c000 	F:\xilinx\Vivado\2018.2\lib\win64.o\librdiconfig.dll
0x00007ffc6d8e0000 - 0x00007ffc6d901000 	F:\xilinx\Vivado\2018.2\lib\win64.o\librdizlib.dll
0x00007ffca2be0000 - 0x00007ffca2be8000 	C:\WINDOWS\System32\PSAPI.DLL
0x00007ffc55610000 - 0x00007ffc55ec3c00 	F:\xilinx\Vivado\2018.2\lib\win64.o\libisl_iostreams.dll
0x0000000012000000 - 0x0000000012272000 	F:\xilinx\Vivado\2018.2\lib\win64.o\xerces-c_3_1.dll
0x00007ffc8ad60000 - 0x00007ffc8b21e000 	C:\WINDOWS\SYSTEM32\WININET.dll
0x00007ffc97590000 - 0x00007ffc9766d000 	C:\WINDOWS\SYSTEM32\WINHTTP.dll
0x00007ffc93310000 - 0x00007ffc934d8000 	C:\WINDOWS\SYSTEM32\urlmon.dll
0x00007ffc8f280000 - 0x00007ffc8f297000 	C:\WINDOWS\SYSTEM32\NETAPI32.dll
0x00007ffc9c0e0000 - 0x00007ffc9c187000 	C:\WINDOWS\WinSxS\amd64_microsoft.windows.common-controls_6595b64144ccf1df_5.82.17134.441_none_f952a0bb30955e96\COMCTL32.dll
0x00007ffc8fef0000 - 0x00007ffc8fef9000 	C:\WINDOWS\SYSTEM32\WSOCK32.dll
0x00007ffc96e90000 - 0x00007ffc96eaa000 	C:\WINDOWS\SYSTEM32\dhcpcsvc.DLL
0x00007ffca2bf0000 - 0x00007ffca2bf8000 	C:\WINDOWS\System32\NSI.dll
0x00007ffc871a0000 - 0x00007ffc871ad000 	F:\xilinx\Vivado\2018.2\lib\win64.o\libboost_chrono.dll
0x00007ffc6d8b0000 - 0x00007ffc6d8de000 	C:\WINDOWS\SYSTEM32\VCOMP140.DLL
0x00007ffc54770000 - 0x00007ffc55601000 	F:\xilinx\Vivado\2018.2\lib\win64.o\gurobi65.dll
0x00007ffc9dd00000 - 0x00007ffc9dd23000 	C:\WINDOWS\SYSTEM32\WINMM.dll
0x00007ffc9a910000 - 0x00007ffc9a91a000 	C:\WINDOWS\SYSTEM32\VERSION.dll
0x0000000061dc0000 - 0x0000000061e92000 	C:\WINDOWS\SYSTEM32\MSVCR100.dll
0x00007ffc6e1a0000 - 0x00007ffc6e1bb000 	F:\xilinx\Vivado\2018.2\lib\win64.o\libboost_iostreams.dll
0x00007ffc6be90000 - 0x00007ffc6beb5000 	F:\xilinx\Vivado\2018.2\lib\win64.o\libisl_iosutils.dll
0x00007ffc93060000 - 0x00007ffc93305000 	C:\WINDOWS\SYSTEM32\iertutil.dll
0x00007ffc9dcd0000 - 0x00007ffc9dcfa000 	C:\WINDOWS\SYSTEM32\WINMMBASE.dll
0x00007ffca0d70000 - 0x00007ffca0d7b000 	C:\WINDOWS\SYSTEM32\CRYPTBASE.DLL
0x00007ffca4af0000 - 0x00007ffca4b1d000 	C:\WINDOWS\System32\IMM32.DLL
0x00007ffc542e0000 - 0x00007ffc5476c000 	F:\xilinx\Vivado\2018.2\lib\win64.o\librdi_commontasks.dll
0x00007ffc67e40000 - 0x00007ffc680b7000 	F:\xilinx\Vivado\2018.2\lib\win64.o\librdi_sio.dll
0x00007ffca0920000 - 0x00007ffca0958000 	C:\WINDOWS\SYSTEM32\IPHLPAPI.DLL
0x00007ffc520e0000 - 0x00007ffc542df000 	F:\xilinx\Vivado\2018.2\lib\win64.o\librdi_tcltasks.dll
0x00007ffc6be20000 - 0x00007ffc6be8a000 	F:\xilinx\Vivado\2018.2\lib\win64.o\librdi_boarddep.dll
0x00007ffc69920000 - 0x00007ffc69a9e000 	F:\xilinx\Vivado\2018.2\lib\win64.o\librdi_board.dll
0x00007ffc5a8d0000 - 0x00007ffc5ab17000 	F:\xilinx\Vivado\2018.2\lib\win64.o\librdi_chipscope.dll
0x00007ffc51d00000 - 0x00007ffc520d5000 	F:\xilinx\Vivado\2018.2\lib\win64.o\librdi_bitstream.dll
0x00007ffc5a7a0000 - 0x00007ffc5a8c8000 	F:\xilinx\Vivado\2018.2\lib\win64.o\librdi_containers.dll
0x00007ffc4e0a0000 - 0x00007ffc4e779000 	F:\xilinx\Vivado\2018.2\lib\win64.o\librdi_coregenipxact.dll
0x00007ffc504a0000 - 0x00007ffc51cf9000 	F:\xilinx\Vivado\2018.2\lib\win64.o\librdi_constraints.dll
0x00007ffc4e780000 - 0x00007ffc50491000 	F:\xilinx\Vivado\2018.2\lib\win64.o\librdi_coregen.dll
0x00007ffc3b810000 - 0x00007ffc3bb28000 	F:\xilinx\Vivado\2018.2\lib\win64.o\librdi_dlyest.dll
0x00007ffc4a330000 - 0x00007ffc4e092000 	F:\xilinx\Vivado\2018.2\lib\win64.o\librdi_designutils.dll
0x00007ffc6bcc0000 - 0x00007ffc6bd82000 	F:\xilinx\Vivado\2018.2\lib\win64.o\librdi_dsp.dll
0x00007ffc3b2c0000 - 0x00007ffc3b801000 	F:\xilinx\Vivado\2018.2\lib\win64.o\librdi_drc.dll
0x00007ffc6aa40000 - 0x00007ffc6aa98000 	F:\xilinx\Vivado\2018.2\lib\win64.o\librdi_hdf.dll
0x00007ffc3a9a0000 - 0x00007ffc3ac71000 	F:\xilinx\Vivado\2018.2\lib\win64.o\librdi_guitools.dll
0x00007ffc3ac80000 - 0x00007ffc3b2b1000 	F:\xilinx\Vivado\2018.2\lib\win64.o\librdi_filemgmt.dll
0x00007ffc39100000 - 0x00007ffc39751000 	F:\xilinx\Vivado\2018.2\lib\win64.o\librdi_memdata.dll
0x00007ffc39760000 - 0x00007ffc3a994000 	F:\xilinx\Vivado\2018.2\lib\win64.o\librdi_implflow.dll
0x00007ffc698d0000 - 0x00007ffc69919000 	F:\xilinx\Vivado\2018.2\lib\win64.o\librdi_pfi.dll
0x00007ffc3bb30000 - 0x00007ffc4a328000 	F:\xilinx\Vivado\2018.2\lib\win64.o\librdi_device.dll
0x00007ffc35440000 - 0x00007ffc358e2000 	F:\xilinx\Vivado\2018.2\lib\win64.o\librdi_netlist.dll
0x00007ffc358f0000 - 0x00007ffc390fa000 	F:\xilinx\Vivado\2018.2\lib\win64.o\librdi_mig.dll
0x00007ffc32e10000 - 0x00007ffc3309a000 	F:\xilinx\Vivado\2018.2\lib\win64.o\librdi_platform.dll
0x00007ffc32720000 - 0x00007ffc32e0c000 	F:\xilinx\Vivado\2018.2\lib\win64.o\librdi_power.dll
0x00007ffc321e0000 - 0x00007ffc3271d000 	F:\xilinx\Vivado\2018.2\lib\win64.o\librdi_project.dll
0x00007ffc330a0000 - 0x00007ffc3543e000 	F:\xilinx\Vivado\2018.2\lib\win64.o\librdi_place.dll
0x00007ffc31af0000 - 0x00007ffc321d1000 	F:\xilinx\Vivado\2018.2\lib\win64.o\librdi_psta.dll
0x00007ffc314b0000 - 0x00007ffc31aee000 	F:\xilinx\Vivado\2018.2\lib\win64.o\librdi_rsb.dll
0x00007ffc310e0000 - 0x00007ffc314a3000 	F:\xilinx\Vivado\2018.2\lib\win64.o\librdi_runs.dll
0x00007ffc31000000 - 0x00007ffc310d7000 	F:\xilinx\Vivado\2018.2\lib\win64.o\librdi_runsbase.dll
0x00007ffc30dd0000 - 0x00007ffc30ff6000 	F:\xilinx\Vivado\2018.2\lib\win64.o\librdi_simdata.dll
0x00007ffc30d00000 - 0x00007ffc30dcb000 	F:\xilinx\Vivado\2018.2\lib\win64.o\librdi_xhub.dll
0x00007ffc2a180000 - 0x00007ffc2ae9d000 	F:\xilinx\Vivado\2018.2\lib\win64.o\librdi_timing.dll
0x00007ffc69690000 - 0x00007ffc696dc000 	F:\xilinx\Vivado\2018.2\lib\win64.o\libboost_serialization.dll
0x00007ffc30c50000 - 0x00007ffc30cff000 	F:\xilinx\Vivado\2018.2\lib\win64.o\librdi_hip_devdesign.dll
0x00007ffc2a110000 - 0x00007ffc2a176000 	F:\xilinx\Vivado\2018.2\lib\win64.o\librdi_ipconfig_readwrite.dll
0x00007ffc6bde0000 - 0x00007ffc6be18000 	F:\xilinx\Vivado\2018.2\lib\win64.o\librdi_noc_frameworks.dll
0x00007ffc2a070000 - 0x00007ffc2a10e000 	F:\xilinx\Vivado\2018.2\lib\win64.o\libise.dll
0x00007ffc29570000 - 0x00007ffc2a063000 	F:\xilinx\Vivado\2018.2\lib\win64.o\libverific.dll
0x00007ffc294e0000 - 0x00007ffc29568000 	F:\xilinx\Vivado\2018.2\lib\win64.o\librdi_hip_config.dll
0x00007ffc28f90000 - 0x00007ffc294de000 	F:\xilinx\Vivado\2018.2\lib\win64.o\librdi_xdm.dll
0x00007ffc28990000 - 0x00007ffc289d9000 	F:\xilinx\Vivado\2018.2\lib\win64.o\librdi_wavedata_SimpleApi.dll
0x00007ffc289e0000 - 0x00007ffc28f81000 	F:\xilinx\Vivado\2018.2\lib\win64.o\librdi_wavedata.dll
0x00007ffc25a50000 - 0x00007ffc25c93000 	F:\xilinx\Vivado\2018.2\lib\win64.o\librdi_hsm.dll

VM Arguments:
jvm_args: -Dsun.java2d.pmoffscreen=false -Dsun.java2d.xrender=false -Dsun.java2d.d3d=false -Dsun.awt.nopixfmt=true -Xverify:none -Dswing.aatext=true -XX:-UsePerfData -Djdk.map.althashing.threshold=512 -XX:StringTableSize=4072 -XX:NewSize=60m -XX:MaxNewSize=60m -Xms128m -Xmx3072m -Xss5m 
java_command: <unknown>
java_class_path (initial): F:/xilinx/Vivado/2018.2\lib\classes\alloy.jar;F:/xilinx/Vivado/2018.2\lib\classes\autopilot.scelaborator.jar;F:/xilinx/Vivado/2018.2\lib\classes\autopilot.sourceprocessor.jar;F:/xilinx/Vivado/2018.2\lib\classes\autopilot.tbprocessor.jar;F:/xilinx/Vivado/2018.2\lib\classes\batik-anim.jar;F:/xilinx/Vivado/2018.2\lib\classes\batik-awt-util.jar;F:/xilinx/Vivado/2018.2\lib\classes\batik-bridge.jar;F:/xilinx/Vivado/2018.2\lib\classes\batik-codec.jar;F:/xilinx/Vivado/2018.2\lib\classes\batik-css.jar;F:/xilinx/Vivado/2018.2\lib\classes\batik-dom.jar;F:/xilinx/Vivado/2018.2\lib\classes\batik-ext.jar;F:/xilinx/Vivado/2018.2\lib\classes\batik-gui-util.jar;F:/xilinx/Vivado/2018.2\lib\classes\batik-gvt.jar;F:/xilinx/Vivado/2018.2\lib\classes\batik-parser.jar;F:/xilinx/Vivado/2018.2\lib\classes\batik-script.jar;F:/xilinx/Vivado/2018.2\lib\classes\batik-svg-dom.jar;F:/xilinx/Vivado/2018.2\lib\classes\batik-swing.jar;F:/xilinx/Vivado/2018.2\lib\classes\batik-transcoder.jar;F:/xilinx/Vivado/2018.2\lib\classes\batik-util.jar;F:/xilinx/Vivado/2018.2\lib\classes\batik-xml.jar;F:/xilinx/Vivado/2018.2\lib\classes\com.ibm.icu_4.4.2.v20110208.jar;F:/xilinx/Vivado/2018.2\lib\classes\commons-collections4-4.1.jar;F:/xilinx/Vivado/2018.2\lib\classes\commons-math-2.2.jar;F:/xilinx/Vivado/2018.2\lib\classes\dom4j-1.6.1.jar;F:/xilinx/Vivado/2018.2\lib\classes\guava-18.0.jar;F:/xilinx/Vivado/2018.2\lib\classes\help.jar;F:/xilinx/Vivado/2018.2\lib\classes\hsqldb.jar;F:/xilinx/Vivado/2018.2\lib\classes\jargs.jar;F:/xilinx/Vivado/2018.2\lib\classes\jh.jar;F:/xilinx/Vivado/2018.2\lib\classes\jide-action.jar;F:/xilinx/Vivado/2018.2\lib\classes\jide-charts.jar;F:/xilinx/Vivado/2018.2\lib\classes\jide-common.jar;F:/xilinx/Vivado/2018.2\lib\classes\jide-components.jar;F:/xilinx/Vivado/2018.2\lib\classes\jide-dashboard.jar;F:/xilinx/Vivado/2018.2\lib\classes\jide-data.jar;F:/xilinx/Vivado/2018.2\lib\classes\jide-dialogs.jar;F:/xilinx/Vivado/2018.2\lib\classes\jide-diff.jar;F:/x
Launcher Type: generic

Environment Variables:
JAVA_HOME=C:\Program Files\Java\jdk-9.0.4
CLASSPATH=.
PATH=F:/xilinx/Vivado/2018.2/bin;F:/xilinx/Vivado/2018.2/lib/win64.o;F:/xilinx/Vivado/2018.2/tps/win64/jre/bin/server;F:/xilinx/Vivado/2018.2/tps/win64/jre/bin;F:/xilinx/SDK/2018.2/bin;F:/xilinx/Vivado/2018.2/ids_lite/ISE/bin/nt64;F:/xilinx/Vivado/2018.2/ids_lite/ISE/lib/nt64;C:\Program Files\NVIDIA GPU Computing Toolkit\CUDA\v9.0\bin;C:\Program Files\NVIDIA GPU Computing Toolkit\CUDA\v9.0\libnvvp;C:\Python27\;C:\Python27\Scripts;C:\ProgramData\Oracle\Java\javapath;C:\Program Files (x86)\Intel\iCLS Client\;C:\Program Files\Intel\iCLS Client\;C:\windows\system32;C:\windows;C:\windows\System32\Wbem;C:\windows\System32\WindowsPowerShell\v1.0\;C:\Program Files (x86)\Intel\Intel(R) Management Engine Components\DAL;C:\Program Files\Intel\Intel(R) Management Engine Components\DAL;C:\Program Files (x86)\Intel\Intel(R) Management Engine Components\IPT;C:\Program Files\Intel\Intel(R) Management Engine Components\IPT;C:\Program Files\PuTTY\;C:\Program Files (x86)\Kaspersky Lab\Kaspersky Endpoint Security 10 for Windows SP2\;C:\Program Files\Java\jdk-9.0.4\bin;C:\Program Files\Java\jre-9.0.4\bin;C:\Program Files (x86)\Digilent\AdeptUtilities;F:\soft\MATLAB2017\bin;C:\Program Files\Git\cmd;C:\iverilog\bin;C:\iverilog\gtkwave\bin;C:\Program Files (x86)\CodeBlocks\MinGW\bin;C:\WINDOWS\System32\OpenSSH\;C:\arc_gnu\bin;C:\Program Files (x86)\NVIDIA Corporation\PhysX\Common;C:\Users\ricky\AppData\Local\Programs\Python\Python35\Scripts\;C:\Users\ricky\AppData\Local\Programs\Python\Python35\;C:\Users\ricky\AppData\Local\Microsoft\WindowsApps;C:\Program Files\Microsoft VS Code\bin;C:\Users\ricky\AppData\Local\Programs\Python\Python27\Scripts\;C:\Users\ricky\AppData\Local\Programs\Python\Python27\;;F:/xilinx/Vivado/2018.2\tps\mingw\6.2.0\win64.o\nt\bin;F:/xilinx/Vivado/2018.2\tps\mingw\6.2.0\win64.o\nt\libexec\gcc\x86_64-w64-mingw32\6.2.0
USERNAME=NekoSaiKou
OS=Windows_NT
PROCESSOR_IDENTIFIER=Intel64 Family 6 Model 158 Stepping 9, GenuineIntel



---------------  S Y S T E M  ---------------

OS: Windows 10.0 , 64 bit Build 17134 (10.0.17134.1)

CPU:total 8 (4 cores per cpu, 2 threads per core) family 6 model 158 stepping 9, cmov, cx8, fxsr, mmx, sse, sse2, sse3, ssse3, sse4.1, sse4.2, popcnt, avx, avx2, aes, clmul, erms, 3dnowpref, lzcnt, ht, tsc, tscinvbit, bmi1, bmi2, adx

Memory: 4k page, physical 8271076k(2001204k free), swap 20483240k(3971372k free)

vm_info: Java HotSpot(TM) 64-Bit Server VM (25.112-b15) for windows-amd64 JRE (1.8.0_112-b15), built on Sep 22 2016 21:31:56 by "java_re" with MS VC++ 10.0 (VS2010)

time: Sun Dec 09 23:58:29 2018
elapsed time: 38169 seconds (0d 10h 36m 9s)

