
*** Running vivado
    with args -log design_1_matrix_processor_ctrl_0_0.vds -m64 -product Vivado -mode batch -messageDb vivado.pb -notrace -source design_1_matrix_processor_ctrl_0_0.tcl


****** Vivado v2018.2 (64-bit)
  **** SW Build 2258646 on Thu Jun 14 20:03:12 MDT 2018
  **** IP Build 2256618 on Thu Jun 14 22:10:49 MDT 2018
    ** Copyright 1986-2018 Xilinx, Inc. All Rights Reserved.

source design_1_matrix_processor_ctrl_0_0.tcl -notrace
Command: synth_design -top design_1_matrix_processor_ctrl_0_0 -part xc7z020clg400-1 -mode out_of_context
Starting synth_design
Attempting to get a license for feature 'Synthesis' and/or device 'xc7z020'
INFO: [Common 17-349] Got license for feature 'Synthesis' and/or device 'xc7z020'
INFO: Launching helper process for spawning children vivado processes
INFO: Helper process launched with PID 2744 
---------------------------------------------------------------------------------
Starting RTL Elaboration : Time (s): cpu = 00:00:02 ; elapsed = 00:00:03 . Memory (MB): peak = 448.105 ; gain = 95.391
---------------------------------------------------------------------------------
INFO: [Synth 8-6157] synthesizing module 'design_1_matrix_processor_ctrl_0_0' [c:/Users/ricky/Desktop/Xilinx-designtool/project/Lab6/Lab6.srcs/sources_1/bd/design_1/ip/design_1_matrix_processor_ctrl_0_0/synth/design_1_matrix_processor_ctrl_0_0.v:58]
INFO: [Synth 8-6157] synthesizing module 'matrix_processor_ctrl' [c:/Users/ricky/Desktop/Xilinx-designtool/project/Lab6/Lab6.srcs/sources_1/bd/design_1/ipshared/6526/matrix_processor_ctrl.v:1]
	Parameter ope_Idle bound to: 0 - type: integer 
	Parameter ope_Add bound to: 1 - type: integer 
	Parameter ope_Read bound to: 2 - type: integer 
	Parameter ope_Write bound to: 3 - type: integer 
	Parameter s_Idle bound to: 0 - type: integer 
	Parameter s_Read bound to: 2 - type: integer 
	Parameter s_Write bound to: 3 - type: integer 
INFO: [Synth 8-6155] done synthesizing module 'matrix_processor_ctrl' (1#1) [c:/Users/ricky/Desktop/Xilinx-designtool/project/Lab6/Lab6.srcs/sources_1/bd/design_1/ipshared/6526/matrix_processor_ctrl.v:1]
INFO: [Synth 8-6155] done synthesizing module 'design_1_matrix_processor_ctrl_0_0' (2#1) [c:/Users/ricky/Desktop/Xilinx-designtool/project/Lab6/Lab6.srcs/sources_1/bd/design_1/ip/design_1_matrix_processor_ctrl_0_0/synth/design_1_matrix_processor_ctrl_0_0.v:58]
WARNING: [Synth 8-3331] design matrix_processor_ctrl has unconnected port mem_data_out_A[31]
WARNING: [Synth 8-3331] design matrix_processor_ctrl has unconnected port mem_data_out_A[30]
WARNING: [Synth 8-3331] design matrix_processor_ctrl has unconnected port mem_data_out_A[29]
WARNING: [Synth 8-3331] design matrix_processor_ctrl has unconnected port mem_data_out_A[28]
WARNING: [Synth 8-3331] design matrix_processor_ctrl has unconnected port mem_data_out_A[27]
WARNING: [Synth 8-3331] design matrix_processor_ctrl has unconnected port mem_data_out_A[26]
WARNING: [Synth 8-3331] design matrix_processor_ctrl has unconnected port mem_data_out_A[25]
WARNING: [Synth 8-3331] design matrix_processor_ctrl has unconnected port mem_data_out_A[24]
WARNING: [Synth 8-3331] design matrix_processor_ctrl has unconnected port mem_data_out_A[23]
WARNING: [Synth 8-3331] design matrix_processor_ctrl has unconnected port mem_data_out_A[22]
WARNING: [Synth 8-3331] design matrix_processor_ctrl has unconnected port mem_data_out_A[21]
WARNING: [Synth 8-3331] design matrix_processor_ctrl has unconnected port mem_data_out_A[20]
WARNING: [Synth 8-3331] design matrix_processor_ctrl has unconnected port mem_data_out_A[19]
WARNING: [Synth 8-3331] design matrix_processor_ctrl has unconnected port mem_data_out_A[18]
WARNING: [Synth 8-3331] design matrix_processor_ctrl has unconnected port mem_data_out_A[17]
WARNING: [Synth 8-3331] design matrix_processor_ctrl has unconnected port mem_data_out_A[16]
WARNING: [Synth 8-3331] design matrix_processor_ctrl has unconnected port mem_data_out_A[15]
WARNING: [Synth 8-3331] design matrix_processor_ctrl has unconnected port mem_data_out_A[14]
WARNING: [Synth 8-3331] design matrix_processor_ctrl has unconnected port mem_data_out_A[13]
WARNING: [Synth 8-3331] design matrix_processor_ctrl has unconnected port mem_data_out_A[12]
WARNING: [Synth 8-3331] design matrix_processor_ctrl has unconnected port mem_data_out_A[11]
WARNING: [Synth 8-3331] design matrix_processor_ctrl has unconnected port mem_data_out_A[10]
WARNING: [Synth 8-3331] design matrix_processor_ctrl has unconnected port mem_data_out_A[9]
WARNING: [Synth 8-3331] design matrix_processor_ctrl has unconnected port mem_data_out_A[8]
WARNING: [Synth 8-3331] design matrix_processor_ctrl has unconnected port mem_data_out_A[7]
WARNING: [Synth 8-3331] design matrix_processor_ctrl has unconnected port mem_data_out_A[6]
WARNING: [Synth 8-3331] design matrix_processor_ctrl has unconnected port mem_data_out_A[5]
WARNING: [Synth 8-3331] design matrix_processor_ctrl has unconnected port mem_data_out_A[4]
WARNING: [Synth 8-3331] design matrix_processor_ctrl has unconnected port mem_data_out_A[3]
WARNING: [Synth 8-3331] design matrix_processor_ctrl has unconnected port mem_data_out_A[2]
WARNING: [Synth 8-3331] design matrix_processor_ctrl has unconnected port mem_data_out_A[1]
WARNING: [Synth 8-3331] design matrix_processor_ctrl has unconnected port mem_data_out_A[0]
WARNING: [Synth 8-3331] design matrix_processor_ctrl has unconnected port mem_data_out_B[31]
WARNING: [Synth 8-3331] design matrix_processor_ctrl has unconnected port mem_data_out_B[30]
WARNING: [Synth 8-3331] design matrix_processor_ctrl has unconnected port mem_data_out_B[29]
WARNING: [Synth 8-3331] design matrix_processor_ctrl has unconnected port mem_data_out_B[28]
WARNING: [Synth 8-3331] design matrix_processor_ctrl has unconnected port mem_data_out_B[27]
WARNING: [Synth 8-3331] design matrix_processor_ctrl has unconnected port mem_data_out_B[26]
WARNING: [Synth 8-3331] design matrix_processor_ctrl has unconnected port mem_data_out_B[25]
WARNING: [Synth 8-3331] design matrix_processor_ctrl has unconnected port mem_data_out_B[24]
WARNING: [Synth 8-3331] design matrix_processor_ctrl has unconnected port mem_data_out_B[23]
WARNING: [Synth 8-3331] design matrix_processor_ctrl has unconnected port mem_data_out_B[22]
WARNING: [Synth 8-3331] design matrix_processor_ctrl has unconnected port mem_data_out_B[21]
WARNING: [Synth 8-3331] design matrix_processor_ctrl has unconnected port mem_data_out_B[20]
WARNING: [Synth 8-3331] design matrix_processor_ctrl has unconnected port mem_data_out_B[19]
WARNING: [Synth 8-3331] design matrix_processor_ctrl has unconnected port mem_data_out_B[18]
WARNING: [Synth 8-3331] design matrix_processor_ctrl has unconnected port mem_data_out_B[17]
WARNING: [Synth 8-3331] design matrix_processor_ctrl has unconnected port mem_data_out_B[16]
WARNING: [Synth 8-3331] design matrix_processor_ctrl has unconnected port mem_data_out_B[15]
WARNING: [Synth 8-3331] design matrix_processor_ctrl has unconnected port mem_data_out_B[14]
WARNING: [Synth 8-3331] design matrix_processor_ctrl has unconnected port mem_data_out_B[13]
WARNING: [Synth 8-3331] design matrix_processor_ctrl has unconnected port mem_data_out_B[12]
WARNING: [Synth 8-3331] design matrix_processor_ctrl has unconnected port mem_data_out_B[11]
WARNING: [Synth 8-3331] design matrix_processor_ctrl has unconnected port mem_data_out_B[10]
WARNING: [Synth 8-3331] design matrix_processor_ctrl has unconnected port mem_data_out_B[9]
WARNING: [Synth 8-3331] design matrix_processor_ctrl has unconnected port mem_data_out_B[8]
WARNING: [Synth 8-3331] design matrix_processor_ctrl has unconnected port mem_data_out_B[7]
WARNING: [Synth 8-3331] design matrix_processor_ctrl has unconnected port mem_data_out_B[6]
WARNING: [Synth 8-3331] design matrix_processor_ctrl has unconnected port mem_data_out_B[5]
WARNING: [Synth 8-3331] design matrix_processor_ctrl has unconnected port mem_data_out_B[4]
WARNING: [Synth 8-3331] design matrix_processor_ctrl has unconnected port mem_data_out_B[3]
WARNING: [Synth 8-3331] design matrix_processor_ctrl has unconnected port mem_data_out_B[2]
WARNING: [Synth 8-3331] design matrix_processor_ctrl has unconnected port mem_data_out_B[1]
WARNING: [Synth 8-3331] design matrix_processor_ctrl has unconnected port mem_data_out_B[0]
WARNING: [Synth 8-3331] design matrix_processor_ctrl has unconnected port mem_data_out_C[31]
WARNING: [Synth 8-3331] design matrix_processor_ctrl has unconnected port mem_data_out_C[30]
WARNING: [Synth 8-3331] design matrix_processor_ctrl has unconnected port mem_data_out_C[29]
WARNING: [Synth 8-3331] design matrix_processor_ctrl has unconnected port mem_data_out_C[28]
WARNING: [Synth 8-3331] design matrix_processor_ctrl has unconnected port mem_data_out_C[27]
WARNING: [Synth 8-3331] design matrix_processor_ctrl has unconnected port mem_data_out_C[26]
WARNING: [Synth 8-3331] design matrix_processor_ctrl has unconnected port mem_data_out_C[25]
WARNING: [Synth 8-3331] design matrix_processor_ctrl has unconnected port mem_data_out_C[24]
WARNING: [Synth 8-3331] design matrix_processor_ctrl has unconnected port mem_data_out_C[23]
WARNING: [Synth 8-3331] design matrix_processor_ctrl has unconnected port mem_data_out_C[22]
WARNING: [Synth 8-3331] design matrix_processor_ctrl has unconnected port mem_data_out_C[21]
WARNING: [Synth 8-3331] design matrix_processor_ctrl has unconnected port mem_data_out_C[20]
WARNING: [Synth 8-3331] design matrix_processor_ctrl has unconnected port mem_data_out_C[19]
WARNING: [Synth 8-3331] design matrix_processor_ctrl has unconnected port mem_data_out_C[18]
WARNING: [Synth 8-3331] design matrix_processor_ctrl has unconnected port mem_data_out_C[17]
WARNING: [Synth 8-3331] design matrix_processor_ctrl has unconnected port mem_data_out_C[16]
WARNING: [Synth 8-3331] design matrix_processor_ctrl has unconnected port mem_data_out_C[15]
WARNING: [Synth 8-3331] design matrix_processor_ctrl has unconnected port mem_data_out_C[14]
WARNING: [Synth 8-3331] design matrix_processor_ctrl has unconnected port mem_data_out_C[13]
WARNING: [Synth 8-3331] design matrix_processor_ctrl has unconnected port mem_data_out_C[12]
WARNING: [Synth 8-3331] design matrix_processor_ctrl has unconnected port mem_data_out_C[11]
WARNING: [Synth 8-3331] design matrix_processor_ctrl has unconnected port mem_data_out_C[10]
WARNING: [Synth 8-3331] design matrix_processor_ctrl has unconnected port mem_data_out_C[9]
WARNING: [Synth 8-3331] design matrix_processor_ctrl has unconnected port mem_data_out_C[8]
WARNING: [Synth 8-3331] design matrix_processor_ctrl has unconnected port mem_data_out_C[7]
WARNING: [Synth 8-3331] design matrix_processor_ctrl has unconnected port mem_data_out_C[6]
WARNING: [Synth 8-3331] design matrix_processor_ctrl has unconnected port mem_data_out_C[5]
WARNING: [Synth 8-3331] design matrix_processor_ctrl has unconnected port mem_data_out_C[4]
WARNING: [Synth 8-3331] design matrix_processor_ctrl has unconnected port mem_data_out_C[3]
WARNING: [Synth 8-3331] design matrix_processor_ctrl has unconnected port mem_data_out_C[2]
WARNING: [Synth 8-3331] design matrix_processor_ctrl has unconnected port mem_data_out_C[1]
WARNING: [Synth 8-3331] design matrix_processor_ctrl has unconnected port mem_data_out_C[0]
---------------------------------------------------------------------------------
Finished RTL Elaboration : Time (s): cpu = 00:00:03 ; elapsed = 00:00:04 . Memory (MB): peak = 502.516 ; gain = 149.801
---------------------------------------------------------------------------------

Report Check Netlist: 
+------+------------------+-------+---------+-------+------------------+
|      |Item              |Errors |Warnings |Status |Description       |
+------+------------------+-------+---------+-------+------------------+
|1     |multi_driven_nets |      0|        0|Passed |Multi driven nets |
+------+------------------+-------+---------+-------+------------------+
---------------------------------------------------------------------------------
Start Handling Custom Attributes
---------------------------------------------------------------------------------
---------------------------------------------------------------------------------
Finished Handling Custom Attributes : Time (s): cpu = 00:00:03 ; elapsed = 00:00:04 . Memory (MB): peak = 502.516 ; gain = 149.801
---------------------------------------------------------------------------------
---------------------------------------------------------------------------------
Finished RTL Optimization Phase 1 : Time (s): cpu = 00:00:03 ; elapsed = 00:00:04 . Memory (MB): peak = 502.516 ; gain = 149.801
---------------------------------------------------------------------------------
INFO: [Device 21-403] Loading part xc7z020clg400-1
INFO: [Project 1-570] Preparing netlist for logic optimization

Processing XDC Constraints
Initializing timing engine
Parsing XDC File [c:/Users/ricky/Desktop/Xilinx-designtool/project/Lab6/Lab6.srcs/sources_1/bd/constrs_1/imports/bram_control_2.0/bram_control_ooc.xdc] for cell 'inst'
Finished Parsing XDC File [c:/Users/ricky/Desktop/Xilinx-designtool/project/Lab6/Lab6.srcs/sources_1/bd/constrs_1/imports/bram_control_2.0/bram_control_ooc.xdc] for cell 'inst'
Parsing XDC File [C:/Users/ricky/Desktop/Xilinx-designtool/project/Lab6/Lab6.runs/design_1_matrix_processor_ctrl_0_0_synth_1/dont_touch.xdc]
Finished Parsing XDC File [C:/Users/ricky/Desktop/Xilinx-designtool/project/Lab6/Lab6.runs/design_1_matrix_processor_ctrl_0_0_synth_1/dont_touch.xdc]
Completed Processing XDC Constraints

INFO: [Project 1-111] Unisim Transformation Summary:
No Unisim elements were transformed.

Constraint Validation Runtime : Time (s): cpu = 00:00:00 ; elapsed = 00:00:00.051 . Memory (MB): peak = 863.004 ; gain = 1.500
---------------------------------------------------------------------------------
Finished Constraint Validation : Time (s): cpu = 00:00:13 ; elapsed = 00:00:16 . Memory (MB): peak = 863.004 ; gain = 510.289
---------------------------------------------------------------------------------
---------------------------------------------------------------------------------
Start Loading Part and Timing Information
---------------------------------------------------------------------------------
Loading part: xc7z020clg400-1
---------------------------------------------------------------------------------
Finished Loading Part and Timing Information : Time (s): cpu = 00:00:13 ; elapsed = 00:00:16 . Memory (MB): peak = 863.004 ; gain = 510.289
---------------------------------------------------------------------------------
---------------------------------------------------------------------------------
Start Applying 'set_property' XDC Constraints
---------------------------------------------------------------------------------
Applied set_property DONT_TOUCH = true for inst. (constraint file  C:/Users/ricky/Desktop/Xilinx-designtool/project/Lab6/Lab6.runs/design_1_matrix_processor_ctrl_0_0_synth_1/dont_touch.xdc, line 9).
---------------------------------------------------------------------------------
Finished applying 'set_property' XDC Constraints : Time (s): cpu = 00:00:13 ; elapsed = 00:00:16 . Memory (MB): peak = 863.004 ; gain = 510.289
---------------------------------------------------------------------------------
INFO: [Synth 8-4471] merging register 'mem_address_B_reg[31:0]' into 'mem_address_A_reg[31:0]' [c:/Users/ricky/Desktop/Xilinx-designtool/project/Lab6/Lab6.srcs/sources_1/bd/design_1/ipshared/6526/matrix_processor_ctrl.v:106]
INFO: [Synth 8-4471] merging register 'mem_data_in_A_reg[31:0]' into 'mem_address_A_reg[31:0]' [c:/Users/ricky/Desktop/Xilinx-designtool/project/Lab6/Lab6.srcs/sources_1/bd/design_1/ipshared/6526/matrix_processor_ctrl.v:107]
INFO: [Synth 8-4471] merging register 'mem_data_in_B_reg[31:0]' into 'mem_address_A_reg[31:0]' [c:/Users/ricky/Desktop/Xilinx-designtool/project/Lab6/Lab6.srcs/sources_1/bd/design_1/ipshared/6526/matrix_processor_ctrl.v:108]
INFO: [Synth 8-4471] merging register 'mem_address_C_reg[31:0]' into 'mem_address_A_reg[31:0]' [c:/Users/ricky/Desktop/Xilinx-designtool/project/Lab6/Lab6.srcs/sources_1/bd/design_1/ipshared/6526/matrix_processor_ctrl.v:109]
INFO: [Synth 8-4471] merging register 'mem_data_in_C_reg[31:0]' into 'mem_address_A_reg[31:0]' [c:/Users/ricky/Desktop/Xilinx-designtool/project/Lab6/Lab6.srcs/sources_1/bd/design_1/ipshared/6526/matrix_processor_ctrl.v:110]
WARNING: [Synth 8-6014] Unused sequential element mem_address_B_reg was removed.  [c:/Users/ricky/Desktop/Xilinx-designtool/project/Lab6/Lab6.srcs/sources_1/bd/design_1/ipshared/6526/matrix_processor_ctrl.v:106]
WARNING: [Synth 8-6014] Unused sequential element mem_data_in_A_reg was removed.  [c:/Users/ricky/Desktop/Xilinx-designtool/project/Lab6/Lab6.srcs/sources_1/bd/design_1/ipshared/6526/matrix_processor_ctrl.v:107]
WARNING: [Synth 8-6014] Unused sequential element mem_data_in_B_reg was removed.  [c:/Users/ricky/Desktop/Xilinx-designtool/project/Lab6/Lab6.srcs/sources_1/bd/design_1/ipshared/6526/matrix_processor_ctrl.v:108]
WARNING: [Synth 8-6014] Unused sequential element mem_address_C_reg was removed.  [c:/Users/ricky/Desktop/Xilinx-designtool/project/Lab6/Lab6.srcs/sources_1/bd/design_1/ipshared/6526/matrix_processor_ctrl.v:109]
WARNING: [Synth 8-6014] Unused sequential element mem_data_in_C_reg was removed.  [c:/Users/ricky/Desktop/Xilinx-designtool/project/Lab6/Lab6.srcs/sources_1/bd/design_1/ipshared/6526/matrix_processor_ctrl.v:110]
INFO: [Synth 8-5544] ROM "mem_byte_we_A" won't be mapped to Block RAM because address size (3) smaller than threshold (5)
WARNING: [Synth 8-327] inferring latch for variable 'mem_byte_we_A_reg' [c:/Users/ricky/Desktop/Xilinx-designtool/project/Lab6/Lab6.srcs/sources_1/bd/design_1/ipshared/6526/matrix_processor_ctrl.v:70]
---------------------------------------------------------------------------------
Finished RTL Optimization Phase 2 : Time (s): cpu = 00:00:13 ; elapsed = 00:00:16 . Memory (MB): peak = 863.004 ; gain = 510.289
---------------------------------------------------------------------------------

Report RTL Partitions: 
+-+--------------+------------+----------+
| |RTL Partition |Replication |Instances |
+-+--------------+------------+----------+
+-+--------------+------------+----------+
---------------------------------------------------------------------------------
Start RTL Component Statistics 
---------------------------------------------------------------------------------
Detailed RTL Component Info : 
+---Registers : 
	               32 Bit    Registers := 1     
	                3 Bit    Registers := 1     
+---Muxes : 
	   2 Input      1 Bit        Muxes := 2     
---------------------------------------------------------------------------------
Finished RTL Component Statistics 
---------------------------------------------------------------------------------
---------------------------------------------------------------------------------
Start RTL Hierarchical Component Statistics 
---------------------------------------------------------------------------------
Hierarchical RTL Component report 
Module matrix_processor_ctrl 
Detailed RTL Component Info : 
+---Registers : 
	               32 Bit    Registers := 1     
	                3 Bit    Registers := 1     
+---Muxes : 
	   2 Input      1 Bit        Muxes := 2     
---------------------------------------------------------------------------------
Finished RTL Hierarchical Component Statistics
---------------------------------------------------------------------------------
---------------------------------------------------------------------------------
Start Part Resource Summary
---------------------------------------------------------------------------------
Part Resources:
DSPs: 220 (col length:60)
BRAMs: 280 (col length: RAMB18 60 RAMB36 30)
---------------------------------------------------------------------------------
Finished Part Resource Summary
---------------------------------------------------------------------------------
---------------------------------------------------------------------------------
Start Cross Boundary and Area Optimization
---------------------------------------------------------------------------------
Warning: Parallel synthesis criteria is not met 
WARNING: [Synth 8-3331] design matrix_processor_ctrl has unconnected port mem_data_out_A[31]
WARNING: [Synth 8-3331] design matrix_processor_ctrl has unconnected port mem_data_out_A[30]
WARNING: [Synth 8-3331] design matrix_processor_ctrl has unconnected port mem_data_out_A[29]
WARNING: [Synth 8-3331] design matrix_processor_ctrl has unconnected port mem_data_out_A[28]
INFO: [Common 17-14] Message 'Synth 8-3331' appears 100 times and further instances of the messages will be disabled. Use the Tcl command set_msg_config to change the current settings.
INFO: [Synth 8-3886] merging instance 'inst/cstate_reg[2]' (FDR) to 'inst/cstate_reg[1]'
INFO: [Synth 8-3886] merging instance 'inst/cstate_reg[1]' (FDR) to 'inst/cstate_reg[0]'
INFO: [Synth 8-3333] propagating constant 0 across sequential element (inst/\cstate_reg[0] )
INFO: [Synth 8-3886] merging instance 'inst/mem_byte_we_A_reg[0]' (LD) to 'inst/mem_byte_we_A_reg[3]'
INFO: [Synth 8-3886] merging instance 'inst/mem_byte_we_A_reg[1]' (LD) to 'inst/mem_byte_we_A_reg[3]'
INFO: [Synth 8-3886] merging instance 'inst/mem_byte_we_A_reg[2]' (LD) to 'inst/mem_byte_we_A_reg[3]'
INFO: [Synth 8-3333] propagating constant 0 across sequential element (inst/\mem_byte_we_A_reg[3] )
INFO: [Synth 8-3886] merging instance 'inst/mem_address_A_reg[0]' (FDE) to 'inst/mem_address_A_reg[31]'
INFO: [Synth 8-3886] merging instance 'inst/mem_address_A_reg[1]' (FDE) to 'inst/mem_address_A_reg[31]'
INFO: [Synth 8-3886] merging instance 'inst/mem_address_A_reg[2]' (FDE) to 'inst/mem_address_A_reg[31]'
INFO: [Synth 8-3886] merging instance 'inst/mem_address_A_reg[3]' (FDE) to 'inst/mem_address_A_reg[31]'
INFO: [Synth 8-3886] merging instance 'inst/mem_address_A_reg[4]' (FDE) to 'inst/mem_address_A_reg[31]'
INFO: [Synth 8-3886] merging instance 'inst/mem_address_A_reg[5]' (FDE) to 'inst/mem_address_A_reg[31]'
INFO: [Synth 8-3886] merging instance 'inst/mem_address_A_reg[6]' (FDE) to 'inst/mem_address_A_reg[31]'
INFO: [Synth 8-3886] merging instance 'inst/mem_address_A_reg[7]' (FDE) to 'inst/mem_address_A_reg[31]'
INFO: [Synth 8-3886] merging instance 'inst/mem_address_A_reg[8]' (FDE) to 'inst/mem_address_A_reg[31]'
INFO: [Synth 8-3886] merging instance 'inst/mem_address_A_reg[9]' (FDE) to 'inst/mem_address_A_reg[31]'
INFO: [Synth 8-3886] merging instance 'inst/mem_address_A_reg[10]' (FDE) to 'inst/mem_address_A_reg[31]'
INFO: [Synth 8-3886] merging instance 'inst/mem_address_A_reg[11]' (FDE) to 'inst/mem_address_A_reg[31]'
INFO: [Synth 8-3886] merging instance 'inst/mem_address_A_reg[12]' (FDE) to 'inst/mem_address_A_reg[31]'
INFO: [Synth 8-3886] merging instance 'inst/mem_address_A_reg[13]' (FDE) to 'inst/mem_address_A_reg[31]'
INFO: [Synth 8-3886] merging instance 'inst/mem_address_A_reg[14]' (FDE) to 'inst/mem_address_A_reg[31]'
INFO: [Synth 8-3886] merging instance 'inst/mem_address_A_reg[15]' (FDE) to 'inst/mem_address_A_reg[31]'
INFO: [Synth 8-3886] merging instance 'inst/mem_address_A_reg[16]' (FDE) to 'inst/mem_address_A_reg[31]'
INFO: [Synth 8-3886] merging instance 'inst/mem_address_A_reg[17]' (FDE) to 'inst/mem_address_A_reg[31]'
INFO: [Synth 8-3886] merging instance 'inst/mem_address_A_reg[18]' (FDE) to 'inst/mem_address_A_reg[31]'
INFO: [Synth 8-3886] merging instance 'inst/mem_address_A_reg[19]' (FDE) to 'inst/mem_address_A_reg[31]'
INFO: [Synth 8-3886] merging instance 'inst/mem_address_A_reg[20]' (FDE) to 'inst/mem_address_A_reg[31]'
INFO: [Synth 8-3886] merging instance 'inst/mem_address_A_reg[21]' (FDE) to 'inst/mem_address_A_reg[31]'
INFO: [Synth 8-3886] merging instance 'inst/mem_address_A_reg[22]' (FDE) to 'inst/mem_address_A_reg[31]'
INFO: [Synth 8-3886] merging instance 'inst/mem_address_A_reg[23]' (FDE) to 'inst/mem_address_A_reg[31]'
INFO: [Synth 8-3886] merging instance 'inst/mem_address_A_reg[24]' (FDE) to 'inst/mem_address_A_reg[31]'
INFO: [Synth 8-3886] merging instance 'inst/mem_address_A_reg[25]' (FDE) to 'inst/mem_address_A_reg[31]'
INFO: [Synth 8-3886] merging instance 'inst/mem_address_A_reg[26]' (FDE) to 'inst/mem_address_A_reg[31]'
INFO: [Synth 8-3886] merging instance 'inst/mem_address_A_reg[27]' (FDE) to 'inst/mem_address_A_reg[31]'
INFO: [Synth 8-3886] merging instance 'inst/mem_address_A_reg[28]' (FDE) to 'inst/mem_address_A_reg[31]'
INFO: [Synth 8-3886] merging instance 'inst/mem_address_A_reg[29]' (FDE) to 'inst/mem_address_A_reg[31]'
INFO: [Synth 8-3886] merging instance 'inst/mem_address_A_reg[30]' (FDE) to 'inst/mem_address_A_reg[31]'
INFO: [Synth 8-3333] propagating constant 0 across sequential element (inst/\mem_address_A_reg[31] )
WARNING: [Synth 8-3332] Sequential element (mem_byte_we_A_reg[3]) is unused and will be removed from module matrix_processor_ctrl.
WARNING: [Synth 8-3332] Sequential element (cstate_reg[0]) is unused and will be removed from module matrix_processor_ctrl.
WARNING: [Synth 8-3332] Sequential element (mem_address_A_reg[31]) is unused and will be removed from module matrix_processor_ctrl.
---------------------------------------------------------------------------------
Finished Cross Boundary and Area Optimization : Time (s): cpu = 00:00:14 ; elapsed = 00:00:17 . Memory (MB): peak = 863.004 ; gain = 510.289
---------------------------------------------------------------------------------

Report RTL Partitions: 
+-+--------------+------------+----------+
| |RTL Partition |Replication |Instances |
+-+--------------+------------+----------+
+-+--------------+------------+----------+
---------------------------------------------------------------------------------
Start Applying XDC Timing Constraints
---------------------------------------------------------------------------------
---------------------------------------------------------------------------------
Finished Applying XDC Timing Constraints : Time (s): cpu = 00:00:23 ; elapsed = 00:00:27 . Memory (MB): peak = 863.004 ; gain = 510.289
---------------------------------------------------------------------------------
---------------------------------------------------------------------------------
Start Timing Optimization
---------------------------------------------------------------------------------
---------------------------------------------------------------------------------
Finished Timing Optimization : Time (s): cpu = 00:00:23 ; elapsed = 00:00:27 . Memory (MB): peak = 863.004 ; gain = 510.289
---------------------------------------------------------------------------------

Report RTL Partitions: 
+-+--------------+------------+----------+
| |RTL Partition |Replication |Instances |
+-+--------------+------------+----------+
+-+--------------+------------+----------+
---------------------------------------------------------------------------------
Start Technology Mapping
---------------------------------------------------------------------------------
---------------------------------------------------------------------------------
Finished Technology Mapping : Time (s): cpu = 00:00:23 ; elapsed = 00:00:27 . Memory (MB): peak = 863.004 ; gain = 510.289
---------------------------------------------------------------------------------

Report RTL Partitions: 
+-+--------------+------------+----------+
| |RTL Partition |Replication |Instances |
+-+--------------+------------+----------+
+-+--------------+------------+----------+
---------------------------------------------------------------------------------
Start IO Insertion
---------------------------------------------------------------------------------
---------------------------------------------------------------------------------
Start Flattening Before IO Insertion
---------------------------------------------------------------------------------
---------------------------------------------------------------------------------
Finished Flattening Before IO Insertion
---------------------------------------------------------------------------------
---------------------------------------------------------------------------------
Start Final Netlist Cleanup
---------------------------------------------------------------------------------
---------------------------------------------------------------------------------
Finished Final Netlist Cleanup
---------------------------------------------------------------------------------
---------------------------------------------------------------------------------
Finished IO Insertion : Time (s): cpu = 00:00:24 ; elapsed = 00:00:28 . Memory (MB): peak = 863.004 ; gain = 510.289
---------------------------------------------------------------------------------

Report Check Netlist: 
+------+------------------+-------+---------+-------+------------------+
|      |Item              |Errors |Warnings |Status |Description       |
+------+------------------+-------+---------+-------+------------------+
|1     |multi_driven_nets |      0|        0|Passed |Multi driven nets |
+------+------------------+-------+---------+-------+------------------+
---------------------------------------------------------------------------------
Start Renaming Generated Instances
---------------------------------------------------------------------------------
---------------------------------------------------------------------------------
Finished Renaming Generated Instances : Time (s): cpu = 00:00:24 ; elapsed = 00:00:28 . Memory (MB): peak = 863.004 ; gain = 510.289
---------------------------------------------------------------------------------

Report RTL Partitions: 
+-+--------------+------------+----------+
| |RTL Partition |Replication |Instances |
+-+--------------+------------+----------+
+-+--------------+------------+----------+
---------------------------------------------------------------------------------
Start Rebuilding User Hierarchy
---------------------------------------------------------------------------------
---------------------------------------------------------------------------------
Finished Rebuilding User Hierarchy : Time (s): cpu = 00:00:24 ; elapsed = 00:00:28 . Memory (MB): peak = 863.004 ; gain = 510.289
---------------------------------------------------------------------------------
---------------------------------------------------------------------------------
Start Renaming Generated Ports
---------------------------------------------------------------------------------
---------------------------------------------------------------------------------
Finished Renaming Generated Ports : Time (s): cpu = 00:00:24 ; elapsed = 00:00:28 . Memory (MB): peak = 863.004 ; gain = 510.289
---------------------------------------------------------------------------------
---------------------------------------------------------------------------------
Start Handling Custom Attributes
---------------------------------------------------------------------------------
---------------------------------------------------------------------------------
Finished Handling Custom Attributes : Time (s): cpu = 00:00:24 ; elapsed = 00:00:28 . Memory (MB): peak = 863.004 ; gain = 510.289
---------------------------------------------------------------------------------
---------------------------------------------------------------------------------
Start Renaming Generated Nets
---------------------------------------------------------------------------------
---------------------------------------------------------------------------------
Finished Renaming Generated Nets : Time (s): cpu = 00:00:24 ; elapsed = 00:00:28 . Memory (MB): peak = 863.004 ; gain = 510.289
---------------------------------------------------------------------------------
---------------------------------------------------------------------------------
Start Writing Synthesis Report
---------------------------------------------------------------------------------

Report BlackBoxes: 
+-+--------------+----------+
| |BlackBox name |Instances |
+-+--------------+----------+
+-+--------------+----------+

Report Cell Usage: 
+-+-----+------+
| |Cell |Count |
+-+-----+------+
+-+-----+------+

Report Instance Areas: 
+------+---------+----------------------+------+
|      |Instance |Module                |Cells |
+------+---------+----------------------+------+
|1     |top      |                      |     0|
|2     |  inst   |matrix_processor_ctrl |     0|
+------+---------+----------------------+------+
---------------------------------------------------------------------------------
Finished Writing Synthesis Report : Time (s): cpu = 00:00:24 ; elapsed = 00:00:28 . Memory (MB): peak = 863.004 ; gain = 510.289
---------------------------------------------------------------------------------
Synthesis finished with 0 errors, 0 critical warnings and 105 warnings.
Synthesis Optimization Runtime : Time (s): cpu = 00:00:14 ; elapsed = 00:00:19 . Memory (MB): peak = 863.004 ; gain = 149.801
Synthesis Optimization Complete : Time (s): cpu = 00:00:24 ; elapsed = 00:00:28 . Memory (MB): peak = 863.004 ; gain = 510.289
INFO: [Project 1-571] Translating synthesized netlist
INFO: [Project 1-570] Preparing netlist for logic optimization
INFO: [Opt 31-138] Pushed 0 inverter(s) to 0 load pin(s).
INFO: [Project 1-111] Unisim Transformation Summary:
No Unisim elements were transformed.

INFO: [Common 17-83] Releasing license: Synthesis
59 Infos, 109 Warnings, 0 Critical Warnings and 0 Errors encountered.
synth_design completed successfully
synth_design: Time (s): cpu = 00:00:26 ; elapsed = 00:00:30 . Memory (MB): peak = 869.539 ; gain = 528.297
WARNING: [Constraints 18-5210] No constraint will be written out.
INFO: [Common 17-1381] The checkpoint 'C:/Users/ricky/Desktop/Xilinx-designtool/project/Lab6/Lab6.runs/design_1_matrix_processor_ctrl_0_0_synth_1/design_1_matrix_processor_ctrl_0_0.dcp' has been generated.
