15:40:36 INFO  : Registering command handlers for SDK TCF services
15:40:39 INFO  : Launching XSCT server: xsct.bat -interactive C:\Users\¶Â±R·ì\Documents\GitHub\FPGA_Design\Lab05\hw\E24053037\total\temp_xsdb_launch_script.tcl
15:40:50 INFO  : XSCT server has started successfully.
15:40:57 INFO  : Successfully done setting XSCT server connection channel  
15:40:57 INFO  : Successfully done setting SDK workspace  
15:40:57 INFO  : Processing command line option -hwspec C:/Users/¶Â±R·ì/Documents/GitHub/FPGA_Design/Lab05/hw/E24053037/total.
15:40:57 ERROR : Error occurred while creating hardware platform total_hw_platform_0 from sysdef
java.io.FileNotFoundException: C:\Users\¶Â±R·ì\Documents\GitHub\FPGA_Design\Lab05\hw\E24053037\total (¦s¨ú³Q©Ú¡C)
	at java.io.FileInputStream.open0(Native Method)
	at java.io.FileInputStream.open(FileInputStream.java:195)
	at java.io.FileInputStream.<init>(FileInputStream.java:138)
	at java.io.FileInputStream.<init>(FileInputStream.java:93)
	at com.xilinx.sdk.hw.internal.HwProjectCreator.createHwProjectFromZip(HwProjectCreator.java:100)
	at com.xilinx.sdk.hw.HwProjectUtil.internalCreate(HwProjectUtil.java:266)
	at com.xilinx.sdk.hw.HwProjectUtil.makeNewHardwareProject(HwProjectUtil.java:210)
	at com.xilinx.sdk.hw.HwProjectUtil.makeNewHardwareProject(HwProjectUtil.java:197)
	at com.xilinx.sdk.hw.HwProjectUtil.makeNewHardwareProject(HwProjectUtil.java:171)
	at com.xilinx.sdk.startup.InitSDK.processHwSpecArgumentTask(InitSDK.java:515)
	at com.xilinx.sdk.startup.InitSDK.access$8(InitSDK.java:497)
	at com.xilinx.sdk.startup.InitSDK$12.run(InitSDK.java:448)
	at org.eclipse.core.internal.jobs.Worker.run(Worker.java:55)
15:40:57 ERROR : Unable to create Hardware Specification Project with specification file: C:/Users/¶Â±R·ì/Documents/GitHub/FPGA_Design/Lab05/hw/E24053037/total
